number,value,datetime_start,datetime_complete,duration,params_bootstrap,params_criterion,params_feature_set,params_max_depth,params_max_features,params_min_samples_leaf,params_n_estimators,params_target_transform,user_attrs_fold_MAPE,user_attrs_fold_SD,system_attrs_fixed_params,state
0,18.867448953898798,2026-10-02 11:16:51.761694,2026-10-02 11:16:51.969914,0 days 00:00:00.208220,True,squared_error,S1,4,0.9317179195129461,8,100,log,"[18.301167656518093, 16.299491525041564, 12.488942705178179, 28.380193928857356]",5.8756433432381145,"{'feature_set': 'S1', 'target_transform': 'log'}",COMPLETE
1,12.684331539654792,2026-10-02 11:16:51.972143,2026-10-02 11:16:52.201255,0 days 00:00:00.229112,False,absolute_error,S2,4,0.6412099039825181,2,200,log,"[7.302871060557753, 13.064439697653269, 13.01566175804642, 17.354353642361733]",3.5715362679542793,"{'feature_set': 'S2', 'target_transform': 'log'}",COMPLETE
2,16.14583098375339,2026-10-02 11:16:52.203138,2026-10-02 11:16:52.426952,0 days 00:00:00.223814,False,squared_error,S3,2,0.6358575191846373,4,200,log,"[14.274162331158127, 16.529649857323285, 12.361204643243665, 21.418307103288488]",3.382782192262906,"{'feature_set': 'S3', 'target_transform': 'log'}",COMPLETE
3,17.669940807922575,2026-10-02 11:16:52.428833,2026-10-02 11:16:52.647716,0 days 00:00:00.218883,False,absolute_error,S3,10,0.9738524544299081,8,200,original,"[15.38267785169007, 16.757284054961378, 11.845362416743201, 26.69443890829565]",5.509804751039506,,COMPLETE
4,17.102276859859735,2026-10-02 11:16:52.649531,2026-10-02 11:16:52.798594,0 days 00:00:00.149063,False,absolute_error,S3,1,0.9649999689822307,2,100,log,"[13.017396714235344, 17.065458506178654, 13.353365376731801, 24.97288684229314]",4.813741793012817,,COMPLETE
5,11.998487575049541,2026-10-02 11:16:52.800394,2026-10-02 11:16:53.004806,0 days 00:00:00.204412,True,absolute_error,S2_plus_ratio,9,0.4894313137279737,1,100,log,"[7.021251041516977, 10.312556091378108, 13.916705509171775, 16.743437658131306]",3.6677431689014037,,COMPLETE
6,12.891500743124224,2026-10-02 11:16:53.006683,2026-10-02 11:16:53.230904,0 days 00:00:00.224221,False,absolute_error,S3,5,0.9379740684129658,3,200,log,"[10.644164814186933, 11.892105803438513, 11.514718547746783, 17.515013807124667]",2.7074762828810215,,COMPLETE
7,12.957233754163237,2026-10-02 11:16:53.232662,2026-10-02 11:16:53.555782,0 days 00:00:00.323120,True,squared_error,S3,5,0.5664650503706287,1,200,original,"[7.77291277205609, 13.154675170554528, 12.490450712132892, 18.410896361909433]",3.7708251552504777,,COMPLETE
8,16.668945554401578,2026-10-02 11:16:53.557685,2026-10-02 11:16:53.712474,0 days 00:00:00.154789,False,squared_error,S1,8,0.9221835948931725,6,100,log,"[16.700625983855417, 15.19819301371037, 10.937966786791549, 23.838996433248976]",4.648060453716618,,COMPLETE
9,18.47914586078462,2026-10-02 11:16:53.714136,2026-10-02 11:16:53.912468,0 days 00:00:00.198332,True,absolute_error,S2_plus_ratio,8,0.848378042362043,7,100,log,"[17.139296821001025, 16.184120155321796, 12.331509344188559, 28.261657122627103]",5.927758846444508,,COMPLETE
10,18.89264252393074,2026-10-02 11:16:53.914221,2026-10-02 11:16:54.129216,0 days 00:00:00.214995,False,absolute_error,S2,7,0.5729765328507679,8,200,original,"[16.966548807049495, 17.735063998614095, 12.749630805962589, 28.119326484096774]",5.655044538205752,,COMPLETE
11,12.375913350363923,2026-10-02 11:16:54.130956,2026-10-02 11:16:54.447270,0 days 00:00:00.316314,True,absolute_error,S4_early,4,0.4994117625706505,1,200,original,"[7.077554611711344, 14.134436939101796, 11.403504187558621, 16.888157663083934]",3.621841342921632,,COMPLETE
12,13.029259526717688,2026-10-02 11:16:54.449131,2026-10-02 11:16:54.664316,0 days 00:00:00.215185,True,absolute_error,S4_early,10,0.42163695861286105,1,100,original,"[7.602973986485861, 14.816044788865817, 12.204407113571527, 17.49361221794754]",3.6485614559824473,,COMPLETE
13,19.3913326634812,2026-10-02 11:16:54.666286,2026-10-02 11:16:54.874984,0 days 00:00:00.208698,True,absolute_error,S2_original_DQ,7,0.4168301597101392,4,100,original,"[17.268252147162478, 17.87094287869587, 13.675009225036415, 28.751126403030042]",5.636957257161497,,COMPLETE
14,12.328419132358503,2026-10-02 11:16:54.876895,2026-10-02 11:16:55.194040,0 days 00:00:00.317145,True,absolute_error,S4_early,3,0.5116168841206143,1,200,original,"[7.7216180952515465, 13.568670302352464, 11.179083697101685, 16.844304434728322]",3.334480123162299,,COMPLETE
15,19.177536102259786,2026-10-02 11:16:55.195693,2026-10-02 11:16:55.405675,0 days 00:00:00.209982,True,absolute_error,S2_plus_ratio,1,0.7359121802479321,3,100,original,"[15.49742572716851, 17.041472156480104, 15.097667942213116, 29.07357858317742]",5.759404538248797,,COMPLETE
16,13.345177744666989,2026-10-02 11:16:55.407511,2026-10-02 11:16:55.619750,0 days 00:00:00.212239,True,absolute_error,S4_early,9,0.49514423256685375,2,100,original,"[9.799995514504289, 14.733527211036396, 11.51697971416554, 17.330208538961735]",2.903386374392684,,COMPLETE
17,17.32653740976772,2026-10-02 11:16:55.621584,2026-10-02 11:16:55.949243,0 days 00:00:00.327659,True,absolute_error,S2_plus_ratio,6,0.7158158082569708,3,200,log,"[14.189857666546937, 15.228523794303307, 13.832985884557564, 26.054782293663077]",5.065263614925421,,COMPLETE
18,14.25554748274158,2026-10-02 11:16:55.950936,2026-10-02 11:16:56.161222,0 days 00:00:00.210286,True,squared_error,S2_original_DQ,3,0.49198120456418726,1,100,original,"[8.990623094887864, 13.49355867533216, 13.76109996038846, 20.776908200357834]",4.215230708812496,,COMPLETE
19,14.634128590786993,2026-10-02 11:16:56.162968,2026-10-02 11:16:56.489048,0 days 00:00:00.326080,True,absolute_error,S4_early,2,0.5622231519358954,4,200,log,"[13.313441052850031, 14.790514151843896, 10.456692306768891, 19.975866851685154]",3.4552067076928754,,COMPLETE
20,15.726288427671232,2026-10-02 11:16:56.490811,2026-10-02 11:16:56.706342,0 days 00:00:00.215531,True,absolute_error,S2_plus_ratio,6,0.4521048223524215,2,100,log,"[13.015806184302262, 12.64085762634663, 13.568664299319988, 23.679825600716043]",4.6038215827622535,,COMPLETE
21,12.328419132358503,2026-10-02 11:16:56.708249,2026-10-02 11:16:57.044853,0 days 00:00:00.336604,True,absolute_error,S4_early,3,0.5083638483007303,1,200,original,"[7.7216180952515465, 13.568670302352464, 11.179083697101685, 16.844304434728322]",3.334480123162299,,COMPLETE
22,12.328419132358503,2026-10-02 11:16:57.046659,2026-10-02 11:16:57.371058,0 days 00:00:00.324399,True,absolute_error,S4_early,3,0.5296236405170319,1,200,original,"[7.7216180952515465, 13.568670302352464, 11.179083697101685, 16.844304434728322]",3.334480123162299,,COMPLETE
23,13.393945499557269,2026-10-02 11:16:57.372801,2026-10-02 11:16:57.702163,0 days 00:00:00.329362,True,absolute_error,S4_early,2,0.6271719505930617,2,200,original,"[10.112125647475716, 14.18986963151904, 10.403275117184547, 18.870511602049774]",3.547559808386852,,COMPLETE
24,12.328419132358503,2026-10-02 11:16:57.703956,2026-10-02 11:16:58.032555,0 days 00:00:00.328599,True,absolute_error,S4_early,3,0.455082463673788,1,200,original,"[7.7216180952515465, 13.568670302352464, 11.179083697101685, 16.844304434728322]",3.334480123162299,,COMPLETE
25,15.18474891439336,2026-10-02 11:16:58.034239,2026-10-02 11:16:58.359059,0 days 00:00:00.324820,True,absolute_error,S2_plus_ratio,5,0.6846983126974302,2,200,original,"[10.441588749068115, 12.472251172842837, 13.950495822458308, 23.874659913204187]",5.169457084986041,,COMPLETE
26,13.547189042967494,2026-10-02 11:16:58.360900,2026-10-02 11:16:58.693787,0 days 00:00:00.332887,True,squared_error,S4_early,9,0.6017312972679363,3,200,original,"[10.725126987645686, 14.57408262055148, 10.399785185277171, 18.489761378395634]",3.292176977249017,,COMPLETE
27,12.27872684009925,2026-10-02 11:16:58.695609,2026-10-02 11:16:59.012030,0 days 00:00:00.316421,True,absolute_error,S2,6,0.533586488212699,1,200,original,"[6.894537498851033, 11.848961614718915, 12.599759568736275, 17.771648678090777]",3.855173321087441,,COMPLETE
28,19.33576495586115,2026-10-02 11:16:59.013830,2026-10-02 11:16:59.221172,0 days 00:00:00.207342,True,absolute_error,S2,7,0.4008912618298112,5,100,log,"[17.740699390196156, 17.945515407980164, 13.058863445754282, 28.597981579514]",5.693530919280375,,COMPLETE
29,16.65346153394643,2026-10-02 11:16:59.223074,2026-10-02 11:16:59.440790,0 days 00:00:00.217716,True,squared_error,S2,6,0.46155376369333845,2,100,log,"[14.23532699234288, 15.258095502369946, 13.913412393587016, 23.20701124748588]",3.8161270996519194,,COMPLETE
30,10.25772011635901,2026-10-02 11:16:59.442708,2026-10-02 11:16:59.771137,0 days 00:00:00.328429,True,absolute_error,S1,9,0.5493681294625354,1,200,original,"[5.227914412020364, 10.62478577931915, 7.94234162888027, 17.23583864521625]",4.4578245357848605,,COMPLETE
31,10.25772011635901,2026-10-02 11:16:59.772929,2026-10-02 11:17:00.102720,0 days 00:00:00.329791,True,absolute_error,S1,9,0.5456619020242064,1,200,original,"[5.227914412020364, 10.62478577931915, 7.94234162888027, 17.23583864521625]",4.4578245357848605,,COMPLETE
32,10.25772011635901,2026-10-02 11:17:00.104544,2026-10-02 11:17:00.433563,0 days 00:00:00.329019,True,absolute_error,S1,9,0.5496602534289197,1,200,original,"[5.227914412020364, 10.62478577931915, 7.94234162888027, 17.23583864521625]",4.4578245357848605,,COMPLETE
33,12.907220143852225,2026-10-02 11:17:00.435330,2026-10-02 11:17:00.771031,0 days 00:00:00.335701,True,absolute_error,S1,9,0.6036726800159757,2,200,original,"[12.083515072800456, 12.703648894347197, 9.342065742416263, 17.499650865844984]",2.937714976817977,,COMPLETE
34,12.907220143852225,2026-10-02 11:17:00.772824,2026-10-02 11:17:01.105748,0 days 00:00:00.332924,True,absolute_error,S1,10,0.5516997278933203,2,200,original,"[12.083515072800456, 12.703648894347197, 9.342065742416263, 17.499650865844984]",2.937714976817977,,COMPLETE
35,11.89372468456872,2026-10-02 11:17:01.107418,2026-10-02 11:17:01.341022,0 days 00:00:00.233604,False,absolute_error,S1,8,0.6694606556351397,1,200,log,"[6.619462096238168, 11.487928975685655, 8.22865629513005, 21.23885137122101]",5.6733287207964285,,COMPLETE
36,11.52802760823668,2026-10-02 11:17:01.343803,2026-10-02 11:17:01.694871,0 days 00:00:00.351068,False,absolute_error,S1,8,0.6902243293849957,2,200,original,"[7.902182022885467, 11.845118233692475, 9.749092341387195, 16.615717834981584]",3.25178816962757,,COMPLETE
37,13.762972471492777,2026-10-02 11:17:01.697001,2026-10-02 11:17:01.931438,0 days 00:00:00.234437,False,squared_error,S1,8,0.7984903144781587,3,200,original,"[13.854032002059254, 12.164830104508225, 9.445048505637615, 19.58797927376601]",3.712732231278394,,COMPLETE
38,11.52802760823668,2026-10-02 11:17:01.933156,2026-10-02 11:17:02.195867,0 days 00:00:00.262711,False,absolute_error,S1,10,0.7811122809322317,2,200,original,"[7.902182022885467, 11.845118233692475, 9.749092341387195, 16.615717834981584]",3.25178816962757,,COMPLETE
39,15.117193309396036,2026-10-02 11:17:02.197899,2026-10-02 11:17:02.431561,0 days 00:00:00.233662,False,absolute_error,S1,9,0.6601275127949001,4,200,original,"[14.983430344875396, 16.053027488633447, 9.956107002944135, 19.476208401131164]",3.410700169112137,,COMPLETE
40,13.762972471492777,2026-10-02 11:17:02.433684,2026-10-02 11:17:02.676768,0 days 00:00:00.243084,False,squared_error,S1,8,0.6203647275805443,3,200,original,"[13.854032002059254, 12.164830104508225, 9.445048505637615, 19.58797927376601]",3.712732231278394,,COMPLETE
41,11.52802760823668,2026-10-02 11:17:02.678688,2026-10-02 11:17:02.956083,0 days 00:00:00.277395,False,absolute_error,S1,10,0.7848877670078505,2,200,original,"[7.902182022885467, 11.845118233692475, 9.749092341387195, 16.615717834981584]",3.25178816962757,,COMPLETE
42,11.52802760823668,2026-10-02 11:17:02.958789,2026-10-02 11:17:03.195747,0 days 00:00:00.236958,False,absolute_error,S1,10,0.8679783932115459,2,200,original,"[7.902182022885467, 11.845118233692475, 9.749092341387195, 16.615717834981584]",3.25178816962757,,COMPLETE
43,11.815536720508867,2026-10-02 11:17:03.197415,2026-10-02 11:17:03.421419,0 days 00:00:00.224004,False,absolute_error,S1,9,0.7931863469505215,1,200,original,"[6.731323020287311, 11.498274329343602, 8.098329511050766, 20.934220021353784]",5.5434172437568625,,COMPLETE
44,11.52802760823668,2026-10-02 11:17:03.423324,2026-10-02 11:17:03.650167,0 days 00:00:00.226843,False,absolute_error,S1,10,0.7403503014957016,2,200,original,"[7.902182022885467, 11.845118233692475, 9.749092341387195, 16.615717834981584]",3.25178816962757,,COMPLETE
45,13.731930394474226,2026-10-02 11:17:03.652094,2026-10-02 11:17:03.883816,0 days 00:00:00.231722,False,absolute_error,S1,9,0.8490196861770961,3,200,original,"[14.366149794998718, 12.296596107846078, 9.66058430764419, 18.60439136740791]",3.270288735489578,,COMPLETE
46,11.543871602750803,2026-10-02 11:17:03.885538,2026-10-02 11:17:04.116639,0 days 00:00:00.231101,False,absolute_error,S1,7,0.5817510832938727,1,200,original,"[6.632880792200632, 10.718587183860247, 8.273379035540737, 20.550639399401597]",5.399465549670954,,COMPLETE
47,11.486919748743553,2026-10-02 11:17:04.118377,2026-10-02 11:17:04.350893,0 days 00:00:00.232516,False,absolute_error,S3,8,0.6989153315919545,1,200,original,"[6.271809460635036, 12.19664005660709, 12.297873958717501, 15.181355519014591]",3.240662764924092,,COMPLETE
48,11.486919748743553,2026-10-02 11:17:04.352701,2026-10-02 11:17:04.585876,0 days 00:00:00.233175,False,absolute_error,S3,8,0.6926995077603562,1,200,original,"[6.271809460635036, 12.19664005660709, 12.297873958717501, 15.181355519014591]",3.240662764924092,,COMPLETE
49,11.486919748743553,2026-10-02 11:17:04.587578,2026-10-02 11:17:04.818501,0 days 00:00:00.230923,False,absolute_error,S3,8,0.6491814826692949,1,200,original,"[6.271809460635036, 12.19664005660709, 12.297873958717501, 15.181355519014591]",3.240662764924092,,COMPLETE
50,18.52503753565271,2026-10-02 11:17:04.820418,2026-10-02 11:17:05.052870,0 days 00:00:00.232452,False,absolute_error,S3,9,0.5951080787239958,7,200,original,"[15.807711743757281, 17.15335282294052, 13.021162630044994, 28.11792294586804]",5.7354482797879225,,COMPLETE
51,11.486919748743553,2026-10-02 11:17:05.054977,2026-10-02 11:17:05.296089,0 days 00:00:00.241112,False,absolute_error,S3,8,0.6476526150673466,1,200,original,"[6.271809460635036, 12.19664005660709, 12.297873958717501, 15.181355519014591]",3.240662764924092,,COMPLETE
52,11.375719065979386,2026-10-02 11:17:05.297790,2026-10-02 11:17:05.527179,0 days 00:00:00.229389,False,absolute_error,S3,7,0.7080282395998505,1,200,original,"[6.0546932318888, 11.594602158238379, 12.549830687896165, 15.303750185894197]",3.3604014758238163,,COMPLETE
53,11.464855992470877,2026-10-02 11:17:05.528936,2026-10-02 11:17:05.792893,0 days 00:00:00.263957,False,absolute_error,S3,7,0.718526951216688,1,200,original,"[6.429693181486873, 10.570736604693353, 12.731711959835145, 16.12728222386814]",3.5176503670057846,,COMPLETE
54,11.464855992470877,2026-10-02 11:17:05.794845,2026-10-02 11:17:06.032718,0 days 00:00:00.237873,False,absolute_error,S3,7,0.7263733220545787,1,200,original,"[6.429693181486873, 10.570736604693353, 12.731711959835145, 16.12728222386814]",3.5176503670057846,,COMPLETE
55,11.464855992470877,2026-10-02 11:17:06.034786,2026-10-02 11:17:06.271212,0 days 00:00:00.236426,False,absolute_error,S3,7,0.7511233051861669,1,200,original,"[6.429693181486873, 10.570736604693353, 12.731711959835145, 16.12728222386814]",3.5176503670057846,,COMPLETE
56,12.6696124114467,2026-10-02 11:17:06.273185,2026-10-02 11:17:06.608778,0 days 00:00:00.335593,True,absolute_error,S3,7,0.7589044499801176,1,200,original,"[7.655444900606527, 13.140856390021607, 12.42219094748392, 17.459957407674747]",3.4775195642089782,,COMPLETE
57,11.642623659750466,2026-10-02 11:17:06.610719,2026-10-02 11:17:06.936865,0 days 00:00:00.326146,True,squared_error,S2_original_DQ,5,0.9929972016328938,1,200,original,"[6.724053547564354, 10.6163615474556, 11.253320065895041, 17.976759478086873]",4.047171225836121,,COMPLETE
58,12.608493604551585,2026-10-02 11:17:06.938556,2026-10-02 11:17:07.267277,0 days 00:00:00.328721,True,absolute_error,S3,6,0.7272914798353386,1,200,original,"[7.453036819905259, 13.210192551757777, 12.599681612660277, 17.171063433883027]",3.455354445644886,,COMPLETE
59,12.17063633223821,2026-10-02 11:17:07.269213,2026-10-02 11:17:07.502602,0 days 00:00:00.233389,False,absolute_error,S3,7,0.7102685709862263,2,200,original,"[6.483241444649804, 12.717651724781126, 12.092266698669732, 17.389385460852175]",3.8693400830736078,,COMPLETE
60,12.6696124114467,2026-10-02 11:17:07.504498,2026-10-02 11:17:07.836823,0 days 00:00:00.332325,True,absolute_error,S3,7,0.8250979692932181,1,200,original,"[7.655444900606527, 13.140856390021607, 12.42219094748392, 17.459957407674747]",3.4775195642089782,,COMPLETE
61,11.464855992470877,2026-10-02 11:17:07.838806,2026-10-02 11:17:08.078320,0 days 00:00:00.239514,False,absolute_error,S3,7,0.7586697853510512,1,200,original,"[6.429693181486873, 10.570736604693353, 12.731711959835145, 16.12728222386814]",3.5176503670057846,,COMPLETE
62,11.990382708330351,2026-10-02 11:17:08.080313,2026-10-02 11:17:08.315977,0 days 00:00:00.235664,False,absolute_error,S3,6,0.5463076938288438,1,200,original,"[5.927314864296409, 13.439536603895197, 13.5430910789635, 15.0515882861663]",3.558184985649191,,COMPLETE
63,10.969628793423206,2026-10-02 11:17:08.317820,2026-10-02 11:17:08.543575,0 days 00:00:00.225755,False,absolute_error,S3,7,0.9163090248399044,1,200,original,"[6.158473412409445, 10.118390748453091, 11.893689274505917, 15.707961738324371]",3.434294293552053,,COMPLETE
64,11.829107245087075,2026-10-02 11:17:08.545358,2026-10-02 11:17:08.771224,0 days 00:00:00.225866,False,absolute_error,S2_original_DQ,7,0.9325847570016225,2,200,original,"[6.078212454713139, 11.751670817276716, 12.376589347996392, 17.109956360362048]",3.913626557350886,,COMPLETE
65,12.462121905172259,2026-10-02 11:17:08.772979,2026-10-02 11:17:09.106891,0 days 00:00:00.333912,True,absolute_error,S3,6,0.89968333788888,1,200,original,"[7.313859880250033, 12.785804100695522, 12.63159040499215, 17.117233234751332]",3.475203343121151,,COMPLETE
66,12.059569533505528,2026-10-02 11:17:09.108907,2026-10-02 11:17:09.337884,0 days 00:00:00.228977,False,absolute_error,S3,5,0.46693058817583954,1,200,original,"[6.3192462293610365, 13.38016828847221, 13.180893691665506, 15.357969924523363]",3.421699348089472,,COMPLETE
67,14.721186209679775,2026-10-02 11:17:09.339823,2026-10-02 11:17:09.553488,0 days 00:00:00.213665,True,absolute_error,S3,8,0.5187702895546105,2,100,log,"[12.306240647133986, 14.738456727519427, 12.99803401176782, 18.842013452297866]",2.538834919875565,,COMPLETE
68,10.21359824004103,2026-10-02 11:17:09.555400,2026-10-02 11:17:09.795966,0 days 00:00:00.240566,False,squared_error,S2_plus_ratio,9,0.9638577270621745,1,200,original,"[5.9119936178086165, 10.117778945358161, 10.857666073841324, 13.966954323156017]",2.8729553131069263,,COMPLETE
69,11.509995032935816,2026-10-02 11:17:09.797766,2026-10-02 11:17:10.126796,0 days 00:00:00.329030,True,squared_error,S2_plus_ratio,9,0.956870121786183,1,200,original,"[6.496346210520959, 10.353669420833908, 11.396884122825632, 17.793080377562763]",4.060902577062045,,COMPLETE
70,13.442936064600735,2026-10-02 11:17:10.128574,2026-10-02 11:17:10.456526,0 days 00:00:00.327952,True,squared_error,S2_plus_ratio,9,0.8929887042972825,2,200,original,"[9.519928245582788, 11.735080852995413, 11.826296126020138, 20.6904390338046]",4.2850491173239815,,COMPLETE
71,10.21359824004103,2026-10-02 11:17:10.458514,2026-10-02 11:17:10.690867,0 days 00:00:00.232353,False,squared_error,S2_plus_ratio,9,0.9698365661558056,1,200,original,"[5.9119936178086165, 10.117778945358161, 10.857666073841324, 13.966954323156017]",2.8729553131069263,,COMPLETE
72,10.21359824004103,2026-10-02 11:17:10.692697,2026-10-02 11:17:10.923502,0 days 00:00:00.230805,False,squared_error,S2_plus_ratio,9,0.9645337546030665,1,200,original,"[5.9119936178086165, 10.117778945358161, 10.857666073841324, 13.966954323156017]",2.8729553131069263,,COMPLETE
73,10.21359824004103,2026-10-02 11:17:10.925483,2026-10-02 11:17:11.155229,0 days 00:00:00.229746,False,squared_error,S2_plus_ratio,9,0.9538621038772123,1,200,original,"[5.9119936178086165, 10.117778945358161, 10.857666073841324, 13.966954323156017]",2.8729553131069263,,COMPLETE
74,10.21359824004103,2026-10-02 11:17:11.157030,2026-10-02 11:17:11.379974,0 days 00:00:00.222944,False,squared_error,S2_plus_ratio,9,0.9519304800087348,1,200,original,"[5.9119936178086165, 10.117778945358161, 10.857666073841324, 13.966954323156017]",2.8729553131069263,,COMPLETE
75,10.211106171632558,2026-10-02 11:17:11.381859,2026-10-02 11:17:11.615720,0 days 00:00:00.233861,False,squared_error,S2_plus_ratio,10,0.977192428361649,1,200,original,"[5.926662463896723, 10.163835521051077, 10.848148931032846, 13.905777770549586]",2.8467136359454925,,COMPLETE
76,10.697570483628741,2026-10-02 11:17:11.617456,2026-10-02 11:17:11.782735,0 days 00:00:00.165279,False,squared_error,S2_plus_ratio,10,0.9530633864023569,2,100,log,"[5.273898996155371, 10.530100586726094, 10.633219941170857, 16.353062410462645]",3.9189599544138707,,COMPLETE
77,10.21359824004103,2026-10-02 11:17:11.784691,2026-10-02 11:17:12.010139,0 days 00:00:00.225448,False,squared_error,S2_plus_ratio,9,0.9891822053281846,1,200,original,"[5.9119936178086165, 10.117778945358161, 10.857666073841324, 13.966954323156017]",2.8729553131069263,,COMPLETE
