number,value,datetime_start,datetime_complete,duration,params_C,params_epsilon_log,params_epsilon_original,params_feature_set,params_gamma,params_kernel,params_target_transform,user_attrs_fold_MAPE,user_attrs_fold_SD,system_attrs_fixed_params,state
75,8.294543737166856,2026-10-02 11:16:26.845728,2026-10-02 11:16:26.881096,0 days 00:00:00.035368,67.88760895662234,0.09960924938459326,,S2_original_DQ,0.01891452163061747,rbf,log,"[6.931012846909329, 10.438039616661273, 11.070505437638376, 4.738617047458448]",2.5886468018619957,,COMPLETE
76,9.007002707631802,2026-10-02 11:16:26.882760,2026-10-02 11:16:26.918727,0 days 00:00:00.035967,59.276968010233716,0.09083768293408882,,S2_original_DQ,0.006584622629503439,rbf,log,"[9.427968037938216, 11.454836028239393, 10.748565448747874, 4.39664131560173]",2.7594189932466744,,COMPLETE
77,8.02925414036521,2026-10-02 11:16:26.920515,2026-10-02 11:16:26.956841,0 days 00:00:00.036326,22.095182970329372,0.06724236131852818,,S2_original_DQ,0.022727020699593568,rbf,log,"[6.241236150643855, 10.282777562473305, 10.796606204803867, 4.796396643539809]",2.5683156537354432,,COMPLETE
78,9.407415995281061,2026-10-02 11:16:26.958552,2026-10-02 11:16:26.994703,0 days 00:00:00.036151,76.29139025667641,0.06474891302710555,,S2_original_DQ,0.004327951683273044,rbf,log,"[10.104721518833266, 10.89980497281526, 10.993195249058921, 5.631942240416798]",2.2069411959102534,,COMPLETE
79,9.73246007065938,2026-10-02 11:16:26.996451,2026-10-02 11:16:27.033531,0 days 00:00:00.037080,22.5617078869087,0.12109113183455791,,S2_original_DQ,0.007979529644337407,rbf,log,"[10.694004592516427, 12.459870868802392, 10.240478468278132, 5.535486353040568]",2.5610548904720196,,COMPLETE
