number,value,datetime_start,datetime_complete,duration,params_bootstrap,params_criterion,params_feature_set,params_max_depth,params_max_features,params_min_samples_leaf,params_n_estimators,params_target_transform,user_attrs_fold_MAPE,user_attrs_fold_SD,system_attrs_fixed_params,state
79,12.031939897447078,2026-10-02 11:16:51.529083,2026-10-02 11:16:51.690983,0 days 00:00:00.161900,False,squared_error,S3,4,0.9467318603293725,8,100,log,"[10.753024185143307, 10.235925148805048, 9.667877471301246, 17.470932784538707]",3.1635711291618294,,COMPLETE
