number,value,datetime_start,datetime_complete,duration,params_depth,params_feature_set,params_iterations,params_l2_leaf_reg,params_learning_rate,params_loss_function,params_random_strength,params_target_transform,user_attrs_fold_MAPE,user_attrs_fold_SD,system_attrs_fixed_params,state
73,9.028767972533036,2026-10-02 11:16:32.644800,2026-10-02 11:16:32.722442,0 days 00:00:00.077642,4,S2,400,0.1461526539594025,0.13253265872780892,RMSE,0.002583582838561055,log,"[8.841498659676185, 8.521966664502381, 6.517010539766317, 12.23459602618726]",2.054152883308272,,COMPLETE
74,9.107128182232952,2026-10-02 11:16:32.724239,2026-10-02 11:16:32.800628,0 days 00:00:00.076389,4,S2,400,0.15823214835967103,0.13633437093506595,RMSE,0.026821679378520005,log,"[7.846692765271842, 8.869219870406665, 6.843931486418494, 12.868668606834802]",2.2867303872027254,,COMPLETE
75,9.242373244291153,2026-10-02 11:16:32.802396,2026-10-02 11:16:32.879424,0 days 00:00:00.077028,4,S2,400,0.16095226918071093,0.13382789658497507,RMSE,0.0028795543159638526,log,"[8.783813344277817, 8.694233124547267, 7.28698422434811, 12.204462283991417]",1.8102660350898239,,COMPLETE
76,9.680649235415153,2026-10-02 11:16:32.881257,2026-10-02 11:16:32.955820,0 days 00:00:00.074563,4,S2,400,18.861958881405503,0.15583241082561244,RMSE,0.088738859085262,log,"[7.323949759187257, 8.328329013410245, 6.858115111477617, 16.21220305758549]",3.80823767039283,,COMPLETE
77,9.368474581412354,2026-10-02 11:16:32.957457,2026-10-02 11:16:33.045013,0 days 00:00:00.087556,4,S2,500,0.18185397921954835,0.18201743356063732,RMSE,0.1929095751689833,log,"[7.54337840061487, 7.780623632908432, 7.0958501796982665, 15.05404611242785]",3.291762142431716,,COMPLETE
78,9.409499586508144,2026-10-02 11:16:33.046876,2026-10-02 11:16:33.124653,0 days 00:00:00.077777,4,S2,400,0.11084218742409993,0.14347287537442963,RMSE,0.175757294080782,original,"[7.220819991603404, 8.55960544632082, 7.430246093291856, 14.427326814816494]",2.9414568202779496,,COMPLETE
79,9.093987152897988,2026-10-02 11:16:33.126500,2026-10-02 11:16:33.191571,0 days 00:00:00.065071,4,S2,300,0.23878444877608826,0.11390542385719864,RMSE,0.006631512040455756,log,"[8.292298635618867, 8.338632412166087, 5.998639515361172, 13.74637804844582]",2.8477703254153264,,COMPLETE
