number,value,datetime_start,datetime_complete,duration,params_bootstrap,params_criterion,params_feature_set,params_max_depth,params_max_features,params_min_samples_leaf,params_n_estimators,params_target_transform,user_attrs_fold_MAPE,user_attrs_fold_SD,system_attrs_fixed_params,state
0,13.45080258597568,2026-10-02 11:16:33.231039,2026-10-02 11:16:33.528017,0 days 00:00:00.296978,True,squared_error,S1,9,0.4817465621560282,8,200,log,"[12.640217857489422, 12.10643295259467, 7.204120155520948, 21.85243937829768]",5.293224902889134,"{'feature_set': 'S1', 'target_transform': 'log'}",COMPLETE
1,14.475301407986592,2026-10-02 11:16:33.530148,2026-10-02 11:16:33.681583,0 days 00:00:00.151435,False,squared_error,S2,7,0.5008554505863201,7,100,log,"[12.748668817548946, 12.160168206386816, 11.513415645874174, 21.478952962136432]",4.06709368601403,"{'feature_set': 'S2', 'target_transform': 'log'}",COMPLETE
2,11.456508549283754,2026-10-02 11:16:33.683659,2026-10-02 11:16:33.884588,0 days 00:00:00.200929,True,absolute_error,S3,7,0.7629565409254362,2,100,log,"[9.312246422781083, 10.47379947846755, 9.487591780839203, 16.552396515047178]",2.975243039891566,"{'feature_set': 'S3', 'target_transform': 'log'}",COMPLETE
3,10.86810127933424,2026-10-02 11:16:33.886365,2026-10-02 11:16:34.042450,0 days 00:00:00.156085,False,squared_error,S2_plus_ratio,7,0.8152729425255372,5,100,log,"[11.31221133403414, 10.506483845896716, 8.619893619763591, 13.033816317642513]",1.5868806048785011,,COMPLETE
4,15.645287925433845,2026-10-02 11:16:34.044334,2026-10-02 11:16:34.266290,0 days 00:00:00.221956,False,absolute_error,S2,10,0.4050133494239951,5,200,log,"[14.822458762217005, 12.312547850925377, 11.357937585127797, 24.0882075034652]",5.036081516856691,,COMPLETE
5,12.66779916721077,2026-10-02 11:16:34.268426,2026-10-02 11:16:34.494944,0 days 00:00:00.226518,False,squared_error,S2,2,0.5523229324564072,4,200,log,"[12.026854463865085, 11.745145407931098, 8.878066599765697, 18.0211301972812]",3.327248342193912,,COMPLETE
6,13.301642208370716,2026-10-02 11:16:34.496583,2026-10-02 11:16:34.647451,0 days 00:00:00.150868,False,squared_error,S3,7,0.7677230907344486,6,100,original,"[11.348386408462435, 14.0133211368356, 10.424371860200399, 17.42048942798443]",2.718698318684698,,COMPLETE
7,13.701873667555867,2026-10-02 11:16:34.649176,2026-10-02 11:16:34.843734,0 days 00:00:00.194558,True,squared_error,S4_early,4,0.8396225650267776,7,100,original,"[12.004432036638974, 14.56503028624813, 9.013994854807542, 19.224037492528822]",3.7448914707777794,,COMPLETE
8,8.823480503775752,2026-10-02 11:16:34.845496,2026-10-02 11:16:35.000075,0 days 00:00:00.154579,False,squared_error,S2_original_DQ,4,0.7897742572732392,1,100,original,"[6.8015677389106575, 7.982954202837581, 8.072008759531005, 12.437391313823767]",2.1459075479079566,,COMPLETE
9,15.332043307883389,2026-10-02 11:16:35.001750,2026-10-02 11:16:35.209774,0 days 00:00:00.208024,True,squared_error,S3,2,0.807421529026458,8,100,log,"[13.146174885827463, 15.464436278743756, 10.315134874480462, 22.402427192481877]",4.470884900162772,,COMPLETE
10,12.471081410698428,2026-10-02 11:16:35.211705,2026-10-02 11:16:35.429310,0 days 00:00:00.217605,False,absolute_error,S3,8,0.8786019546146338,8,200,original,"[11.174039756742598, 9.28190664302849, 12.498535085023292, 16.929844157999334]",2.816667875868192,,COMPLETE
11,10.731390469503504,2026-10-02 11:16:35.430896,2026-10-02 11:16:35.647899,0 days 00:00:00.217003,False,squared_error,S1,7,0.8455279452817783,3,200,original,"[8.100957204644867, 9.472200915136483, 8.909658916332646, 16.44274484190002]",3.333279620494393,,COMPLETE
12,8.821717235673464,2026-10-02 11:16:35.649464,2026-10-02 11:16:35.876901,0 days 00:00:00.227437,False,squared_error,S2_original_DQ,4,0.9753690532395278,1,200,original,"[6.84508500013456, 8.033267218201177, 8.066991478260183, 12.341525246097937]",2.09089620879271,,COMPLETE
13,8.821717235673464,2026-10-02 11:16:35.878726,2026-10-02 11:16:36.111473,0 days 00:00:00.232747,False,squared_error,S2_original_DQ,4,0.980642550058082,1,200,original,"[6.84508500013456, 8.033267218201177, 8.066991478260183, 12.341525246097937]",2.09089620879271,,COMPLETE
14,10.054315445573904,2026-10-02 11:16:36.113310,2026-10-02 11:16:36.337607,0 days 00:00:00.224297,False,absolute_error,S2_original_DQ,4,0.9865882670714172,1,200,original,"[6.3611723484353195, 7.7835982752910375, 7.427543834089711, 18.644947324479546]",4.987342668724723,,COMPLETE
15,9.030230201888905,2026-10-02 11:16:36.339262,2026-10-02 11:16:36.564699,0 days 00:00:00.225437,False,squared_error,S2_original_DQ,5,0.9891281200774656,2,200,original,"[7.799980446358674, 8.318207377036652, 7.110167552503402, 12.892565431656896]",2.27072482749259,,COMPLETE
16,15.605939161979943,2026-10-02 11:16:36.566487,2026-10-02 11:16:36.796668,0 days 00:00:00.230181,False,squared_error,S2_original_DQ,1,0.9189059305943494,2,200,original,"[10.464555034594369, 12.180408210286162, 13.443206640317795, 26.33558676272145]",6.284322609531944,,COMPLETE
17,9.729823742435094,2026-10-02 11:16:36.798487,2026-10-02 11:16:37.031819,0 days 00:00:00.233332,False,squared_error,S2_original_DQ,5,0.6692937425784629,1,200,original,"[7.060336943611234, 8.301975112958052, 9.95704350739842, 13.599939405772666]",2.459386892448763,,COMPLETE
18,11.227855293217642,2026-10-02 11:16:37.033608,2026-10-02 11:16:37.361875,0 days 00:00:00.328267,True,absolute_error,S4_early,3,0.9276088122747812,3,200,original,"[9.490376792022444, 10.971118756491647, 9.17014985779139, 15.27977576656509]",2.436029370344317,,COMPLETE
19,10.239845877957421,2026-10-02 11:16:37.363671,2026-10-02 11:16:37.595942,0 days 00:00:00.232271,False,squared_error,S2_plus_ratio,5,0.9323556978056977,3,200,original,"[10.8085451464591, 8.485674234523655, 8.717991616491613, 12.947172514355323]",1.8059758388411984,,COMPLETE
20,9.853014458154655,2026-10-02 11:16:37.597537,2026-10-02 11:16:37.817834,0 days 00:00:00.220297,False,squared_error,S2_original_DQ,3,0.6796020193863926,1,200,original,"[6.505052544907272, 9.346881018851061, 9.201787760271767, 14.35833650858852]",2.8366812925096743,,COMPLETE
21,9.37534981364013,2026-10-02 11:16:37.819466,2026-10-02 11:16:37.978065,0 days 00:00:00.158599,False,squared_error,S2_original_DQ,4,0.6866408694138453,1,100,original,"[6.7005590073865475, 8.12529390407151, 9.708265657056971, 12.967280686045491]",2.330769507330294,,COMPLETE
22,9.081129021405562,2026-10-02 11:16:37.979810,2026-10-02 11:16:38.164337,0 days 00:00:00.184527,False,squared_error,S2_original_DQ,3,0.9972397818733796,2,100,original,"[6.7608092202717724, 8.8519821748404, 7.600866003360171, 13.110858687149907]",2.4426569570038477,,COMPLETE
23,9.698977141046516,2026-10-02 11:16:38.166227,2026-10-02 11:16:38.352833,0 days 00:00:00.186606,False,squared_error,S2_original_DQ,6,0.8998918989220973,1,100,original,"[7.359961833290845, 9.986345014274853, 8.826524960279572, 12.623076756340796]",1.9277645261006517,,COMPLETE
24,9.678481465637596,2026-10-02 11:16:38.354784,2026-10-02 11:16:38.586648,0 days 00:00:00.231864,False,squared_error,S2_original_DQ,5,0.7341333330084813,2,200,original,"[6.586563416788617, 8.277418742833595, 9.490722164817544, 14.359221538110628]",2.8925557537897313,,COMPLETE
25,9.995055597304535,2026-10-02 11:16:38.588561,2026-10-02 11:16:38.817933,0 days 00:00:00.229372,False,squared_error,S2_original_DQ,2,0.9497309920479848,1,200,original,"[6.41239479367228, 8.564181154287956, 8.616792827536097, 16.386853613721815]",3.7959699106673175,,COMPLETE
26,13.5781224364839,2026-10-02 11:16:38.819694,2026-10-02 11:16:39.026209,0 days 00:00:00.206515,True,absolute_error,S2_original_DQ,4,0.6108659122953229,3,100,original,"[10.483956571377512, 12.69202817743295, 10.730184281314388, 20.40632071581075]",4.03404477274934,,COMPLETE
27,10.532797779144929,2026-10-02 11:16:39.028039,2026-10-02 11:16:39.257091,0 days 00:00:00.229052,False,squared_error,S4_early,6,0.9569046593800833,2,200,original,"[8.97227476397516, 11.523431871304911, 9.921282882412404, 11.71420159888724]",1.1386673613979297,,COMPLETE
28,11.622941143041507,2026-10-02 11:16:39.258909,2026-10-02 11:16:39.422109,0 days 00:00:00.163200,False,squared_error,S1,3,0.8935925909316892,1,100,original,"[7.620206400431319, 11.713574992693754, 6.832662405353545, 20.32532077368741]",5.3550976073043595,,COMPLETE
29,14.527165674690327,2026-10-02 11:16:39.423926,2026-10-02 11:16:39.768333,0 days 00:00:00.344407,True,squared_error,S1,1,0.8702825514333772,4,200,original,"[11.964871143944235, 13.163673535255233, 9.521997809261128, 23.45812021030071]",5.320670031933417,,COMPLETE
30,9.359486023408088,2026-10-02 11:16:39.771159,2026-10-02 11:16:40.021117,0 days 00:00:00.249958,False,squared_error,S2_plus_ratio,6,0.612796896680352,2,200,original,"[6.7331243523963735, 8.301405846732795, 8.208665187864879, 14.194748706638311]",2.860133873553464,,COMPLETE
31,9.030230201888905,2026-10-02 11:16:40.022833,2026-10-02 11:16:40.257736,0 days 00:00:00.234903,False,squared_error,S2_original_DQ,5,0.974815947491543,2,200,original,"[7.799980446358674, 8.318207377036652, 7.110167552503402, 12.892565431656896]",2.27072482749259,,COMPLETE
32,8.821717235673464,2026-10-02 11:16:40.259517,2026-10-02 11:16:40.485562,0 days 00:00:00.226045,False,squared_error,S2_original_DQ,4,0.9919109431600753,1,200,original,"[6.84508500013456, 8.033267218201177, 8.066991478260183, 12.341525246097937]",2.09089620879271,,COMPLETE
33,8.821717235673464,2026-10-02 11:16:40.487462,2026-10-02 11:16:40.732364,0 days 00:00:00.244902,False,squared_error,S2_original_DQ,4,0.9519064970840774,1,200,original,"[6.84508500013456, 8.033267218201177, 8.066991478260183, 12.341525246097937]",2.09089620879271,,COMPLETE
34,9.729041503767835,2026-10-02 11:16:40.734304,2026-10-02 11:16:40.984399,0 days 00:00:00.250095,False,squared_error,S2_original_DQ,3,0.947534481939355,1,200,log,"[6.87269554338744, 9.357568844571798, 7.67124361304942, 15.014658014062682]",3.180761631860293,,COMPLETE
35,8.367824574873135,2026-10-02 11:16:40.986459,2026-10-02 11:16:41.214510,0 days 00:00:00.228051,False,squared_error,S2,4,0.9111299702443628,1,200,log,"[6.883562107850919, 8.123725539484298, 7.141021504046153, 11.322989148111168]",1.7678138221826607,,COMPLETE
36,9.135528768573675,2026-10-02 11:16:41.216125,2026-10-02 11:16:41.447991,0 days 00:00:00.231866,False,absolute_error,S2,2,0.8561541878768456,2,200,log,"[6.39992655444646, 8.661371125063729, 7.728772077762872, 13.752045317021633]",2.78386127411512,,COMPLETE
37,9.297461116112324,2026-10-02 11:16:41.449652,2026-10-02 11:16:41.785589,0 days 00:00:00.335937,True,squared_error,S2,10,0.901257611247308,1,200,log,"[7.228957548452862, 7.35681854952628, 7.799996412576056, 14.804071953894098]",3.186297382455781,,COMPLETE
38,9.082357061954717,2026-10-02 11:16:41.787327,2026-10-02 11:16:42.019051,0 days 00:00:00.231724,False,squared_error,S2,6,0.9976635438246475,3,200,log,"[8.621672120047862, 8.0871577420388, 7.442092214136725, 12.17850617159548]",1.8357056124401794,,COMPLETE
39,11.71865120478826,2026-10-02 11:16:42.020821,2026-10-02 11:16:42.245956,0 days 00:00:00.225135,False,squared_error,S2,5,0.4620523261540565,2,200,log,"[6.9285609506408, 11.66971824214588, 12.171593463065525, 16.104732163300838]",3.255388684230785,,COMPLETE
40,9.619727413360604,2026-10-02 11:16:42.247631,2026-10-02 11:16:42.473083,0 days 00:00:00.225452,False,absolute_error,S2,4,0.8221849112934613,4,200,log,"[10.064453334901852, 7.783411135469924, 8.007159037119722, 12.623886145950916]",1.949050094045031,,COMPLETE
41,8.480246628819458,2026-10-02 11:16:42.474860,2026-10-02 11:16:42.711001,0 days 00:00:00.236141,False,squared_error,S2_plus_ratio,4,0.9563159692433063,1,200,log,"[7.217774441460283, 7.950762334819686, 8.43112117546469, 10.321328563533172]",1.1474085630175939,,COMPLETE
42,9.364013104483753,2026-10-02 11:16:42.712757,2026-10-02 11:16:42.937527,0 days 00:00:00.224770,False,squared_error,S2_plus_ratio,3,0.9617690310756747,1,200,log,"[6.828976412516032, 9.578773202358965, 9.0312414097218, 12.01706139333822]",1.8453952932292297,,COMPLETE
43,8.480246628819458,2026-10-02 11:16:42.939148,2026-10-02 11:16:43.173101,0 days 00:00:00.233953,False,squared_error,S2_plus_ratio,4,0.920705847238658,1,200,log,"[7.217774441460283, 7.950762334819686, 8.43112117546469, 10.321328563533172]",1.1474085630175939,,COMPLETE
44,9.37578095298374,2026-10-02 11:16:43.174933,2026-10-02 11:16:43.403721,0 days 00:00:00.228788,False,squared_error,S2_plus_ratio,2,0.9159141172328579,2,200,log,"[6.395993801356092, 8.755005015562828, 8.692009051889455, 13.660115943126582]",2.649885117980324,,COMPLETE
45,8.824794478262449,2026-10-02 11:16:43.405576,2026-10-02 11:16:43.643052,0 days 00:00:00.237476,False,squared_error,S2_plus_ratio,5,0.8792629282528424,1,200,log,"[7.819743157883945, 10.192982782804068, 7.637103275580777, 9.649348696781004]",1.1149627174801884,,COMPLETE
46,9.282599949706144,2026-10-02 11:16:43.645115,2026-10-02 11:16:43.977738,0 days 00:00:00.332623,True,squared_error,S2_plus_ratio,9,0.836639511078709,1,200,log,"[6.875374261628256, 7.576472696291655, 7.2803027973066285, 15.398250043598036]",3.539631890310518,,COMPLETE
47,9.362978472706,2026-10-02 11:16:43.979592,2026-10-02 11:16:44.220522,0 days 00:00:00.240930,False,squared_error,S2_plus_ratio,4,0.9260338953784862,2,200,log,"[7.097291022334034, 8.233284067353052, 8.491616208890061, 13.629722592246853]",2.518626939857194,,COMPLETE
48,12.683425478798398,2026-10-02 11:16:44.222239,2026-10-02 11:16:44.450700,0 days 00:00:00.228461,False,squared_error,S3,3,0.8659812792230036,7,200,log,"[10.609782934267493, 13.88020574911736, 9.896700931282874, 16.34701230052587]",2.5942233193180444,,COMPLETE
49,10.93967815510199,2026-10-02 11:16:44.452518,2026-10-02 11:16:44.685790,0 days 00:00:00.233272,False,absolute_error,S2_plus_ratio,4,0.9745419242865999,1,200,log,"[6.555940985543073, 8.526267121457295, 12.319111984868288, 16.357392528539304]",3.7515387213763156,,COMPLETE
50,9.666608823018471,2026-10-02 11:16:44.687523,2026-10-02 11:16:44.919586,0 days 00:00:00.232063,False,squared_error,S2_plus_ratio,5,0.7895791382272911,3,200,log,"[8.615021058093241, 8.431034767902412, 7.923828734661634, 13.6965507314166]",2.3404163248476224,,COMPLETE
51,10.291721812859276,2026-10-02 11:16:44.921425,2026-10-02 11:16:45.150580,0 days 00:00:00.229155,False,squared_error,S3,4,0.9376167504477985,1,200,log,"[7.011279910390603, 8.655884317015442, 11.87215542105959, 13.62756760297147]",2.601100772443237,,COMPLETE
52,11.367166064813091,2026-10-02 11:16:45.152302,2026-10-02 11:16:45.381963,0 days 00:00:00.229661,False,squared_error,S4_early,4,0.9769036529354843,1,200,log,"[6.848113830410658, 9.932132174381207, 12.54649157630418, 16.141926678156317]",3.4157833267324342,,COMPLETE
53,8.727377153383078,2026-10-02 11:16:45.383716,2026-10-02 11:16:45.622829,0 days 00:00:00.239113,False,squared_error,S2,3,0.908014439003182,2,200,log,"[6.838389041090255, 9.39470032957923, 7.100642384402859, 11.575776858459964]",1.9217988447261682,,COMPLETE
54,8.727377153383078,2026-10-02 11:16:45.624631,2026-10-02 11:16:45.855358,0 days 00:00:00.230727,False,squared_error,S2,3,0.9090613382523564,2,200,log,"[6.838389041090255, 9.39470032957923, 7.100642384402859, 11.575776858459964]",1.9217988447261682,,COMPLETE
55,8.727377153383078,2026-10-02 11:16:45.857180,2026-10-02 11:16:46.093696,0 days 00:00:00.236516,False,squared_error,S2,3,0.9004188245088499,2,200,log,"[6.838389041090255, 9.39470032957923, 7.100642384402859, 11.575776858459964]",1.9217988447261682,,COMPLETE
56,10.194803350920157,2026-10-02 11:16:46.095443,2026-10-02 11:16:46.325064,0 days 00:00:00.229621,False,squared_error,S2,2,0.886824495083883,3,200,log,"[10.359530241899845, 8.289538553906613, 8.044823502214264, 14.085321105659904]",2.419489132293092,,COMPLETE
57,9.539757816314248,2026-10-02 11:16:46.326916,2026-10-02 11:16:46.652775,0 days 00:00:00.325859,True,squared_error,S2,3,0.9107677135874821,2,200,log,"[8.657187497620633, 8.056501536351837, 7.7806757040415775, 13.664666527242941]",2.402510213854458,,COMPLETE
58,9.163885499785216,2026-10-02 11:16:46.654623,2026-10-02 11:16:46.886870,0 days 00:00:00.232247,False,squared_error,S2,2,0.8408827924234821,2,200,log,"[6.477451291469954, 8.521775745515479, 7.5205890663903086, 14.13572589576512]",2.960103620789347,,COMPLETE
59,8.727377153383078,2026-10-02 11:16:46.888656,2026-10-02 11:16:47.122069,0 days 00:00:00.233413,False,squared_error,S2,3,0.8146251476113457,2,200,log,"[6.838389041090255, 9.39470032957923, 7.100642384402859, 11.575776858459964]",1.9217988447261682,,COMPLETE
60,9.932001567129305,2026-10-02 11:16:47.123802,2026-10-02 11:16:47.285470,0 days 00:00:00.161668,False,absolute_error,S2,3,0.861054213039278,3,100,log,"[9.975729268721695, 9.577358112773963, 8.16385429296278, 12.011064594058777]",1.3762750401619666,,COMPLETE
61,8.727377153383078,2026-10-02 11:16:47.287246,2026-10-02 11:16:47.515874,0 days 00:00:00.228628,False,squared_error,S2,3,0.8066164134323404,2,200,log,"[6.838389041090255, 9.39470032957923, 7.100642384402859, 11.575776858459964]",1.9217988447261682,,COMPLETE
62,9.786691042311606,2026-10-02 11:16:47.517571,2026-10-02 11:16:47.744815,0 days 00:00:00.227244,False,squared_error,S2,2,0.7493627820040915,2,200,log,"[5.773650574695474, 8.44419985904408, 9.038481820611475, 15.890431914895395]",3.7323667441371153,,COMPLETE
63,8.727377153383078,2026-10-02 11:16:47.746723,2026-10-02 11:16:47.977353,0 days 00:00:00.230630,False,squared_error,S2,3,0.7837830084866944,2,200,log,"[6.838389041090255, 9.39470032957923, 7.100642384402859, 11.575776858459964]",1.9217988447261682,,COMPLETE
64,9.48840223939607,2026-10-02 11:16:47.979296,2026-10-02 11:16:48.223823,0 days 00:00:00.244527,False,squared_error,S2,3,0.8201878493323083,3,200,log,"[8.96660308692962, 9.247834514154443, 7.868931685653269, 11.870239670846944]",1.468501073394496,,COMPLETE
65,13.726973885191684,2026-10-02 11:16:48.225539,2026-10-02 11:16:48.450988,0 days 00:00:00.225449,False,squared_error,S2,1,0.8923256000389103,2,200,log,"[11.132510655255839, 11.732572712165377, 7.599798399181543, 24.44301377416398]",6.3852303370525885,,COMPLETE
66,9.163885499785216,2026-10-02 11:16:48.452800,2026-10-02 11:16:48.677726,0 days 00:00:00.224926,False,squared_error,S2,2,0.9266449523627229,2,200,log,"[6.477451291469954, 8.521775745515479, 7.5205890663903086, 14.13572589576512]",2.960103620789347,,COMPLETE
67,10.725086486754597,2026-10-02 11:16:48.679459,2026-10-02 11:16:48.912303,0 days 00:00:00.232844,False,squared_error,S1,4,0.9084644623718249,5,200,log,"[11.939990922639728, 10.362145879047088, 7.7774824336431205, 12.82072671168845]",1.9162330416298845,,COMPLETE
68,10.753787875474167,2026-10-02 11:16:48.914042,2026-10-02 11:16:49.112942,0 days 00:00:00.198900,False,squared_error,S2,3,0.716184601469094,3,100,log,"[10.237662371400615, 8.55927265821268, 8.779430655333991, 15.43878581694938]",2.780718194958545,,COMPLETE
69,9.469242625956596,2026-10-02 11:16:49.115090,2026-10-02 11:16:49.438526,0 days 00:00:00.323436,True,squared_error,S2,4,0.8805691814357713,2,200,log,"[8.407425699941463, 7.744504031575787, 7.56096441507851, 14.164076357230629]",2.7287894705225724,,COMPLETE
70,10.136740186614224,2026-10-02 11:16:49.440355,2026-10-02 11:16:49.662487,0 days 00:00:00.222132,False,squared_error,S4_early,2,0.8498948351720291,1,200,log,"[7.95412556878943, 9.757404601202612, 8.828759000025531, 14.006671576439325]",2.3235148914266532,,COMPLETE
71,8.727377153383078,2026-10-02 11:16:49.664269,2026-10-02 11:16:49.895803,0 days 00:00:00.231534,False,squared_error,S2,3,0.7704530970677324,2,200,log,"[6.838389041090255, 9.39470032957923, 7.100642384402859, 11.575776858459964]",1.9217988447261682,,COMPLETE
72,8.727377153383078,2026-10-02 11:16:49.897613,2026-10-02 11:16:50.128253,0 days 00:00:00.230640,False,squared_error,S2,3,0.8045900092243616,2,200,log,"[6.838389041090255, 9.39470032957923, 7.100642384402859, 11.575776858459964]",1.9217988447261682,,COMPLETE
73,9.037861207204317,2026-10-02 11:16:50.130089,2026-10-02 11:16:50.360090,0 days 00:00:00.230001,False,squared_error,S2,3,0.9359245820848408,1,200,log,"[6.861810113970318, 9.557676858977732, 7.631599167316991, 12.100358688552227]",2.0224904462248925,,COMPLETE
74,9.116628071056974,2026-10-02 11:16:50.361867,2026-10-02 11:16:50.583129,0 days 00:00:00.221262,False,squared_error,S2,4,0.8343351108740018,3,200,log,"[8.64829904065295, 8.136415883929306, 7.6179926995565, 12.063804660089145]",1.7401081745228117,,COMPLETE
75,8.629475665280037,2026-10-02 11:16:50.585006,2026-10-02 11:16:50.817541,0 days 00:00:00.232535,False,squared_error,S2,4,0.8107181884942124,2,200,log,"[7.279238230340157, 8.3218143605454, 7.283790267906879, 11.633059802327708]",1.785369952290827,,COMPLETE
76,9.324000344007857,2026-10-02 11:16:50.819556,2026-10-02 11:16:51.067428,0 days 00:00:00.247872,False,squared_error,S2_plus_ratio,5,0.9598473112960483,2,200,log,"[7.5010109349000915, 8.677679282939788, 8.00491560853819, 13.112395549653355]",2.2267096843328114,,COMPLETE
77,10.496451803012627,2026-10-02 11:16:51.069513,2026-10-02 11:16:51.301424,0 days 00:00:00.231911,False,squared_error,S1,4,0.9057255353294579,4,200,log,"[9.250120434467746, 11.015382624923333, 7.546944701521922, 14.17335945113751]",2.451625637853954,,COMPLETE
78,10.850491521746534,2026-10-02 11:16:51.303149,2026-10-02 11:16:51.527308,0 days 00:00:00.224159,False,absolute_error,S2,5,0.877876460846928,1,200,log,"[6.348899222639974, 8.777744295384174, 12.186909953201441, 16.088412615760543]",3.6668258038396657,,COMPLETE
