number,value,datetime_start,datetime_complete,duration,params_C,params_epsilon_log,params_epsilon_original,params_feature_set,params_gamma,params_kernel,params_target_transform,user_attrs_fold_MAPE,user_attrs_fold_SD,system_attrs_fixed_params,state
0,9.204062757837226,2026-10-02 11:16:24.192729,2026-10-02 11:16:24.222118,0 days 00:00:00.029389,1.0,0.05,,S1,0.1,rbf,log,"[6.791245398985084, 9.705855570883791, 9.361040230743967, 10.958109830736062]",1.5144971686461295,"{'feature_set': 'S1', 'target_transform': 'log', 'kernel': 'rbf', 'C': 1.0, 'gamma': 0.1, 'epsilon_log': 0.05}",COMPLETE
1,11.152737530159449,2026-10-02 11:16:24.224190,2026-10-02 11:16:24.251171,0 days 00:00:00.026981,1.0,0.05,,S2,0.1,rbf,log,"[8.069560401840226, 11.87948060630432, 11.515444276230038, 13.146464836263208]",1.8802022137302243,"{'feature_set': 'S2', 'target_transform': 'log', 'kernel': 'rbf', 'C': 1.0, 'gamma': 0.1, 'epsilon_log': 0.05}",COMPLETE
2,13.442022887309186,2026-10-02 11:16:24.253642,2026-10-02 11:16:24.315552,0 days 00:00:00.061910,1.0,0.05,,S3,0.1,rbf,log,"[9.636459708154375, 13.44875422341459, 11.641371745919768, 19.041505871748004]",3.5028171036835305,"{'feature_set': 'S3', 'target_transform': 'log', 'kernel': 'rbf', 'C': 1.0, 'gamma': 0.1, 'epsilon_log': 0.05}",COMPLETE
3,11.857171867433994,2026-10-02 11:16:24.317500,2026-10-02 11:16:24.347443,0 days 00:00:00.029943,3463.9567327746245,,5.4907799622192375,S2_plus_ratio,0.003882656099237326,linear,original,"[11.669647224336849, 12.710403282512035, 11.378790622374073, 11.669846340513015]",0.5067318837674639,,COMPLETE
4,20.3111658489305,2026-10-02 11:16:24.349209,2026-10-02 11:16:24.375674,0 days 00:00:00.026465,5748.959831588453,,53.88210707618356,S4_early,7.556878655406412,rbf,original,"[18.637631961484878, 17.45358449019832, 12.961607670220824, 32.191839273817976]",7.178664453525954,,COMPLETE
5,11.707709673311717,2026-10-02 11:16:24.377482,2026-10-02 11:16:24.404572,0 days 00:00:00.027090,94.85279277601556,,17.55654750117895,S2,0.0023849295369906824,linear,original,"[10.459360575560927, 12.414392695919965, 11.050583018722818, 12.906502403043158]",0.9907946070359508,,COMPLETE
6,19.511258560597348,2026-10-02 11:16:24.406441,2026-10-02 11:16:24.434665,0 days 00:00:00.028224,0.013829238793869844,0.02673004838726436,,S4_early,2.0875855178217373,rbf,log,"[18.75128431029616, 17.929294778733883, 13.037145388169936, 28.32730976518942]",5.538886857474976,,COMPLETE
7,12.677505132197119,2026-10-02 11:16:24.436356,2026-10-02 11:16:24.476045,0 days 00:00:00.039689,43.22727205751048,0.06065829781865309,,S2_plus_ratio,2.307224512871479,linear,log,"[16.60903737297895, 12.175289447785202, 10.977688816114602, 10.948004891909727]",2.3232365862924302,,COMPLETE
8,13.009747579414693,2026-10-02 11:16:24.477750,2026-10-02 11:16:24.502660,0 days 00:00:00.024910,65.62547028300513,,3.355618601421237,S1,0.10154583292745502,rbf,original,"[11.990583949117736, 12.108709912795923, 9.527443925840426, 18.412252529904688]",3.284968107065556,,COMPLETE
9,12.503608359249235,2026-10-02 11:16:24.504446,2026-10-02 11:16:24.535669,0 days 00:00:00.031223,39.39181475223105,0.030527489998107924,,S1,0.41063130768822786,linear,log,"[18.379378828372904, 8.694504231364263, 11.328809929731099, 11.611740447528671]",3.5780418033070545,,COMPLETE
10,13.803230123493798,2026-10-02 11:16:24.537238,2026-10-02 11:16:24.565428,0 days 00:00:00.028190,5.237278762293149,0.00794900916205115,,S2,0.008182881244764835,linear,log,"[14.437644622101287, 13.806232306222535, 11.731576716300927, 15.237466849350437]",1.2991606515818523,,COMPLETE
11,19.47902085107215,2026-10-02 11:16:24.567197,2026-10-02 11:16:24.593873,0 days 00:00:00.026676,52.318175541898164,0.1082426701911937,,S2_plus_ratio,4.23202270836509,rbf,log,"[18.549636080225763, 16.653612849598556, 13.000328529254615, 29.71250594520967]",6.235871186125169,,COMPLETE
12,13.39632424395513,2026-10-02 11:16:24.595538,2026-10-02 11:16:24.627576,0 days 00:00:00.032038,0.2663162882438962,0.0015801605358603285,,S2_original_DQ,0.02616029965767887,rbf,log,"[7.747207954713546, 14.260739496269808, 13.270337458756282, 18.30701206608088]",3.7679721381078353,,COMPLETE
13,13.292164033741352,2026-10-02 11:16:24.629188,2026-10-02 11:16:24.662117,0 days 00:00:00.032929,0.28708863106737886,0.012858341249057102,,S2,0.21532744538124818,rbf,log,"[9.059086116428123, 11.208225167960277, 12.156890253456549, 20.74445459712046]",4.4465500966364155,,COMPLETE
14,8.873235896707197,2026-10-02 11:16:24.663691,2026-10-02 11:16:24.694866,0 days 00:00:00.031175,1.5110911228389554,0.13897933254581188,,S1,0.03548556563596919,rbf,log,"[5.946894632641325, 9.708876498214298, 8.797154355307745, 11.04001810066542]",1.868321568212601,,COMPLETE
15,18.50064108538806,2026-10-02 11:16:24.696549,2026-10-02 11:16:24.728125,0 days 00:00:00.031576,0.04664700872600714,0.19735949815334988,,S1,0.016637348296477467,rbf,log,"[18.800261147014684, 16.27743610571174, 12.505970392495941, 26.41889669632988]",5.090856047842496,,COMPLETE
16,13.177761822184173,2026-10-02 11:16:24.729691,2026-10-02 11:16:24.760905,0 days 00:00:00.031214,4.042485724065611,0.19192120307518956,,S1,0.6364747329993264,rbf,log,"[13.736450888476808, 11.331607669960123, 9.583426117419291, 18.05956261288047]",3.1808664992875637,,COMPLETE
17,8.676098335596187,2026-10-02 11:16:24.762623,2026-10-02 11:16:24.793742,0 days 00:00:00.031119,4.009554249750906,0.007866970430220577,,S1,0.028870354012660082,rbf,log,"[8.281636810473461, 9.353476341153701, 10.110231737110057, 6.959048453647523]",1.1852678777024297,,COMPLETE
18,19.74025618128516,2026-10-02 11:16:24.795478,2026-10-02 11:16:24.825626,0 days 00:00:00.030148,12.769985175600011,,1.2630896226367045,S2_original_DQ,0.0011244788656795297,rbf,original,"[18.696417948002836, 18.624874321424354, 13.0379290939506, 28.601803361762855]",5.607626096843905,,COMPLETE
19,12.992222355502832,2026-10-02 11:16:24.827074,2026-10-02 11:16:24.858554,0 days 00:00:00.031480,3.782432507492849,0.0017999192193038404,,S3,0.030349012117717518,rbf,log,"[10.190301662138049, 13.026548228608087, 12.792495819249075, 15.959543712016117]",2.043087403880093,,COMPLETE
20,12.598404883927774,2026-10-02 11:16:24.860103,2026-10-02 11:16:24.891279,0 days 00:00:00.031176,0.2700426823672403,0.003978055051687311,,S1,0.011218744867774048,rbf,log,"[7.128315516890073, 14.103039878571277, 10.819214874036645, 18.3430492662131]",4.133771290259765,,COMPLETE
21,8.79986764052665,2026-10-02 11:16:24.893036,2026-10-02 11:16:24.924084,0 days 00:00:00.031048,1.0734579340608141,0.013397564932882333,,S1,0.060001946902774494,rbf,log,"[6.224307473164351, 9.018047263233925, 10.397206957031253, 9.559908868677068]",1.5660673743495035,,COMPLETE
22,8.762812880098862,2026-10-02 11:16:24.925543,2026-10-02 11:16:24.957616,0 days 00:00:00.032073,2.0564612107315026,0.007524216460464126,,S1,0.043216919307374715,rbf,log,"[7.824470527726311, 9.20714261987671, 10.201332879004147, 7.818305493788283]",1.0049066222730354,,COMPLETE
23,8.308583333416058,2026-10-02 11:16:24.959481,2026-10-02 11:16:24.995107,0 days 00:00:00.035626,10.567547158811182,0.007441429822572163,,S1,0.044654215009959704,rbf,log,"[8.226478476549046, 9.422635376263527, 10.016978320880547, 5.568241159971113]",1.7085038646757962,,COMPLETE
24,9.345585670979965,2026-10-02 11:16:24.996769,2026-10-02 11:16:25.030997,0 days 00:00:00.034228,15.962362603083482,0.00489470815535843,,S1,0.008625340462407202,rbf,log,"[9.745233607185467, 9.555256462357029, 10.543512018937717, 7.53834059543964]",1.1073439632591757,,COMPLETE
25,11.790989914802772,2026-10-02 11:16:25.032718,2026-10-02 11:16:25.068655,0 days 00:00:00.035937,8.848061051958183,0.0033542170770888614,,S1,0.24830816002834324,rbf,log,"[13.20736326863592, 10.893084790690233, 10.164376302137072, 12.89913529774786]",1.2928848676514073,,COMPLETE
26,10.299192058116489,2026-10-02 11:16:25.070422,2026-10-02 11:16:25.104517,0 days 00:00:00.034095,277.1958724394962,,96.92482934961873,S1,0.005687387579155815,linear,original,"[11.171523691977951, 11.16165344466992, 8.727259125414747, 10.136331970403338]",1.0002872932079698,,COMPLETE
27,13.15654077785291,2026-10-02 11:16:25.106270,2026-10-02 11:16:25.142548,0 days 00:00:00.036278,2.1677430924266585,0.008629449946811509,,S4_early,0.053772761310948256,rbf,log,"[9.444049435142947, 12.34622056508092, 11.6949351435787, 19.14095796760908]",3.619003693978306,,COMPLETE
28,13.065749595044554,2026-10-02 11:16:25.144507,2026-10-02 11:16:25.181116,0 days 00:00:00.036609,19.977578910337872,0.007288556451982785,,S3,0.014500470748450128,rbf,log,"[11.618062401299964, 11.745711507327576, 13.0085743746424, 15.890650096908276]",1.7191299118459262,,COMPLETE
29,15.039631113253039,2026-10-02 11:16:25.183056,2026-10-02 11:16:25.218251,0 days 00:00:00.035195,7.2416274073890445,0.015577732679732118,,S1,0.8048277651627368,rbf,log,"[13.380808291136558, 12.683358562693048, 10.059899114488575, 24.034458484693978]",5.338734955709049,,COMPLETE
30,12.86504282900275,2026-10-02 11:16:25.219991,2026-10-02 11:16:25.254889,0 days 00:00:00.034898,0.4702936388226835,0.0033284963591166247,,S2_original_DQ,0.2043068828989695,rbf,log,"[8.785898521926526, 10.621865160825871, 11.63920441833666, 20.413203214921943]",4.4762894608588475,,COMPLETE
31,8.81803786026395,2026-10-02 11:16:25.256647,2026-10-02 11:16:25.291681,0 days 00:00:00.035034,2.222685422585768,0.015356339692610738,,S1,0.0545575057205349,rbf,log,"[7.7977536215247945, 9.239506953711066, 10.562522780030893, 7.672368085789043]",1.1805086818814943,,COMPLETE
32,8.943444547482546,2026-10-02 11:16:25.293535,2026-10-02 11:16:25.328821,0 days 00:00:00.035286,0.6469702956561001,0.005923209806148029,,S1,0.06557387627353735,rbf,log,"[6.674401920814038, 8.831582298968446, 10.248765541820145, 10.019028428327559]",1.4161401049396092,,COMPLETE
33,11.972190731086382,2026-10-02 11:16:25.330637,2026-10-02 11:16:25.366062,0 days 00:00:00.035425,0.12243750992920145,0.010463657562359632,,S1,0.10435581573411438,rbf,log,"[10.75913851305651, 10.37232759776345, 10.432589900574307, 16.324706912951264]",2.51723189037791,,COMPLETE
34,10.506241201029361,2026-10-02 11:16:25.368036,2026-10-02 11:16:25.402938,0 days 00:00:00.034902,0.7116692744054955,0.021280175047334145,,S1,0.022777139322351383,rbf,log,"[8.2742180763793, 10.356056409474562, 10.688093982424581, 12.706596335839004]",1.5715530418960824,,COMPLETE
35,9.824603547652826,2026-10-02 11:16:25.404644,2026-10-02 11:16:25.439327,0 days 00:00:00.034683,1.9531706396439075,0.002409041618276089,,S1,0.15306826643427537,rbf,log,"[7.390484492296196, 9.48234360593598, 10.026941281018605, 12.398644811360523]",1.7824636341990114,,COMPLETE
36,19.445349002072163,2026-10-02 11:16:25.441183,2026-10-02 11:16:25.475048,0 days 00:00:00.033865,3.5453264619393,,18.791729043909175,S3,0.0407285651592485,rbf,original,"[18.37615633188897, 18.176105120551558, 13.116233191973913, 28.112901363874208]",5.429970623285332,,COMPLETE
37,13.769955493119921,2026-10-02 11:16:25.476816,2026-10-02 11:16:25.513756,0 days 00:00:00.036940,1.1822771378764092,0.006214612818097407,,S2_plus_ratio,0.06867365059484028,linear,log,"[14.419018673648992, 13.340548794389528, 12.490252157058404, 14.830002347382765]",0.9174711285365571,,COMPLETE
38,17.76708701920854,2026-10-02 11:16:25.515542,2026-10-02 11:16:25.550902,0 days 00:00:00.035360,25.807999426326926,,1.0703075103533346,S4_early,0.019673456760230842,rbf,original,"[15.05623457007916, 17.7454093137512, 12.778116208480755, 25.488587984523047]",4.792196725707099,,COMPLETE
39,11.442773385477325,2026-10-02 11:16:25.552782,2026-10-02 11:16:25.588231,0 days 00:00:00.035449,7.84326940067314,0.011152869397393557,,S1,0.0031219328494924013,rbf,log,"[12.812799630039592, 9.85261233542541, 11.126047161313139, 11.979634415131159]",1.0947738741545985,,COMPLETE
40,14.058829613218073,2026-10-02 11:16:25.589949,2026-10-02 11:16:25.628292,0 days 00:00:00.038343,2.8808460292015106,0.01962698078699796,,S2,0.13734614139922574,linear,log,"[15.617519048910495, 13.818281531409434, 11.684255026465488, 15.11526284608688]",1.5200355078222536,,COMPLETE
41,8.792168408136032,2026-10-02 11:16:25.630154,2026-10-02 11:16:25.665763,0 days 00:00:00.035609,2.2567079622637896,0.015784854703897292,,S1,0.05240233315480286,rbf,log,"[7.834247439220593, 9.247460877668017, 10.564691148357078, 7.52227416729844]",1.2123708243575513,,COMPLETE
42,8.593952237316913,2026-10-02 11:16:25.667484,2026-10-02 11:16:25.702237,0 days 00:00:00.034753,1.1332840545613536,0.009758261747920773,,S1,0.06871721885744429,rbf,log,"[6.390133281047215, 8.975335882086798, 10.268230572816318, 8.74210921331732]",1.3988772203781739,,COMPLETE
43,12.899343295485727,2026-10-02 11:16:25.703941,2026-10-02 11:16:25.738969,0 days 00:00:00.035028,5.653502458124318,0.0047824725700691805,,S1,0.37503847506019894,rbf,log,"[14.026297797675703, 11.646571785161672, 10.363737053261007, 15.560766545844523]",2.021876334017811,,COMPLETE
44,8.886026638582232,2026-10-02 11:16:25.740774,2026-10-02 11:16:25.776467,0 days 00:00:00.035693,1.377937212672958,0.03627596893560228,,S1,0.039185565489806985,rbf,log,"[9.632163034705703, 8.858666863416035, 9.75029168983884, 7.302984966368349]",0.9760178140928806,,COMPLETE
45,10.240110903551411,2026-10-02 11:16:25.778254,2026-10-02 11:16:25.813870,0 days 00:00:00.035616,11.012050208640877,0.009470073570075994,,S2_plus_ratio,0.08735643990493533,rbf,log,"[10.187433367943315, 8.28583437771634, 10.808341190591522, 11.678834677954471]",1.2464733671773751,,COMPLETE
46,10.08585690700604,2026-10-02 11:16:25.815504,2026-10-02 11:16:25.850099,0 days 00:00:00.034595,147.76945694140133,,15.16447898774697,S1,0.005937734762960803,linear,original,"[11.319983439485329, 9.35932607224204, 10.190997708488721, 9.473120407808064]",0.7806112921323327,,COMPLETE
47,12.146712236681317,2026-10-02 11:16:25.852035,2026-10-02 11:16:25.888310,0 days 00:00:00.036275,0.7145434463948837,0.02133696307324651,,S4_early,0.013772924455280524,rbf,log,"[8.056927979745087, 13.626254695244095, 13.733452295994322, 13.170213975741763]",2.3706898247483696,,COMPLETE
48,10.481523569292515,2026-10-02 11:16:25.890119,2026-10-02 11:16:25.924874,0 days 00:00:00.034755,6.188931590909375,0.006198705694104208,,S2_original_DQ,0.13587101065207227,rbf,log,"[9.080464928554607, 7.777912981858208, 10.573521125201266, 14.49419524155598]",2.519051062550742,,COMPLETE
49,10.081442135945602,2026-10-02 11:16:25.926754,2026-10-02 11:16:25.961558,0 days 00:00:00.034804,2.7963664047806533,0.008193996409517687,,S2,0.027136258681265728,rbf,log,"[8.737039282638904, 10.63254975865175, 11.771629825150507, 9.184549677341252]",1.201279437810494,,COMPLETE
50,10.01849107600205,2026-10-02 11:16:25.963337,2026-10-02 11:16:25.998293,0 days 00:00:00.034956,0.4341124143671919,0.0010024169273570999,,S1,0.03969206944525169,rbf,log,"[8.15386074919176, 9.818139753118178, 10.9515728014678, 11.150391000230464]",1.1904648097600783,,COMPLETE
51,8.79204659669768,2026-10-02 11:16:26.000128,2026-10-02 11:16:26.035896,0 days 00:00:00.035768,1.7133014703651186,0.013953574975062782,,S1,0.07419188734446541,rbf,log,"[7.350392994863079, 8.8165779220564, 10.206567917794409, 8.794647552076833]",1.0099312137978325,,COMPLETE
52,8.762975713523888,2026-10-02 11:16:26.037649,2026-10-02 11:16:26.073363,0 days 00:00:00.035714,1.583161038283789,0.017053500569211066,,S1,0.08559107365367544,rbf,log,"[7.182082856185504, 8.942727780820842, 10.141599927733072, 8.785492289356133]",1.052692352051651,,COMPLETE
53,9.02770603938373,2026-10-02 11:16:26.075220,2026-10-02 11:16:26.112057,0 days 00:00:00.036837,1.676643651345318,0.03111091639024523,,S1,0.08956270777200785,rbf,log,"[7.912118434602977, 9.41074694708858, 10.111310249584179, 8.676648526259187]",0.8198621077353708,,COMPLETE
54,8.991742853579227,2026-10-02 11:16:26.113945,2026-10-02 11:16:26.149571,0 days 00:00:00.035626,4.363815973693193,0.01134977845536717,,S1,0.021371040702572876,rbf,log,"[8.931181153704307, 8.951533149415331, 10.141738207439726, 7.942518903757545]",0.7792054848659681,,COMPLETE
55,11.294617226994614,2026-10-02 11:16:26.151319,2026-10-02 11:16:26.183795,0 days 00:00:00.032476,0.9198146971777845,0.044009108807910535,,S1,0.29633582371964307,rbf,log,"[9.884598016525786, 10.956697560360821, 9.493909927781324, 14.84326340331052]",2.1176508409739405,,COMPLETE
56,12.289082665565722,2026-10-02 11:16:26.185441,2026-10-02 11:16:26.218036,0 days 00:00:00.032595,0.4136240342089997,0.02429979168330182,,S1,0.1760235178348785,linear,log,"[17.68261341777182, 8.934623145071175, 11.442814659534498, 11.09627943988539]",3.258892515980499,,COMPLETE
57,19.524099708454493,2026-10-02 11:16:26.219620,2026-10-02 11:16:26.250534,0 days 00:00:00.030914,4.920461060200825,,4.235889556498421,S2_plus_ratio,0.6849229619396576,rbf,original,"[18.533424912427808, 18.35491763969094, 12.95640085205935, 28.25165542963989]",5.514828202131294,,COMPLETE
58,16.03843645538484,2026-10-02 11:16:26.252238,2026-10-02 11:16:26.283701,0 days 00:00:00.031463,0.17380701192601766,0.007270917968096281,,S3,0.10685053593751331,rbf,log,"[11.558541595392956, 16.217556809741705, 13.83144100556852, 22.546206410836177]",4.102543137083133,,COMPLETE
59,8.688902390683419,2026-10-02 11:16:26.285364,2026-10-02 11:16:26.316846,0 days 00:00:00.031482,3.061497706568378,0.013135861474341771,,S1,0.029733001909490644,rbf,log,"[8.417564644391454, 9.218254064796636, 10.380694886918446, 6.739095966627143]",1.3245512739280365,,COMPLETE
60,9.998290302573947,2026-10-02 11:16:26.318415,2026-10-02 11:16:26.350698,0 days 00:00:00.032283,3.228244366814717,0.0050991388764287495,,S1,0.012538820588847359,rbf,log,"[9.958394048212266, 9.98993998754801, 10.786066616756367, 9.258760557779148]",0.5406378648171583,,COMPLETE
61,9.233904372671672,2026-10-02 11:16:26.356885,2026-10-02 11:16:26.388316,0 days 00:00:00.031431,0.9468745710181781,0.013199759050011719,,S1,0.03138836571274078,rbf,log,"[7.544595308135431, 9.304756667011636, 10.262750086804333, 9.823515428735293]",1.0325877522103328,,COMPLETE
62,8.806017033791646,2026-10-02 11:16:26.389811,2026-10-02 11:16:26.420640,0 days 00:00:00.030829,1.528319019873708,0.018135387619859406,,S1,0.05055226537418231,rbf,log,"[7.9024625858712145, 8.992043886078227, 10.641977952178612, 7.687583711038526]",1.169686092656631,,COMPLETE
63,18.498679936409268,2026-10-02 11:16:26.422113,2026-10-02 11:16:26.453090,0 days 00:00:00.030977,0.011433269509477434,0.010120980061167866,,S1,0.07195157497538454,rbf,log,"[17.37221970099171, 17.66041708101355, 12.477843536369763, 26.484239427262057]",5.0495353403729855,,COMPLETE
64,8.669075034160942,2026-10-02 11:16:26.454654,2026-10-02 11:16:26.487034,0 days 00:00:00.032380,13.166168825376225,0.012987345937371534,,S1,0.017432054715731567,rbf,log,"[9.361060062230237, 9.254697749307969, 9.9874488138789, 6.0730935112266575]",1.5247152794892775,,COMPLETE
65,8.034316201851846,2026-10-02 11:16:26.488796,2026-10-02 11:16:26.521942,0 days 00:00:00.033146,26.571980616292027,0.06688739741077304,,S2_original_DQ,0.0196727762924769,rbf,log,"[6.212240730054782, 10.318696322544776, 10.918130359510817, 4.688197395297012]",2.648171384381863,,COMPLETE
66,9.166021197908691,2026-10-02 11:16:26.523431,2026-10-02 11:16:26.555509,0 days 00:00:00.032078,18.157899149340885,0.08308110686392214,,S2_original_DQ,0.009697941299469956,rbf,log,"[9.203224159801628, 10.765576066955415, 10.932779962463131, 5.762504602414588]",2.077578012217495,,COMPLETE
67,9.339145985953502,2026-10-02 11:16:26.557064,2026-10-02 11:16:26.588771,0 days 00:00:00.031707,12.13306549163346,0.13477028908262936,,S2_original_DQ,0.015826675911170127,rbf,log,"[8.634880106826389, 12.772273772440485, 9.336405857500429, 6.613024207046708]",2.22002839444598,,COMPLETE
68,8.43847293380877,2026-10-02 11:16:26.590243,2026-10-02 11:16:26.623138,0 days 00:00:00.032895,27.89703730687738,0.06865067567024079,,S2_original_DQ,0.026563604203356673,rbf,log,"[8.472538297548958, 9.73695297899056, 10.947105776154471, 4.597294682541092]",2.3840669019791236,,COMPLETE
69,10.82384644423097,2026-10-02 11:16:26.624730,2026-10-02 11:16:26.657742,0 days 00:00:00.033012,40.93395578103212,,43.78765020621843,S2_original_DQ,0.0060942254497108024,linear,original,"[9.357062428117075, 11.691867246605081, 10.266693177748083, 11.979762924453638]",1.066709676397978,,COMPLETE
70,8.775877386732253,2026-10-02 11:16:26.659433,2026-10-02 11:16:26.695313,0 days 00:00:00.035880,28.502266413219456,0.04855174322698872,,S2_original_DQ,0.028229889304214075,rbf,log,"[8.929927352354012, 9.488466281356231, 11.825743663580619, 4.859372249638148]",2.508595778527846,,COMPLETE
71,7.906607041600623,2026-10-02 11:16:26.697044,2026-10-02 11:16:26.732271,0 days 00:00:00.035227,26.94755704606429,0.07102939595727302,,S2_original_DQ,0.020035373874123227,rbf,log,"[6.182551321066917, 10.43646638943581, 10.852681410228996, 4.154729045670768]",2.834100347957256,,COMPLETE
72,8.08184595315602,2026-10-02 11:16:26.734035,2026-10-02 11:16:26.770102,0 days 00:00:00.036067,29.528727537370017,0.06436266636672212,,S2_original_DQ,0.01846093686888983,rbf,log,"[6.331436797923249, 10.265225424477658, 11.017787882190792, 4.712933708032375]",2.636304366557469,,COMPLETE
73,8.737393079287356,2026-10-02 11:16:26.771758,2026-10-02 11:16:26.806302,0 days 00:00:00.034544,29.449898065758823,0.06758631553562251,,S2_original_DQ,0.010340001346949899,rbf,log,"[8.782414538163684, 10.441898950198096, 11.196115159446391, 4.529143669341251]",2.581765120973529,,COMPLETE
74,8.316100560833549,2026-10-02 11:16:26.808027,2026-10-02 11:16:26.844051,0 days 00:00:00.036024,57.1865202739877,0.08325316869502748,,S2_original_DQ,0.018047059531873785,rbf,log,"[7.225820300665004, 10.21786089475855, 10.953034788275946, 4.867686259634697]",2.4315831635980354,,COMPLETE
