number,value,datetime_start,datetime_complete,duration,params_depth,params_feature_set,params_iterations,params_l2_leaf_reg,params_learning_rate,params_loss_function,params_random_strength,params_target_transform,user_attrs_fold_MAPE,user_attrs_fold_SD,system_attrs_fixed_params,state
0,11.23770554958777,2026-10-02 11:16:27.067650,2026-10-02 11:16:27.120119,0 days 00:00:00.052469,2,S1,400,6.332196864428522,0.14037768865340877,RMSE,1.2953659016678667,log,"[7.205951312065221, 9.17237381365677, 8.977865432594644, 19.594631640034443]",4.885328250148207,"{'feature_set': 'S1', 'target_transform': 'log'}",COMPLETE
1,10.806884145654957,2026-10-02 11:16:27.122324,2026-10-02 11:16:27.172515,0 days 00:00:00.050191,2,S2,300,1.7262351011825574,0.027102962018602426,RMSE,2.9617060391804437,log,"[7.042485931858426, 10.054280045562965, 9.901108083405328, 16.22966252179311]",3.352762384779369,"{'feature_set': 'S2', 'target_transform': 'log'}",COMPLETE
2,11.774874416716283,2026-10-02 11:16:27.174635,2026-10-02 11:16:27.245158,0 days 00:00:00.070523,5,S3,200,6.947422614602896,0.17785283640024546,MAE,1.3312760848584415,log,"[8.881871632928624, 10.085458744848678, 13.485027169445935, 14.647140119641897]",2.3663327706192656,"{'feature_set': 'S3', 'target_transform': 'log'}",COMPLETE
3,10.572973922648613,2026-10-02 11:16:27.247009,2026-10-02 11:16:27.292506,0 days 00:00:00.045497,2,S3,200,5.171980493801687,0.05357563307152711,MAE,0.6051739176013224,log,"[9.003471693238646, 10.09955981523822, 10.921475149785307, 12.267389032332277]",1.1916326861136908,,COMPLETE
4,12.526612789996882,2026-10-02 11:16:27.294206,2026-10-02 11:16:27.339724,0 days 00:00:00.045518,1,S4_early,300,0.6835931152993209,0.01358851268212458,RMSE,1.788874307275703,original,"[7.541779370095848, 14.889780710128559, 10.969082517319872, 16.70580856244325]",3.5469953727641306,,COMPLETE
5,13.720134955209286,2026-10-02 11:16:27.341539,2026-10-02 11:16:27.379384,0 days 00:00:00.037845,2,S2_original_DQ,100,1.2303874630523437,0.01160739887474787,MAE,0.5684084219372156,log,"[14.107273250355803, 12.447387114682416, 9.827322842615906, 18.498556613183023]",3.152660099443047,,COMPLETE
6,9.733253722331392,2026-10-02 11:16:27.381215,2026-10-02 11:16:27.439999,0 days 00:00:00.058784,3,S2,400,0.42258653486153996,0.07237259413596553,RMSE,1.172100209321087,log,"[8.289157279022792, 8.77102055881395, 8.750371762304407, 13.12246528918442]",1.9662222147296946,,COMPLETE
7,15.934358060517148,2026-10-02 11:16:27.441824,2026-10-02 11:16:27.478999,0 days 00:00:00.037175,1,S3,100,0.8763403464282676,0.01136804997171493,RMSE,0.9505411776160338,log,"[15.07441783031127, 15.01946738081201, 11.417325485485359, 22.22622154545996]",3.923252845292822,,COMPLETE
8,14.611395601212914,2026-10-02 11:16:27.480774,2026-10-02 11:16:27.612347,0 days 00:00:00.131573,5,S4_early,400,44.916307887212554,0.03516990679766779,RMSE,2.731382663432131,original,"[11.206883176463487, 13.07131685569997, 9.79205881778162, 24.37532355490658]",5.755928324556092,,COMPLETE
9,12.272654086403293,2026-10-02 11:16:27.613959,2026-10-02 11:16:27.661473,0 days 00:00:00.047514,2,S1,400,32.43956300689298,0.04149063258618271,MAE,2.392302759782274,log,"[7.3193255546863485, 9.322128829217327, 10.310929787693949, 22.13823217401555]",5.796961619316951,,COMPLETE
10,12.23340780115282,2026-10-02 11:16:27.663247,2026-10-02 11:16:27.710115,0 days 00:00:00.046868,1,S3,400,0.6018341957214765,0.06530907001621639,RMSE,2.3301746399389613,original,"[8.892814553943362, 15.691470452428641, 10.45328405641279, 13.896062141826492]",2.6949499321229733,,COMPLETE
11,11.776569581271636,2026-10-02 11:16:27.711929,2026-10-02 11:16:27.781304,0 days 00:00:00.069375,4,S2_plus_ratio,400,45.7033192846413,0.07216301337535592,MAE,1.1802285021089296,original,"[7.105598413235842, 9.707627637611155, 9.141842582308119, 21.151209691931427]",5.498276002128258,,COMPLETE
12,9.27818601626718,2026-10-02 11:16:27.783103,2026-10-02 11:16:27.857196,0 days 00:00:00.074093,3,S2,500,0.2842658940146,0.09608873461529271,MAE,0.1459563552785228,log,"[7.6770490457746305, 6.6418650600864275, 7.916958032625546, 14.87687192658211]",3.2677229582724667,,COMPLETE
13,9.603749093169373,2026-10-02 11:16:27.858815,2026-10-02 11:16:27.934282,0 days 00:00:00.075467,3,S2,500,0.10442110366440265,0.11318742784433973,MAE,0.10057574419102952,log,"[6.134221635435819, 6.41827278101304, 10.295223476825258, 15.567278479403376]",3.815321076888712,,COMPLETE
14,9.21942817924571,2026-10-02 11:16:27.936100,2026-10-02 11:16:28.012707,0 days 00:00:00.076607,3,S2,500,0.1003523878777969,0.11392466809009161,MAE,0.06359234894042666,log,"[7.729867482373642, 6.367665835362563, 9.281443511634416, 13.498735887612218]",2.6771094439708754,,COMPLETE
15,10.26028383827287,2026-10-02 11:16:28.014352,2026-10-02 11:16:28.102028,0 days 00:00:00.087676,4,S2,500,0.10381808428971706,0.005800856313230301,MAE,0.11297027004084788,log,"[7.85464380676897, 8.149729386807406, 9.108959886116295, 15.927802273398806]",3.3048394858554224,,COMPLETE
16,10.530258368079785,2026-10-02 11:16:28.103921,2026-10-02 11:16:28.181466,0 days 00:00:00.077545,3,S2,500,0.25063218134646403,0.10233106648362249,MAE,0.4388740785325079,log,"[7.233171719511083, 7.013757780097881, 9.93928526812146, 17.93481870458872]",4.427564785955219,,COMPLETE
17,9.299628186608158,2026-10-02 11:16:28.183139,2026-10-02 11:16:28.271811,0 days 00:00:00.088672,4,S2_plus_ratio,500,0.2330578333834234,0.19628869354356066,MAE,0.03773988855722976,log,"[7.40736073287997, 6.744587767854273, 7.715530281606085, 15.331033964092306]",3.499861764527497,,COMPLETE
18,10.754669860724057,2026-10-02 11:16:28.273564,2026-10-02 11:16:28.347268,0 days 00:00:00.073704,3,S2_original_DQ,500,0.21783740980057315,0.09486077668467785,MAE,0.380764628089306,original,"[6.75317309154269, 7.445589744202286, 9.021755258703138, 19.79816134844812]",5.285586980595522,,COMPLETE
19,10.056357934973883,2026-10-02 11:16:28.349065,2026-10-02 11:16:28.416742,0 days 00:00:00.067677,4,S2,300,0.17131693928918956,0.01974862406014699,MAE,0.7077145426349605,log,"[6.784481668630976, 8.588695373419755, 9.578449015457338, 15.273805682387465]",3.1744828566709162,,COMPLETE
20,10.21715231150419,2026-10-02 11:16:28.418521,2026-10-02 11:16:28.493675,0 days 00:00:00.075154,3,S2,500,0.3719511898097385,0.13505432026488717,MAE,0.8632174458922344,log,"[7.187162854858109, 7.786372994718718, 9.583551719467573, 16.31152167697236]",3.6274065069717696,,COMPLETE
21,8.832788320729136,2026-10-02 11:16:28.495543,2026-10-02 11:16:28.587373,0 days 00:00:00.091830,4,S2_plus_ratio,500,0.1735772268147748,0.19230330591864975,MAE,0.04301689203139798,log,"[7.352142353136068, 6.740936105765953, 5.957819735134791, 15.280255088879734]",3.7551108593873983,,COMPLETE
22,10.828410887202399,2026-10-02 11:16:28.589182,2026-10-02 11:16:28.679729,0 days 00:00:00.090547,4,S2_plus_ratio,500,0.13960864352583086,0.15227715453096954,MAE,0.28158461772882737,log,"[7.770128876437223, 6.437452081232729, 8.78172499597767, 20.324337595161968]",5.545159043557062,,COMPLETE
23,10.325601062886893,2026-10-02 11:16:28.681435,2026-10-02 11:16:28.758677,0 days 00:00:00.077242,3,S2_plus_ratio,500,0.34969501623727656,0.08720229510823614,MAE,0.3090980827621874,log,"[7.069776146363063, 6.400209897394651, 9.246007520644369, 18.586410687145488]",4.8840451869806945,,COMPLETE
24,10.893093610854336,2026-10-02 11:16:28.760366,2026-10-02 11:16:28.863614,0 days 00:00:00.103248,5,S2_plus_ratio,500,2.0100567087044903,0.1222135884556192,MAE,0.009293919083375686,log,"[8.239971404360032, 7.441562671688917, 6.883154556509361, 21.00768581085904]",5.859537308068069,,COMPLETE
25,9.560846992271664,2026-10-02 11:16:28.865426,2026-10-02 11:16:28.942056,0 days 00:00:00.076630,4,S2,400,0.16135450886422914,0.04998708776926009,MAE,0.29660972315253975,log,"[6.684238770917834, 7.732043468172249, 8.996355765111419, 14.830749964885149]",3.1507905704449874,,COMPLETE
26,11.799293993101001,2026-10-02 11:16:28.943921,2026-10-02 11:16:29.018284,0 days 00:00:00.074363,3,S2_original_DQ,500,0.33549549193017764,0.16684419088974825,MAE,0.8047892590380425,original,"[8.98978022960479, 9.172921646773815, 11.249360701467204, 17.785113394558195]",3.5680407726417362,,COMPLETE
27,11.000264814666924,2026-10-02 11:16:29.020086,2026-10-02 11:16:29.086007,0 days 00:00:00.065921,4,S1,400,0.10299437348261847,0.08772346995091619,MAE,0.5145163061940801,log,"[6.3273515749701135, 8.737240099128114, 8.026445635472953, 20.91002194909651]",5.78801101378516,,COMPLETE
28,11.06211121285581,2026-10-02 11:16:29.087882,2026-10-02 11:16:29.195037,0 days 00:00:00.107155,3,S4_early,500,0.5501635814735902,0.1909692658880253,MAE,0.20947630801320927,log,"[8.67871334700166, 10.272272763135506, 11.848014853096926, 13.449443888189142]",1.776332738964827,,COMPLETE
29,11.626398149677156,2026-10-02 11:16:29.196765,2026-10-02 11:16:29.269995,0 days 00:00:00.073230,5,S1,500,0.23209804889339133,0.1363694815655056,MAE,1.6027103189441607,log,"[7.763273490929961, 9.764696830309397, 8.479804459538453, 20.497817817930812]",5.171866266461624,,COMPLETE
30,10.614603834504056,2026-10-02 11:16:29.271635,2026-10-02 11:16:29.327213,0 days 00:00:00.055578,2,S2_plus_ratio,400,0.9935712559465288,0.06306137232584583,MAE,0.4823987786037511,log,"[5.604867253497452, 9.002461214705093, 10.518546269626983, 17.3325406001867]",4.267211205258321,,COMPLETE
31,9.918782787322426,2026-10-02 11:16:29.328828,2026-10-02 11:16:29.410255,0 days 00:00:00.081427,4,S2_plus_ratio,500,0.2464888040135669,0.19487759256688209,MAE,0.025909843064321925,log,"[7.570035437830046, 7.737378395224156, 6.293871200499454, 18.07384611573605]",4.741312611933884,,COMPLETE
32,10.965459627655724,2026-10-02 11:16:29.411987,2026-10-02 11:16:29.496079,0 days 00:00:00.084092,4,S2_plus_ratio,500,0.16238898618613914,0.1381549792455975,MAE,0.17326592582516748,log,"[8.120720561949422, 6.4971192937895355, 9.457112448541045, 19.786886206342892]",5.199790471430617,,COMPLETE
33,9.685731971020626,2026-10-02 11:16:29.497721,2026-10-02 11:16:29.583526,0 days 00:00:00.085805,4,S2_plus_ratio,500,0.29772575506879567,0.1158548581147217,MAE,0.045082697699689714,log,"[7.955609727192931, 8.796497318567102, 8.790880821694612, 13.199940016627856]",2.0575761233167165,,COMPLETE
34,11.04267582265455,2026-10-02 11:16:29.585226,2026-10-02 11:16:29.678295,0 days 00:00:00.093069,5,S2,500,0.46684929487749416,0.19371165279505553,MAE,0.677097446313978,log,"[6.877269281615295, 10.517676977357889, 8.96788917766606, 17.807867853978955]",4.1139639729406134,,COMPLETE
35,8.812136322417373,2026-10-02 11:16:29.679838,2026-10-02 11:16:29.749070,0 days 00:00:00.069232,3,S2_plus_ratio,400,0.14762977712446995,0.16044479743886841,RMSE,0.33592741388996716,log,"[9.458460447290392, 6.46974078994976, 6.977513663508968, 12.342830388920376]",2.331104491262498,,COMPLETE
36,9.982536006587914,2026-10-02 11:16:29.750921,2026-10-02 11:16:29.807717,0 days 00:00:00.056796,2,S2,300,0.1475792855711241,0.08569933029641151,RMSE,0.38609127986560443,log,"[8.168162392127345, 8.328944535416664, 8.805292630528527, 14.627744468279118]",2.6921264822359423,,COMPLETE
37,9.731069573168575,2026-10-02 11:16:29.809671,2026-10-02 11:16:29.872065,0 days 00:00:00.062394,3,S2_plus_ratio,300,2.0157567179154268,0.15189657099102055,RMSE,0.6036101243707063,log,"[8.923452317015585, 7.242857646974288, 7.475197741337496, 15.282770587346931]",3.2693189693944467,,COMPLETE
38,11.448532990734973,2026-10-02 11:16:29.873893,2026-10-02 11:16:29.947223,0 days 00:00:00.073330,2,S4_early,400,0.13021505062892028,0.10483139039033004,RMSE,0.9907924362157084,original,"[5.854567934770273, 16.7160516227347, 12.360185798364538, 10.863326607070382]",3.879844550331852,,COMPLETE
39,10.954356525132289,2026-10-02 11:16:29.948958,2026-10-02 11:16:30.023031,0 days 00:00:00.074073,3,S3,300,3.6959137975990934,0.05086314616895938,RMSE,0.22453440469608682,log,"[10.147973184332699, 9.204691185646949, 9.136260799592112, 15.328500930957395]",2.5568630312725977,,COMPLETE
40,10.876021011500624,2026-10-02 11:16:30.024683,2026-10-02 11:16:30.081218,0 days 00:00:00.056535,3,S2_original_DQ,200,11.868153075145369,0.15886629721307574,RMSE,0.5409401190829479,log,"[7.937289137019412, 9.505532693402618, 8.029589206594858, 18.031673008985607]",4.177915532571981,,COMPLETE
41,9.014047985736395,2026-10-02 11:16:30.082860,2026-10-02 11:16:30.163900,0 days 00:00:00.081040,4,S2_plus_ratio,400,0.19710123413350972,0.16258174586211138,RMSE,0.0028911304503684634,log,"[8.40030351156544, 8.76492328538162, 5.552420467759854, 13.338544678238668]",2.7893942941334844,,COMPLETE
42,9.714676788942484,2026-10-02 11:16:30.165698,2026-10-02 11:16:30.235858,0 days 00:00:00.070160,3,S2_plus_ratio,400,0.17987383470485963,0.11630990071438985,RMSE,0.1984902761802212,log,"[10.243558268398774, 8.524590207679353, 6.463744143409338, 13.626814536282478]",2.625328860836772,,COMPLETE
43,10.025785793205445,2026-10-02 11:16:30.237717,2026-10-02 11:16:30.301464,0 days 00:00:00.063747,2,S2_plus_ratio,400,0.7302744110710868,0.1614926327265856,RMSE,0.37014379804372277,log,"[8.711092304311002, 8.29525565399187, 7.066856040325975, 16.029939174192933]",3.5188164429736473,,COMPLETE
44,9.21648817202293,2026-10-02 11:16:30.303348,2026-10-02 11:16:30.379290,0 days 00:00:00.075942,4,S2,400,0.1267167480622012,0.08159720095243803,RMSE,0.1562410444120695,log,"[7.202588556960128, 8.906681403663526, 6.504502178188686, 14.252180549279375]",3.035821043901599,,COMPLETE
45,9.166883142288839,2026-10-02 11:16:30.381048,2026-10-02 11:16:30.471054,0 days 00:00:00.090006,5,S2_plus_ratio,400,0.13069867562764134,0.07587212766402784,RMSE,0.2830864541958457,log,"[6.612952188715234, 7.3257178815005055, 8.058872686373427, 14.66998981256619]",3.2180865055193943,,COMPLETE
46,9.634315960601011,2026-10-02 11:16:30.472737,2026-10-02 11:16:30.563486,0 days 00:00:00.090749,5,S2_plus_ratio,400,0.1942421058446572,0.03683675411495987,RMSE,0.7380523387211124,original,"[6.069215086133103, 8.481200024914049, 7.064952897528751, 16.92189583382814]",4.2938929762166955,,COMPLETE
47,9.793613661550541,2026-10-02 11:16:30.565228,2026-10-02 11:16:30.658253,0 days 00:00:00.093025,5,S2_plus_ratio,400,0.4589864120059928,0.07132260868241042,RMSE,1.02087258860604,log,"[6.119131413729871, 7.859829695825954, 8.532605490405178, 16.662888046241164]",4.0625857651102235,,COMPLETE
48,9.702675818745586,2026-10-02 11:16:30.660149,2026-10-02 11:16:30.737946,0 days 00:00:00.077797,5,S2_plus_ratio,300,0.12140144187917852,0.025560481220124703,RMSE,0.4588206032863061,log,"[7.353679187822159, 7.281298893386563, 7.568295303301066, 16.607429890472556]",3.987858459201195,,COMPLETE
49,11.997663706125085,2026-10-02 11:16:30.739633,2026-10-02 11:16:30.851703,0 days 00:00:00.112070,5,S3,400,0.1886994812117688,0.05683112992545113,RMSE,0.2729363671874188,log,"[10.76287739047568, 9.717362001353331, 10.025077791181083, 17.485337641490243]",3.191008207558451,,COMPLETE
50,11.931788236420811,2026-10-02 11:16:30.853433,2026-10-02 11:16:30.911107,0 days 00:00:00.057674,4,S1,300,0.12879295763291354,0.0790406098373912,RMSE,2.2131435734992064,original,"[7.682856769411388, 9.583561280789105, 9.457682003433646, 21.00305289204911]",5.290950589238556,,COMPLETE
51,8.709551608066315,2026-10-02 11:16:30.912918,2026-10-02 11:16:30.990157,0 days 00:00:00.077239,4,S2,400,0.10450905811316868,0.12481412994384465,RMSE,0.14169340193880295,log,"[7.333562182513462, 8.123465851820908, 6.088098464779394, 13.293079933151496]",2.7439748496576124,,COMPLETE
52,9.508333363049399,2026-10-02 11:16:30.991969,2026-10-02 11:16:31.073620,0 days 00:00:00.081651,4,S2_plus_ratio,400,0.2960888134673633,0.1380762473480479,RMSE,0.15571091914447596,log,"[7.702380828457364, 9.08890428874421, 6.624017640414653, 14.618030694581364]",3.0767543496871332,,COMPLETE
53,8.73174719991437,2026-10-02 11:16:31.075323,2026-10-02 11:16:31.154240,0 days 00:00:00.078917,4,S2,400,0.12840361874451858,0.16984295383545,RMSE,0.00422975845280843,log,"[8.696752381600795, 8.3815014703452, 5.3795248029489775, 12.469210144762506]",2.516441980814357,,COMPLETE
54,10.164859157573819,2026-10-02 11:16:31.155967,2026-10-02 11:16:31.268293,0 days 00:00:00.112326,4,S4_early,400,0.19509890274232583,0.16833984454346293,RMSE,0.0003753605023819311,log,"[9.04359418062915, 10.613431288429542, 7.947482518876546, 13.054928642360043]",1.918835121228248,,COMPLETE
55,12.67388372579979,2026-10-02 11:16:31.270156,2026-10-02 11:16:31.324475,0 days 00:00:00.054319,1,S2_plus_ratio,400,0.10205758379401544,0.12716574787164037,RMSE,0.3705913819798174,log,"[9.911844592643398, 11.388154869431762, 9.327157628386699, 20.068377812737303]",4.334774424293739,,COMPLETE
56,12.019812929461688,2026-10-02 11:16:31.326280,2026-10-02 11:16:31.394719,0 days 00:00:00.068439,4,S2,300,0.27024900282403685,0.005116407398786458,RMSE,0.5737865114995377,log,"[10.436408748942839, 10.16024966799223, 9.48444082245706, 17.99815247845462]",3.4689263398896784,,COMPLETE
57,9.564481344552584,2026-10-02 11:16:31.396388,2026-10-02 11:16:31.488003,0 days 00:00:00.091615,5,S2_plus_ratio,400,0.15181662458779116,0.10108100187775286,RMSE,0.2831191165789996,log,"[6.77299929596849, 7.759044914844104, 8.629094629807746, 15.09678653759]",3.260878784327764,,COMPLETE
58,10.122056593254047,2026-10-02 11:16:31.489672,2026-10-02 11:16:31.562464,0 days 00:00:00.072792,4,S2_original_DQ,400,0.40809819521761315,0.17169718922247565,RMSE,0.10722925474348034,log,"[7.879072907069778, 9.105181250402598, 8.61187066833886, 14.89210154720495]",2.78832394414245,,COMPLETE
59,9.791222835735343,2026-10-02 11:16:31.564168,2026-10-02 11:16:31.628510,0 days 00:00:00.064342,4,S2,300,0.21351055619992826,0.14836299081399837,RMSE,0.4228631575875778,log,"[9.076653793565644, 8.263142023080047, 6.428902514046973, 15.39619301224871]",3.375149200823405,,COMPLETE
60,13.30025535951256,2026-10-02 11:16:31.630152,2026-10-02 11:16:31.702139,0 days 00:00:00.071987,5,S3,200,0.11909217039373803,0.1259641329882743,RMSE,0.6643707887574567,original,"[10.862517760929117, 11.807415688142694, 10.804277064349547, 19.72681092462888]",3.7316772021912428,,COMPLETE
61,9.116878641216204,2026-10-02 11:16:31.703807,2026-10-02 11:16:31.773315,0 days 00:00:00.069508,4,S2,400,0.13858542662707365,0.1043594346221441,RMSE,0.11360960648783908,log,"[8.149665165123338, 8.907604662967792, 6.218511043624236, 13.191733693149446]",2.5487387043077048,,COMPLETE
62,9.21742455436749,2026-10-02 11:16:31.774874,2026-10-02 11:16:31.845811,0 days 00:00:00.070937,4,S2,400,0.1571414036208647,0.17729976770396697,RMSE,0.10182884781148605,log,"[7.5823148414668555, 8.46244234600522, 6.672656555843816, 14.152284474154065]",2.9185727891553306,,COMPLETE
63,9.290486677310724,2026-10-02 11:16:31.847492,2026-10-02 11:16:31.917329,0 days 00:00:00.069837,4,S2,400,0.20590343518485119,0.10334335711438095,RMSE,0.2910347381217222,log,"[7.7612235542151105, 8.992154088681174, 5.394095704686854, 15.014473361659759]",3.548715760921421,,COMPLETE
64,9.356555856303807,2026-10-02 11:16:31.918977,2026-10-02 11:16:31.989332,0 days 00:00:00.070355,4,S2,400,0.1364900956612269,0.09407452757569243,RMSE,0.20935929464000574,log,"[7.7020345244958595, 8.845866177273656, 6.972155276156558, 13.906167447289155]",2.7102848808340347,,COMPLETE
65,9.172857512280517,2026-10-02 11:16:31.991037,2026-10-02 11:16:32.069231,0 days 00:00:00.078194,4,S2,400,0.10064293035925935,0.14680670094817502,RMSE,0.013364678507814642,log,"[9.128961082031399, 8.414964273337747, 6.960013202199964, 12.187491491552956]",1.9079456902558598,,COMPLETE
66,13.004244515078327,2026-10-02 11:16:32.070917,2026-10-02 11:16:32.127607,0 days 00:00:00.056690,5,S2_plus_ratio,100,0.3111605726991124,0.009227404594226156,RMSE,0.11165171338462966,log,"[12.485761848649966, 10.675749367440753, 9.472259981646953, 19.383206862575634]",3.8359089308514998,,COMPLETE
67,12.01189273514258,2026-10-02 11:16:32.129394,2026-10-02 11:16:32.194899,0 days 00:00:00.065505,4,S1,400,0.22897805314260355,0.12524332043839795,RMSE,0.34004670264993997,log,"[7.719384840605807, 9.648148671343495, 9.492705388177464, 21.18733204044355]",5.3513526644713165,,COMPLETE
68,9.634371841769314,2026-10-02 11:16:32.196714,2026-10-02 11:16:32.267503,0 days 00:00:00.070789,3,S2_plus_ratio,400,0.17084007763824383,0.19976754894286347,RMSE,0.46962470623932784,log,"[8.627447557303453, 8.111391573904502, 7.922145057625012, 13.876503178244286]",2.462760861675202,,COMPLETE
69,10.550664263183364,2026-10-02 11:16:32.269246,2026-10-02 11:16:32.336787,0 days 00:00:00.067541,4,S2,300,0.2615721230861111,0.10932450490580983,RMSE,2.682758964958124,log,"[7.029935678225163, 8.576657498908839, 8.463307297956506, 18.13275657764295]",4.419768530127216,,COMPLETE
70,10.966704070310765,2026-10-02 11:16:32.338552,2026-10-02 11:16:32.480799,0 days 00:00:00.142247,5,S4_early,400,0.3651850132628636,0.06423240202998959,RMSE,0.2272027508606354,log,"[8.193735484302431, 10.575610660790332, 10.220204936003332, 14.877265200146967]",2.4337244164894116,,COMPLETE
71,8.587815138696548,2026-10-02 11:16:32.482539,2026-10-02 11:16:32.561554,0 days 00:00:00.079015,4,S2,400,0.10102306263429418,0.14379192914869576,RMSE,0.0034160021522987027,log,"[9.33259102345309, 8.032765262726008, 4.857796986477584, 12.128107282129509]",2.6129234278900104,,COMPLETE
72,9.492368501215898,2026-10-02 11:16:32.563474,2026-10-02 11:16:32.642412,0 days 00:00:00.078938,4,S2,400,0.12086478281999008,0.17598851389544512,RMSE,0.0936608312945763,log,"[7.32999607055355, 8.094920969568728, 8.272772453722304, 14.271784511019009]",2.7820381937717733,,COMPLETE
