number,value,datetime_start,datetime_complete,duration,params_bootstrap,params_criterion,params_feature_set,params_max_depth,params_max_features,params_min_samples_leaf,params_n_estimators,params_target_transform,user_attrs_fold_MAPE,user_attrs_fold_SD,system_attrs_fixed_params,state
78,11.309063133258205,2026-10-02 11:17:12.012025,2026-10-02 11:17:12.237232,0 days 00:00:00.225207,False,squared_error,S2_plus_ratio,10,0.9852892424471588,2,200,original,"[5.401943596691608, 11.287701616095376, 11.260859009989513, 17.28574831025632]",4.201714140566661,,COMPLETE
79,10.21359824004103,2026-10-02 11:17:12.238854,2026-10-02 11:17:12.469796,0 days 00:00:00.230942,False,squared_error,S2_plus_ratio,9,0.9760457984064134,1,200,original,"[5.9119936178086165, 10.117778945358161, 10.857666073841324, 13.966954323156017]",2.8729553131069263,,COMPLETE
