number,value,datetime_start,datetime_complete,duration,params_bootstrap,params_criterion,params_feature_set,params_max_depth,params_max_features,params_min_samples_leaf,params_n_estimators,params_target_transform,user_attrs_fold_MAPE,user_attrs_fold_SD,system_attrs_fixed_params,state
0,19.67930254268267,2026-10-02 11:16:16.914398,2026-10-02 11:16:17.147618,0 days 00:00:00.233220,False,squared_error,S1,1,0.6784355554362642,7,200,log,"[17.534424812440847, 27.271280084442175, 15.678975829193268, 18.232529444654393]",4.481472684400276,"{'feature_set': 'S1', 'target_transform': 'log'}",COMPLETE
1,23.307313122331223,2026-10-02 11:16:17.149795,2026-10-02 11:16:17.471253,0 days 00:00:00.321458,True,absolute_error,S2,3,0.5322351963060322,7,200,log,"[22.189043098339138, 31.837411421015254, 17.71917133204257, 21.48362663792792]",5.209756853576211,"{'feature_set': 'S2', 'target_transform': 'log'}",COMPLETE
2,10.69797195167082,2026-10-02 11:16:17.473123,2026-10-02 11:16:17.678103,0 days 00:00:00.204980,True,absolute_error,S3,5,0.958888034520638,1,100,log,"[4.352297149790363, 12.78903884285818, 11.040206935051112, 14.610344878983621]",3.8750463268475897,"{'feature_set': 'S3', 'target_transform': 'log'}",COMPLETE
3,21.834900560548913,2026-10-02 11:16:17.680051,2026-10-02 11:16:17.994097,0 days 00:00:00.314046,True,absolute_error,S2,10,0.9063554016944297,6,200,log,"[19.48307514788155, 30.64372207686953, 16.515051664582494, 20.69775335286208]",5.308491201036461,,COMPLETE
4,17.487796271001493,2026-10-02 11:16:17.995979,2026-10-02 11:16:18.197920,0 days 00:00:00.201941,True,squared_error,S1,7,0.4874309404709167,3,100,original,"[13.784413030843254, 23.772768789516814, 14.593954496680201, 17.8000487669657]",3.9270774380581237,,COMPLETE
5,16.194159986770973,2026-10-02 11:16:18.199545,2026-10-02 11:16:18.402983,0 days 00:00:00.203438,True,squared_error,S4_early,4,0.8811947085592883,5,100,original,"[11.116628287048876, 21.972879259949092, 12.600317662891442, 19.08681473719449]",4.484921369264421,,COMPLETE
6,11.13152028926742,2026-10-02 11:16:18.404826,2026-10-02 11:16:18.611352,0 days 00:00:00.206526,True,squared_error,S3,4,0.6719497691904885,1,100,log,"[4.181786956402381, 14.211779001226137, 11.351798162089846, 14.780717037351316]",4.2175806565498615,,COMPLETE
7,9.500317281113132,2026-10-02 11:16:18.613086,2026-10-02 11:16:18.849221,0 days 00:00:00.236135,False,absolute_error,S2_plus_ratio,4,0.926454363732052,1,200,original,"[3.045722895713774, 11.667099654124744, 11.28085355583078, 12.007593018783233]",3.735420845845796,,COMPLETE
8,13.772064352246478,2026-10-02 11:16:18.851036,2026-10-02 11:16:19.019011,0 days 00:00:00.167975,False,squared_error,S2,6,0.42851883699563387,2,100,log,"[6.416263888224087, 19.110375632915055, 14.866717648057131, 14.694900239789638]",4.60041464732235,,COMPLETE
9,15.18053669892053,2026-10-02 11:16:19.020763,2026-10-02 11:16:19.243545,0 days 00:00:00.222782,False,squared_error,S4_early,3,0.7895164592132125,6,200,log,"[11.665510595047472, 19.09330459247042, 12.97548968352326, 16.98784192464097]",2.9913937227792617,,COMPLETE
10,20.123060947441832,2026-10-02 11:16:19.245299,2026-10-02 11:16:19.396542,0 days 00:00:00.151243,False,absolute_error,S1,5,0.8898803836473886,6,100,log,"[19.46287309014278, 26.226517752118067, 15.403145316913857, 19.399707630592623]",3.8887297589885566,,COMPLETE
11,20.564461152807883,2026-10-02 11:16:19.398239,2026-10-02 11:16:19.707091,0 days 00:00:00.308852,True,squared_error,S1,6,0.947653875551154,5,200,original,"[15.267677826328427, 30.51067752164178, 15.598718600178177, 20.880770663083158]",6.159175766054621,,COMPLETE
12,8.906608171111916,2026-10-02 11:16:19.708841,2026-10-02 11:16:19.884380,0 days 00:00:00.175539,False,absolute_error,S2_plus_ratio,8,0.999238629883187,1,100,original,"[5.218947924481276, 9.753868900723878, 9.23985097690981, 11.413764882332702]",2.2756084011071644,,COMPLETE
13,13.683637424317425,2026-10-02 11:16:19.886230,2026-10-02 11:16:20.127824,0 days 00:00:00.241594,False,absolute_error,S2_plus_ratio,9,0.989357202873618,3,200,original,"[9.32075288323709, 19.717528438720954, 11.646187623326188, 14.050080751985458]",3.864197351858762,,COMPLETE
14,10.192789494870283,2026-10-02 11:16:20.129710,2026-10-02 11:16:20.358367,0 days 00:00:00.228657,False,absolute_error,S2_plus_ratio,8,0.8078602766380065,2,200,original,"[2.7565879912503206, 14.028205372563631, 11.329260867635025, 12.657103748032156]",4.398065474636336,,COMPLETE
15,18.468118662479007,2026-10-02 11:16:20.360252,2026-10-02 11:16:20.516939,0 days 00:00:00.156687,False,absolute_error,S2_plus_ratio,1,0.8425290397029946,1,100,original,"[11.713085051225715, 29.027253204679333, 14.68261125102467, 18.449525142986317]",6.54706448438139,,COMPLETE
16,16.760786366215285,2026-10-02 11:16:20.518827,2026-10-02 11:16:20.677573,0 days 00:00:00.158746,False,absolute_error,S2_original_DQ,10,0.7313049049601623,3,100,original,"[12.60949694897111, 25.66166940622724, 12.428338238607145, 16.343640871055648]",5.3712903445132065,,COMPLETE
17,10.192789494870283,2026-10-02 11:16:20.679337,2026-10-02 11:16:20.909712,0 days 00:00:00.230375,False,absolute_error,S2_plus_ratio,8,0.9780881105192241,2,200,original,"[2.7565879912503206, 14.028205372563631, 11.329260867635025, 12.657103748032156]",4.398065474636336,,COMPLETE
18,18.669157781303202,2026-10-02 11:16:20.911506,2026-10-02 11:16:21.140544,0 days 00:00:00.229038,False,absolute_error,S2_plus_ratio,2,0.7742025005944407,4,200,original,"[13.095444004560235, 26.78809330070236, 15.60359520497023, 19.189498614979982]",5.163618588882711,,COMPLETE
19,9.639591140683212,2026-10-02 11:16:21.142363,2026-10-02 11:16:21.317104,0 days 00:00:00.174741,False,absolute_error,S2_original_DQ,7,0.9980601742095493,1,100,original,"[4.819276537069438, 10.954534515998136, 10.423776401868565, 12.360777107796704]",2.871598359345042,,COMPLETE
20,10.194182896536809,2026-10-02 11:16:21.318918,2026-10-02 11:16:21.556837,0 days 00:00:00.237919,False,absolute_error,S2_plus_ratio,9,0.9172781968792765,2,200,original,"[2.7565879912503206, 14.033778979229734, 11.329260867635025, 12.657103748032156]",4.399281111004882,,COMPLETE
21,9.639591140683212,2026-10-02 11:16:21.558601,2026-10-02 11:16:21.715763,0 days 00:00:00.157162,False,absolute_error,S2_original_DQ,7,0.9907976149655158,1,100,original,"[4.819276537069438, 10.954534515998136, 10.423776401868565, 12.360777107796704]",2.871598359345042,,COMPLETE
22,9.639591140683212,2026-10-02 11:16:21.717439,2026-10-02 11:16:21.873112,0 days 00:00:00.155673,False,absolute_error,S2_original_DQ,7,0.8687172314597652,1,100,original,"[4.819276537069438, 10.954534515998136, 10.423776401868565, 12.360777107796704]",2.871598359345042,,COMPLETE
23,10.676890554715923,2026-10-02 11:16:21.874913,2026-10-02 11:16:22.037848,0 days 00:00:00.162935,False,absolute_error,S2_original_DQ,8,0.9286096166593246,2,100,original,"[3.1039110403151002, 14.908259277022065, 11.485526254605622, 13.209865646920903]",4.536638471999729,,COMPLETE
24,9.078010210434206,2026-10-02 11:16:22.039746,2026-10-02 11:16:22.225007,0 days 00:00:00.185261,False,absolute_error,S2_plus_ratio,6,0.995120964558102,1,100,original,"[4.55389800850134, 10.454459534228516, 9.681990231399451, 11.621693067607517]",2.701727146671838,,COMPLETE
25,14.08214041108479,2026-10-02 11:16:22.226919,2026-10-02 11:16:22.399760,0 days 00:00:00.172841,False,absolute_error,S2_plus_ratio,5,0.8409741480580866,3,100,original,"[9.25240334329421, 20.940111249454716, 11.808676272355754, 14.327370779234474]",4.3470363837755155,,COMPLETE
26,10.50020655207727,2026-10-02 11:16:22.401629,2026-10-02 11:16:22.571424,0 days 00:00:00.169795,False,absolute_error,S2_plus_ratio,6,0.9384123434877373,2,100,original,"[2.780984131905917, 15.218603126870873, 11.644981359925364, 12.356257589606926]",4.653092945119908,,COMPLETE
27,21.095594277714348,2026-10-02 11:16:22.573172,2026-10-02 11:16:22.743921,0 days 00:00:00.170749,False,absolute_error,S2_plus_ratio,4,0.8446127705697501,8,100,original,"[18.545984168494023, 29.976823160231707, 16.272205717783, 19.587364064348666]",5.265846886999391,,COMPLETE
28,10.320813295750183,2026-10-02 11:16:22.745678,2026-10-02 11:16:22.971212,0 days 00:00:00.225534,False,absolute_error,S2_plus_ratio,3,0.9479318616811458,1,200,original,"[2.4047915974933556, 13.166995728943757, 12.328020282424951, 13.383445574138669]",4.587285426324474,,COMPLETE
29,19.931860887964028,2026-10-02 11:16:22.972994,2026-10-02 11:16:23.215758,0 days 00:00:00.242764,False,absolute_error,S2_plus_ratio,9,0.5876705880899783,4,200,original,"[14.964085772214691, 28.66846564847621, 15.817539307075892, 20.277352824089327]",5.432634238814351,,COMPLETE
30,10.964819251515715,2026-10-02 11:16:23.217633,2026-10-02 11:16:23.400381,0 days 00:00:00.182748,False,absolute_error,S3,6,0.7030659222598171,2,100,original,"[2.982726565417936, 15.180014589047122, 11.295441912551022, 14.401093939046783]",4.8321571387724696,,COMPLETE
31,9.639591140683212,2026-10-02 11:16:23.402350,2026-10-02 11:16:23.558635,0 days 00:00:00.156285,False,absolute_error,S2_original_DQ,7,0.9917771064644278,1,100,original,"[4.819276537069438, 10.954534515998136, 10.423776401868565, 12.360777107796704]",2.871598359345042,,COMPLETE
32,10.40530831110353,2026-10-02 11:16:23.560506,2026-10-02 11:16:23.729161,0 days 00:00:00.168655,False,absolute_error,S4_early,8,0.9181583872305181,1,100,original,"[3.44410829828271, 11.906765906503777, 10.58950429784681, 15.680854741780822]",4.432211604635036,,COMPLETE
33,10.02824372858122,2026-10-02 11:16:23.730819,2026-10-02 11:16:23.915593,0 days 00:00:00.184774,False,absolute_error,S2_original_DQ,5,0.9946254628166558,1,100,original,"[3.624183428359693, 12.674048392368013, 10.939371427124973, 12.875371666472194]",3.773213545029036,,COMPLETE
34,8.89463166179166,2026-10-02 11:16:23.917377,2026-10-02 11:16:24.091291,0 days 00:00:00.173914,False,absolute_error,S2,7,0.9590259744902004,1,100,original,"[4.866791491233894, 10.818312538977912, 9.244755279648679, 10.648667337306161]",2.4043331848752674,,COMPLETE
