number,value,datetime_start,datetime_complete,duration,params_depth,params_feature_set,params_iterations,params_l2_leaf_reg,params_learning_rate,params_loss_function,params_random_strength,params_target_transform,user_attrs_fold_MAPE,user_attrs_fold_SD,system_attrs_fixed_params,state
0,12.360006199031133,2026-10-02 11:15:27.588455,2026-10-02 11:15:27.625328,0 days 00:00:00.036873,2,S1,200,7.6504544149663944,0.007598932255954955,MAE,0.020094052864447765,log,"[19.49681060767234, 9.961059190621942, 12.166831916950676, 7.815323080879573]",4.398306062111443,"{'feature_set': 'S1', 'target_transform': 'log'}",COMPLETE
1,12.39137652033513,2026-10-02 11:15:27.627367,2026-10-02 11:15:27.666812,0 days 00:00:00.039445,1,S2,400,0.441391190292967,0.00794358955726236,RMSE,1.6324836813178119,log,"[17.875821843296805, 12.42515613802194, 12.128783297236701, 7.1357448027850765]",3.8003585855305353,"{'feature_set': 'S2', 'target_transform': 'log'}",COMPLETE
2,15.06615595565562,2026-10-02 11:15:27.668675,2026-10-02 11:15:27.755561,0 days 00:00:00.086886,5,S3,400,0.7534769728667939,0.007260630251609057,RMSE,2.7822530242126153,log,"[17.812263129021254, 16.762720462554213, 14.79662854654926, 10.893011684497756]",2.641363940553987,"{'feature_set': 'S3', 'target_transform': 'log'}",COMPLETE
3,12.562005888378838,2026-10-02 11:15:27.757234,2026-10-02 11:15:27.809307,0 days 00:00:00.052073,2,S3,400,0.2556357374998717,0.009788197942891673,RMSE,1.6958554839569895,original,"[15.365376816951676, 11.766565043118552, 12.629211942754479, 10.48686975069064]",1.7890165835704235,,COMPLETE
4,11.282214335022623,2026-10-02 11:15:27.811773,2026-10-02 11:15:27.847244,0 days 00:00:00.035471,2,S1,100,0.4634145466469252,0.03235025652080194,MAE,1.4837627641444329,log,"[16.791826544590943, 9.109965195855013, 10.12163131224169, 9.105434287402845]",3.2077958690868105,,COMPLETE
5,13.588587040360942,2026-10-02 11:15:27.848837,2026-10-02 11:15:27.896347,0 days 00:00:00.047510,4,S4_early,100,49.430770804033095,0.12180728003920588,MAE,0.5308899373647501,log,"[14.849393748705717, 14.147257919182193, 13.668041740326467, 11.68965475322939]",1.1740957783659913,,COMPLETE
6,15.867391844414419,2026-10-02 11:15:27.897999,2026-10-02 11:15:27.931245,0 days 00:00:00.033246,1,S1,300,17.368371883901027,0.008327852791599382,RMSE,1.2937927012669395,original,"[18.787120472403295, 20.70572876690913, 15.292451671329774, 8.684266467015483]",4.578814416056098,,COMPLETE
7,14.483425056534125,2026-10-02 11:15:27.932848,2026-10-02 11:15:27.967958,0 days 00:00:00.035110,2,S1,300,35.35233131382544,0.0198000151931256,RMSE,2.8073893746046275,original,"[17.515032620458506, 17.545186354968635, 14.106417593271425, 8.767063657437935]",3.5841299133355786,,COMPLETE
8,16.98646673391773,2026-10-02 11:15:27.969607,2026-10-02 11:15:28.008893,0 days 00:00:00.039286,3,S2,200,38.36238859241605,0.021505768080543015,RMSE,0.9676694816104525,original,"[20.28852859999029, 23.918381739365756, 15.91115687330708, 7.8277997230078]",5.999844392215151,,COMPLETE
9,13.2417120639798,2026-10-02 11:15:28.010464,2026-10-02 11:15:28.052267,0 days 00:00:00.041803,2,S2_plus_ratio,300,0.643537588243606,0.005883856927007262,MAE,0.4704281131905783,original,"[19.299544112408725, 14.817683618350749, 12.216175330479784, 6.633445194679943]",4.579899891777194,,COMPLETE
10,12.407867144232453,2026-10-02 11:15:28.053892,2026-10-02 11:15:28.116050,0 days 00:00:00.062158,3,S3,400,1.1009975671634915,0.08977225246292896,RMSE,1.5846343748410523,log,"[14.341392731609545, 12.463969368721504, 11.865323698160521, 10.960782778438245]",1.2379494344717983,,COMPLETE
11,15.798492951956879,2026-10-02 11:15:28.117783,2026-10-02 11:15:28.160455,0 days 00:00:00.042672,2,S4_early,200,1.0929276512167712,0.007348636629632203,RMSE,2.7349366579826166,log,"[20.172393341313658, 18.49388862172543, 14.920299217052518, 9.607390627735917]",4.04651500237,,COMPLETE
12,11.163576491277208,2026-10-02 11:15:28.162298,2026-10-02 11:15:28.204437,0 days 00:00:00.042139,3,S2_original_DQ,100,4.239805576562001,0.05367551023088804,MAE,0.1414622044416157,log,"[18.66979952890221, 9.85884783336792, 10.360274310367016, 5.765384292471683]",4.68592238973401,,COMPLETE
13,10.46061625447469,2026-10-02 11:15:28.206247,2026-10-02 11:15:28.248176,0 days 00:00:00.041929,3,S2_original_DQ,100,3.1461952646480715,0.056403458402229975,MAE,2.143775915004789,log,"[17.30714643806977, 7.742785630492362, 11.92299207369462, 4.869540875642006]",4.681352523148701,,COMPLETE
14,10.860034383525287,2026-10-02 11:15:28.249740,2026-10-02 11:15:28.297893,0 days 00:00:00.048153,4,S2_original_DQ,100,3.34369942957323,0.06043322921848385,MAE,2.2223142446947666,log,"[13.27914881317891, 9.668240536674883, 13.827220439408428, 6.665527744838928]",2.9013172107406726,,COMPLETE
15,11.781856116308374,2026-10-02 11:15:28.299779,2026-10-02 11:15:28.352093,0 days 00:00:00.052314,5,S2_original_DQ,100,2.681189602927025,0.1826380720788958,MAE,2.2446029862514005,log,"[13.036606203607032, 12.859577715170953, 14.53029372353275, 6.7009468229227585]",3.004389711515821,,COMPLETE
16,10.868042392347212,2026-10-02 11:15:28.353766,2026-10-02 11:15:28.411505,0 days 00:00:00.057739,4,S2_original_DQ,200,2.330103090626863,0.05331138530651921,MAE,2.3905381115044197,log,"[14.749853002364304, 9.902114469464813, 12.486407603916055, 6.333794493643675]",3.129695685252756,,COMPLETE
17,11.73306008432438,2026-10-02 11:15:28.413330,2026-10-02 11:15:28.494288,0 days 00:00:00.080958,4,S2_original_DQ,500,0.11264475836461187,0.06035763512719534,MAE,2.1980246000752235,log,"[14.137795864829544, 9.613783511691798, 15.631450908728656, 7.549210052047519]",3.2778094620391536,,COMPLETE
18,12.116286915860892,2026-10-02 11:15:28.495914,2026-10-02 11:15:28.540224,0 days 00:00:00.044310,4,S2_original_DQ,100,6.948798753629328,0.030543343989567304,MAE,1.9467479726563797,log,"[18.16072348179185, 11.152539986422138, 13.124630149047201, 6.027254046182381]",4.3461793252092065,,COMPLETE
19,13.278612714608197,2026-10-02 11:15:28.541852,2026-10-02 11:15:28.592462,0 days 00:00:00.050610,3,S2_plus_ratio,200,13.0314073235031,0.0824397741189137,MAE,1.9992853675706894,log,"[21.15949167340176, 10.155105281528266, 13.16310367028791, 8.636750233214856]",4.832824781717925,,COMPLETE
20,11.023182642882013,2026-10-02 11:15:28.593972,2026-10-02 11:15:28.639162,0 days 00:00:00.045190,5,S2_original_DQ,100,2.3065790472320233,0.039618449838220764,MAE,2.5026699009205013,log,"[17.181770729211703, 9.455263123400252, 12.687339084570299, 4.768357634345797]",4.535383980063777,,COMPLETE
21,11.229018908103189,2026-10-02 11:15:28.640757,2026-10-02 11:15:28.693158,0 days 00:00:00.052401,4,S2_original_DQ,200,2.0947597759701204,0.05351389977395333,MAE,2.40432565508445,log,"[15.563608709744937, 10.25148866280958, 12.579290253614877, 6.521688006243361]",3.3062981964379303,,COMPLETE
22,11.123982789554955,2026-10-02 11:15:28.694783,2026-10-02 11:15:28.746868,0 days 00:00:00.052085,4,S2_original_DQ,200,4.934304825344443,0.08848382339429436,MAE,1.9278482874636673,log,"[13.367496093200328, 10.853125394280719, 14.297372617188506, 5.977937053550261]",3.227185514786403,,COMPLETE
23,10.475530694955905,2026-10-02 11:15:28.748469,2026-10-02 11:15:28.790935,0 days 00:00:00.042466,3,S2_original_DQ,100,1.5563201553036,0.043100416953749714,MAE,2.995901486634221,log,"[17.304645828971267, 7.895297199732548, 11.526340262791317, 5.175839488328491]",4.541072176176255,,COMPLETE
24,12.363172463610061,2026-10-02 11:15:28.792733,2026-10-02 11:15:28.834541,0 days 00:00:00.041808,3,S2_original_DQ,100,1.6008343882424445,0.019981746425762496,MAE,2.958094397707156,log,"[20.058039635316714, 10.961425359071624, 12.413104653781314, 6.020120206270596]",5.035193166558886,,COMPLETE
25,10.894056336546512,2026-10-02 11:15:28.836122,2026-10-02 11:15:28.905148,0 days 00:00:00.069026,3,S2_original_DQ,100,4.281946552445397,0.03878498708271205,MAE,2.586391400333972,log,"[18.98102203657733, 8.09882752943035, 11.36247300396031, 5.1339027762180605]",5.162632601940665,,COMPLETE
26,13.853397829499373,2026-10-02 11:15:28.906829,2026-10-02 11:15:28.947348,0 days 00:00:00.040519,3,S2_original_DQ,100,13.17113712409474,0.013389115690590817,MAE,1.207977912231029,original,"[20.611219845904646, 14.249212541972051, 13.834505446067096, 6.718653484053698]",4.917564475658718,,COMPLETE
27,13.893496360838748,2026-10-02 11:15:28.948897,2026-10-02 11:15:29.001900,0 days 00:00:00.053003,4,S4_early,100,1.24799005339878,0.14660930262615277,MAE,2.1602051650708294,log,"[14.450880455903661, 13.97026134828373, 14.684960210920167, 12.467883428247433]",0.8624611806171443,,COMPLETE
28,13.212609060830017,2026-10-02 11:15:29.003647,2026-10-02 11:15:29.052713,0 days 00:00:00.049066,3,S2_plus_ratio,200,3.330948857734579,0.06640560018146584,MAE,2.9830617330710654,log,"[21.33834251644701, 9.614175266501109, 12.738138413040168, 9.159780047331779]",4.889448214578227,,COMPLETE
29,11.556664965218586,2026-10-02 11:15:29.054345,2026-10-02 11:15:29.101200,0 days 00:00:00.046855,5,S2,100,6.451769359467367,0.11572220308409868,MAE,1.7672021725568245,log,"[14.142647061341062, 9.281386761644637, 13.479089397067218, 9.323536640821423]",2.2664273711349163,,COMPLETE
30,11.573060198490836,2026-10-02 11:15:29.102814,2026-10-02 11:15:29.154516,0 days 00:00:00.051702,4,S2_original_DQ,200,1.5749832638198493,0.026420216066765183,MAE,2.5951893901768655,log,"[16.531111218388112, 10.259713969688507, 13.677059547777404, 5.824356058109325]",3.9931679399961237,,COMPLETE
31,10.224064816175957,2026-10-02 11:15:29.156114,2026-10-02 11:15:29.209178,0 days 00:00:00.053064,4,S2_original_DQ,200,3.143396104187773,0.04266011446682617,MAE,2.3217296180233267,log,"[13.254021061079676, 9.313062780628803, 13.080891658249913, 5.248283764745435]",3.2760653317726813,,COMPLETE
32,11.660343121341485,2026-10-02 11:15:29.210816,2026-10-02 11:15:29.270969,0 days 00:00:00.060153,4,S2_original_DQ,300,10.318648408028878,0.04184268535624051,MAE,2.3066844337720203,log,"[16.093970825554464, 9.311542805478258, 15.276723777228293, 5.959135077104924]",4.205826308684895,,COMPLETE
33,12.508863000447086,2026-10-02 11:15:29.272530,2026-10-02 11:15:29.313615,0 days 00:00:00.041085,1,S2_original_DQ,100,3.287678761767024,0.0684989797639943,MAE,2.1445316137254986,log,"[18.907333037643745, 11.289856649136997, 12.226222816511859, 7.612039498495739]",4.076921669111259,,COMPLETE
34,10.79489799649657,2026-10-02 11:15:29.315289,2026-10-02 11:15:29.372289,0 days 00:00:00.057000,5,S2,200,5.828270587162541,0.04823517941488132,MAE,2.6945349970785357,log,"[14.060200447540177, 9.657926299169018, 12.244741025230145, 7.216724214046934]",2.591345073639005,,COMPLETE
