number,value,datetime_start,datetime_complete,duration,params_C,params_epsilon_log,params_epsilon_original,params_feature_set,params_gamma,params_kernel,params_target_transform,user_attrs_fold_MAPE,user_attrs_fold_SD,system_attrs_fixed_params,state
0,9.167852611872524,2026-10-02 11:15:46.784109,2026-10-02 11:15:46.815365,0 days 00:00:00.031256,1.0,0.05,,S1,0.1,rbf,log,"[5.652974862349574, 12.530540313083351, 8.391150693661695, 10.096744578395473]",2.506398827261402,"{'feature_set': 'S1', 'target_transform': 'log', 'kernel': 'rbf', 'C': 1.0, 'gamma': 0.1, 'epsilon_log': 0.05}",COMPLETE
1,14.513133827509652,2026-10-02 11:15:46.817524,2026-10-02 11:15:46.844995,0 days 00:00:00.027471,1.0,0.05,,S2,0.1,rbf,log,"[7.691749744262739, 27.141640809414685, 14.4715464775172, 8.747598278843984]",7.733912319676979,"{'feature_set': 'S2', 'target_transform': 'log', 'kernel': 'rbf', 'C': 1.0, 'gamma': 0.1, 'epsilon_log': 0.05}",COMPLETE
2,15.21884014076854,2026-10-02 11:15:46.847076,2026-10-02 11:15:46.873240,0 days 00:00:00.026164,1.0,0.05,,S3,0.1,rbf,log,"[7.5941573781940415, 24.18280368618638, 15.93294686392566, 13.16545263476808]",5.983618853489451,"{'feature_set': 'S3', 'target_transform': 'log', 'kernel': 'rbf', 'C': 1.0, 'gamma': 0.1, 'epsilon_log': 0.05}",COMPLETE
3,14.4253942071628,2026-10-02 11:15:46.875101,2026-10-02 11:15:46.902697,0 days 00:00:00.027596,3003.052967190912,,1.7119778316265728,S3,0.030823962189939984,rbf,original,"[5.7091231239338, 25.847287837682376, 13.32637238742023, 12.81879347961479]",7.249518097109383,,COMPLETE
4,15.449041804379394,2026-10-02 11:15:46.904254,2026-10-02 11:15:46.929368,0 days 00:00:00.025114,14.098068574984177,,3.807934195123169,S2,0.013443949753665396,linear,original,"[6.6127972834313, 33.082196963251675, 13.699762817500263, 8.401410153334337]",10.508763806385582,,COMPLETE
5,16.777914107293206,2026-10-02 11:15:46.931027,2026-10-02 11:15:46.975438,0 days 00:00:00.044411,0.14240011954784762,0.09418496138846348,,S2_plus_ratio,0.45007458857231275,rbf,log,"[11.934535655113637, 30.42752310818038, 17.1387397070666, 7.610857958812205]",8.572270035570986,,COMPLETE
6,10.33707467855422,2026-10-02 11:15:46.979622,2026-10-02 11:15:47.015298,0 days 00:00:00.035676,2694.072075240738,,72.62589185327778,S1,0.016554041988455035,linear,original,"[13.350669406566624, 8.853560675816732, 10.271414688753369, 8.872653943080156]",1.8324441537035585,,COMPLETE
7,17.437508031420965,2026-10-02 11:15:47.017116,2026-10-02 11:15:47.048150,0 days 00:00:00.031034,1947.7487611489807,,33.50496609777317,S2,1.93558317975015,linear,original,"[14.499217957767623, 32.461685393220655, 12.86975599587403, 9.919372778821549]",8.82816756595565,,COMPLETE
8,17.44078311529473,2026-10-02 11:15:47.049961,2026-10-02 11:15:47.084698,0 days 00:00:00.034737,46.471443449880425,,27.636883547205624,S2_plus_ratio,0.4775731839321459,linear,original,"[11.325111197951745, 35.0518011002404, 13.404434187792852, 9.981785975193931]",10.240582850444046,,COMPLETE
9,21.227981227028984,2026-10-02 11:15:47.087084,2026-10-02 11:15:47.119116,0 days 00:00:00.032032,0.216133984348742,0.011748190234617296,,S2_plus_ratio,4.2409002842128976,rbf,log,"[18.48349458496381, 37.3423735539444, 18.27164738325686, 10.814409385950867]",9.80291073201414,,COMPLETE
10,21.515964696474352,2026-10-02 11:15:47.121144,2026-10-02 11:15:47.152462,0 days 00:00:00.031318,1.9927455483232448,,84.70467286174421,S2,0.05234804278144832,rbf,original,"[21.889517839675918, 35.23392613628176, 18.523916135148898, 10.416498674790827]",8.950872982210667,,COMPLETE
11,16.70827020132349,2026-10-02 11:15:47.154289,2026-10-02 11:15:47.185975,0 days 00:00:00.031686,13.925819144858194,,41.59857865033235,S2_plus_ratio,0.5257747758541361,linear,original,"[7.647786486530436, 35.380745778700174, 14.835625313235223, 8.968923226828128]",11.114832430161425,,COMPLETE
12,12.084934737386092,2026-10-02 11:15:47.188059,2026-10-02 11:15:47.230500,0 days 00:00:00.042441,0.012900587609650167,0.0019627660478690264,,S1,0.002287357163524818,linear,log,"[8.44185681172387, 19.77220807506069, 11.314294298000215, 8.811379764759593]",4.573735808564883,,COMPLETE
13,12.816666518674483,2026-10-02 11:15:47.232377,2026-10-02 11:15:47.284822,0 days 00:00:00.052445,0.014853204488117612,0.0012033802595187446,,S1,0.0015365501368957684,linear,log,"[11.148957273202154, 19.87885265306595, 11.398990779920618, 8.839865368509207]",4.197632636749915,,COMPLETE
14,7.598404206414747,2026-10-02 11:15:47.287241,2026-10-02 11:15:47.339692,0 days 00:00:00.052451,55.64371364236753,0.009133942589357,,S1,0.011330047569210886,rbf,log,"[6.446859918466771, 5.232583609879655, 8.473292461173946, 10.240880836138615]",1.9151549244805024,,COMPLETE
15,21.652829960057286,2026-10-02 11:15:47.341308,2026-10-02 11:15:47.373836,0 days 00:00:00.032528,31.234846132310285,0.010833219216762627,,S2_original_DQ,0.0050179750792131205,rbf,log,"[8.91985693198405, 52.8449031645908, 15.094338429638512, 9.752221314015781]",18.16392255427934,,COMPLETE
16,15.723022941220409,2026-10-02 11:15:47.375331,2026-10-02 11:15:47.407222,0 days 00:00:00.031891,4.201498458618108,0.010843615365695267,,S4_early,0.006320116059486165,rbf,log,"[7.378932155110926, 23.2941995059452, 15.95402637604858, 16.264933727776928]",5.641223172073673,,COMPLETE
17,14.273023385499867,2026-10-02 11:15:47.408737,2026-10-02 11:15:47.439535,0 days 00:00:00.030798,0.11301467566246964,0.19220647817327757,,S1,0.15607614708552392,rbf,log,"[11.023092055199477, 23.993411007390385, 13.441743818880928, 8.633846660528677]",5.863858137455353,,COMPLETE
18,8.890012512974241,2026-10-02 11:15:47.441025,2026-10-02 11:15:47.472399,0 days 00:00:00.031374,63.915282887514806,0.0045681215802002,,S1,0.006157360924525324,rbf,log,"[7.970583124647412, 9.119630860361012, 8.871843932935949, 9.597992133952589]",0.5915319574200815,,COMPLETE
19,21.23183568129642,2026-10-02 11:15:47.473861,2026-10-02 11:15:47.505067,0 days 00:00:00.031206,60.380445087836854,0.003972134915959162,,S2_original_DQ,0.0010832063501667096,rbf,log,"[12.670102719864888, 47.660488435282296, 15.347746412554, 9.2490051574845]",15.41093517261815,,COMPLETE
20,14.376478120633584,2026-10-02 11:15:47.506582,2026-10-02 11:15:47.537929,0 days 00:00:00.031347,59.4926531622093,0.004774498549529254,,S4_early,0.005260122103659873,rbf,log,"[7.2159790306547595, 11.168387924881875, 22.76341220169981, 16.358133325297892]",5.827353828110774,,COMPLETE
21,9.991633614173258,2026-10-02 11:15:47.539383,2026-10-02 11:15:47.569780,0 days 00:00:00.030397,7.7083626433309,0.019576590766227604,,S1,0.014609264616213419,rbf,log,"[8.062413085523028, 13.764070794296627, 9.198639879366722, 8.941410697506656]",2.218388005076927,,COMPLETE
22,6.930656983796716,2026-10-02 11:15:47.571413,2026-10-02 11:15:47.601983,0 days 00:00:00.030570,24.46262943388297,0.0042057677600008045,,S1,0.032112225329991216,rbf,log,"[4.320948950438637, 4.886905319247855, 8.143135230723802, 10.37163843477657]",2.46464772994939,,COMPLETE
23,7.132194894856222,2026-10-02 11:15:47.603449,2026-10-02 11:15:47.633993,0 days 00:00:00.030544,23.126499503074545,0.0042381495756848775,,S1,0.025764291891782323,rbf,log,"[4.573748131558177, 5.460156753321602, 8.088256297350998, 10.406618397194112]",2.290047164655119,,COMPLETE
24,6.9746752702071255,2026-10-02 11:15:47.635510,2026-10-02 11:15:47.666619,0 days 00:00:00.031109,24.622532578455704,0.002587304020213249,,S1,0.032715625923880484,rbf,log,"[4.5914296068348515, 4.8817940102046835, 8.06668114322969, 10.358796320559277]",2.3824758115563567,,COMPLETE
25,7.011938069339138,2026-10-02 11:15:47.668293,2026-10-02 11:15:47.699411,0 days 00:00:00.031118,22.8630141437167,0.0022419484538725603,,S1,0.037091751731038396,rbf,log,"[4.6628721267423785, 4.873846665732577, 8.104038513976116, 10.40699497090548]",2.387919617517192,,COMPLETE
26,8.0348617643056,2026-10-02 11:15:47.701043,2026-10-02 11:15:47.732100,0 days 00:00:00.031057,5.573885316522019,0.0020698126792334935,,S1,0.04738353967049817,rbf,log,"[4.329053117933498, 9.224406207176203, 8.122342012338478, 10.463645719774222]",2.2942688378450917,,COMPLETE
27,9.081237063638186,2026-10-02 11:15:47.733555,2026-10-02 11:15:47.764391,0 days 00:00:00.030836,14.911348383660544,0.0019340502323108375,,S1,0.27292634664681337,rbf,log,"[8.141521671740328, 7.679739741701054, 9.884177100686218, 10.619509740425144]",1.210191647261985,,COMPLETE
28,14.335511105465859,2026-10-02 11:15:47.765921,2026-10-02 11:15:47.796670,0 days 00:00:00.030749,3.7386375490824393,0.0012272816107136248,,S3,0.04641982801826643,rbf,log,"[4.891427221388433, 23.772881167878285, 15.543738724576833, 13.133997308019882]",6.729749688685399,,COMPLETE
29,8.314787007161424,2026-10-02 11:15:47.798228,2026-10-02 11:15:47.829739,0 days 00:00:00.031511,8.291156683513178,0.002661240362799908,,S1,0.13335972518486913,rbf,log,"[8.463783610976625, 6.413301972693031, 7.809689947526498, 10.57237249744954]",1.4991381365527174,,COMPLETE
30,19.63271200883901,2026-10-02 11:15:47.831376,2026-10-02 11:15:47.866024,0 days 00:00:00.034648,27.02490200767965,0.007307968191546359,,S4_early,0.24554393828733176,rbf,log,"[13.950645591286909, 27.23718336358295, 19.719595970586752, 17.62342310989943]",4.851769111901485,,COMPLETE
31,6.9552689226736355,2026-10-02 11:15:47.867765,2026-10-02 11:15:47.901212,0 days 00:00:00.033447,24.746213003358445,0.0030771143300783147,,S1,0.029705630558197988,rbf,log,"[4.500692952822947, 4.887781040598458, 8.073306338448194, 10.359295358824944]",2.4050391356163514,,COMPLETE
32,7.682987354509976,2026-10-02 11:15:47.902836,2026-10-02 11:15:47.936267,0 days 00:00:00.033431,23.72473411453702,0.0029570464651167924,,S1,0.06787513066977122,rbf,log,"[7.508126185979455, 4.988224739158613, 7.814822469095523, 10.420776023806312]",1.9238755986627851,,COMPLETE
33,10.050911292426303,2026-10-02 11:15:47.937924,2026-10-02 11:15:47.972574,0 days 00:00:00.034650,2.2488740323967913,0.006031371747282973,,S1,0.023476185015506107,rbf,log,"[6.869378021031911, 14.876516133035706, 9.61615619565587, 8.84159481998172]",2.9605774081839207,,COMPLETE
34,17.040024210091133,2026-10-02 11:15:47.974328,2026-10-02 11:15:48.009721,0 days 00:00:00.035393,78.97335570787696,0.0010176666521224433,,S2_original_DQ,0.08158588472919456,rbf,log,"[11.896120960165359, 34.694112748295, 11.198756926318893, 10.371106205585274]",10.206878239582222,,COMPLETE
