number,value,datetime_start,datetime_complete,duration,params_bootstrap,params_criterion,params_feature_set,params_max_depth,params_max_features,params_min_samples_leaf,params_n_estimators,params_target_transform,user_attrs_fold_MAPE,user_attrs_fold_SD,system_attrs_fixed_params,state
0,8.445025067199063,2026-10-02 11:16:09.941643,2026-10-02 11:16:10.103299,0 days 00:00:00.161656,False,absolute_error,S1,10,0.5826617923964644,3,100,log,"[9.524799181517816, 7.742901340372846, 6.38797812809769, 10.124421618807906]",1.4756951542364012,"{'feature_set': 'S1', 'target_transform': 'log'}",COMPLETE
1,20.57711002743143,2026-10-02 11:16:10.105530,2026-10-02 11:16:10.309156,0 days 00:00:00.203626,True,squared_error,S2,1,0.5437400666512421,8,100,log,"[18.150576462901267, 28.181095117856753, 17.010451128122696, 18.966317400845]",4.4447824183272875,"{'feature_set': 'S2', 'target_transform': 'log'}",COMPLETE
2,19.663774419455265,2026-10-02 11:16:10.310982,2026-10-02 11:16:10.623579,0 days 00:00:00.312597,True,squared_error,S3,3,0.8883876691364071,8,200,log,"[16.173924245831767, 26.999805758775903, 16.256646845875384, 19.224720827338007]",4.410150122309725,"{'feature_set': 'S3', 'target_transform': 'log'}",COMPLETE
3,10.778074053713727,2026-10-02 11:16:10.625421,2026-10-02 11:16:10.853691,0 days 00:00:00.228270,False,squared_error,S1,10,0.889490572399288,5,200,log,"[9.045589289856935, 10.362698035576983, 12.59629792992416, 11.107710959496824]",1.2834172399413812,,COMPLETE
4,20.02985233966847,2026-10-02 11:16:10.855490,2026-10-02 11:16:11.146124,0 days 00:00:00.290634,True,squared_error,S2_plus_ratio,2,0.9031119352302802,8,200,log,"[16.94479402223168, 27.809716136024974, 16.440106937238077, 18.924792263179153]",4.5867007570465415,,COMPLETE
5,14.605139666467004,2026-10-02 11:16:11.148006,2026-10-02 11:16:11.349106,0 days 00:00:00.201100,True,absolute_error,S2_original_DQ,3,0.5957201586919764,4,100,log,"[12.117029784787006, 17.404938468687412, 12.072663190208747, 16.825927222184845]",2.5186751768867075,,COMPLETE
6,10.735736058627303,2026-10-02 11:16:11.350927,2026-10-02 11:16:11.552267,0 days 00:00:00.201340,True,absolute_error,S4_early,7,0.5180422091432814,2,100,log,"[4.581177243129523, 13.621277455849196, 9.748954105079711, 14.991535430450782]",4.040127172675478,,COMPLETE
7,10.05829974357469,2026-10-02 11:16:11.554033,2026-10-02 11:16:11.870685,0 days 00:00:00.316652,True,absolute_error,S1,2,0.4867904468273994,3,200,original,"[9.134030293776393, 10.337677901812553, 8.903920406372617, 11.857570372337197]",1.172848308693131,,COMPLETE
8,12.766182354709438,2026-10-02 11:16:11.872266,2026-10-02 11:16:12.072572,0 days 00:00:00.200306,True,absolute_error,S1,1,0.41832361354931125,1,100,log,"[10.709549228127687, 12.690339588722358, 12.924868439495679, 14.739972162492032]",1.4279810416561243,,COMPLETE
9,15.05124610755913,2026-10-02 11:16:12.074320,2026-10-02 11:16:12.270758,0 days 00:00:00.196438,True,absolute_error,S3,4,0.5454929270077575,5,100,original,"[11.532821637843504, 16.67672529968233, 13.303738459812337, 18.691699032898352]",2.7985788283369653,,COMPLETE
10,17.118964856236104,2026-10-02 11:16:12.272525,2026-10-02 11:16:12.617485,0 days 00:00:00.344960,True,absolute_error,S2_original_DQ,4,0.5828885371742771,5,200,original,"[13.644739541688015, 22.96213357679627, 12.794179596774208, 19.074806709685916]",4.145538177647878,,COMPLETE
11,12.272024230723105,2026-10-02 11:16:12.619382,2026-10-02 11:16:12.944556,0 days 00:00:00.325174,True,absolute_error,S1,5,0.7067222143824656,5,200,log,"[10.864775421060378, 11.790954203555524, 12.140816326050741, 14.291550972225778]",1.255734979725927,,COMPLETE
12,8.888008538046707,2026-10-02 11:16:12.946378,2026-10-02 11:16:13.134246,0 days 00:00:00.187868,False,absolute_error,S1,10,0.7179216811662843,3,100,original,"[9.52471653514342, 7.742901340372973, 6.347297458714007, 11.937118817956428]",2.089793880710857,,COMPLETE
13,8.888008538046707,2026-10-02 11:16:13.136069,2026-10-02 11:16:13.295753,0 days 00:00:00.159684,False,absolute_error,S1,10,0.7311991131333273,3,100,original,"[9.52471653514342, 7.742901340372973, 6.347297458714007, 11.937118817956428]",2.089793880710857,,COMPLETE
14,11.588225598783247,2026-10-02 11:16:13.297493,2026-10-02 11:16:13.460686,0 days 00:00:00.163193,False,absolute_error,S4_early,8,0.7165294032667697,1,100,original,"[3.5026060143996265, 13.496231015846138, 11.338639206572724, 18.0154261583145]",5.253306795117833,,COMPLETE
15,10.464587683567846,2026-10-02 11:16:13.462589,2026-10-02 11:16:13.639926,0 days 00:00:00.177337,False,absolute_error,S2_plus_ratio,8,0.7826873050910611,3,100,original,"[7.411471028274306, 15.619108006165586, 10.255174912224414, 8.572596787607075]",3.1430114669733586,,COMPLETE
16,9.767343686597524,2026-10-02 11:16:13.641821,2026-10-02 11:16:13.861929,0 days 00:00:00.220108,False,absolute_error,S2,9,0.6595474504660167,2,100,original,"[4.174624620610678, 15.263751330935232, 8.001597662336549, 11.629401132507637]",4.1253521212694535,,COMPLETE
17,12.297726366335102,2026-10-02 11:16:13.863807,2026-10-02 11:16:14.025726,0 days 00:00:00.161919,False,absolute_error,S1,7,0.9871064512959438,6,100,original,"[10.385649557299569, 11.082624178900527, 12.808279722879155, 14.914352006261153]",1.749278817038368,,COMPLETE
18,8.089116118034363,2026-10-02 11:16:14.027762,2026-10-02 11:16:14.189265,0 days 00:00:00.161503,False,squared_error,S1,10,0.8025040017332108,2,100,original,"[6.175247079409143, 8.22314700276492, 6.1925105808458305, 11.76555980911756]",2.2800334291666386,,COMPLETE
19,8.051377548903705,2026-10-02 11:16:14.191013,2026-10-02 11:16:14.353606,0 days 00:00:00.162593,False,squared_error,S1,9,0.79519659632478,2,100,log,"[6.134509026405004, 8.064314739308601, 6.285359657966698, 11.721326771934521]",2.250660947042891,,COMPLETE
20,8.81004954185423,2026-10-02 11:16:14.355357,2026-10-02 11:16:14.527372,0 days 00:00:00.172015,False,squared_error,S2_plus_ratio,6,0.80928126973765,1,100,original,"[5.293782146488075, 9.2289664929961, 9.41435218091214, 11.3030973470206]",2.1863266479466357,,COMPLETE
21,8.051377548903705,2026-10-02 11:16:14.528985,2026-10-02 11:16:14.687426,0 days 00:00:00.158441,False,squared_error,S1,9,0.8000070044936761,2,100,log,"[6.134509026405004, 8.064314739308601, 6.285359657966698, 11.721326771934521]",2.250660947042891,,COMPLETE
22,8.051377548903705,2026-10-02 11:16:14.689079,2026-10-02 11:16:14.845596,0 days 00:00:00.156517,False,squared_error,S1,9,0.8149924170810651,2,100,log,"[6.134509026405004, 8.064314739308601, 6.285359657966698, 11.721326771934521]",2.250660947042891,,COMPLETE
23,8.051377548903705,2026-10-02 11:16:14.847163,2026-10-02 11:16:15.007225,0 days 00:00:00.160062,False,squared_error,S1,8,0.8410070049173002,2,100,log,"[6.134509026405004, 8.064314739308601, 6.285359657966698, 11.721326771934521]",2.250660947042891,,COMPLETE
24,9.763194251534028,2026-10-02 11:16:15.009148,2026-10-02 11:16:15.186177,0 days 00:00:00.177029,False,squared_error,S1,9,0.9754578719552536,1,100,log,"[8.171290915174037, 9.296539768048248, 8.522819613760497, 13.062126709153327]",1.947652897800156,,COMPLETE
25,8.540751787027943,2026-10-02 11:16:15.187952,2026-10-02 11:16:15.349883,0 days 00:00:00.161931,False,squared_error,S2,9,0.7708541097199718,4,100,log,"[7.761613367350984, 11.242042553016498, 8.273470781160054, 6.885880446584242]",1.636617454458389,,COMPLETE
26,8.601527761244176,2026-10-02 11:16:15.351715,2026-10-02 11:16:15.516135,0 days 00:00:00.164420,False,squared_error,S3,7,0.8465747498681886,2,100,log,"[4.59683134281949, 9.862950388039978, 9.621606369400954, 10.324722944716283]",2.3258730862998775,,COMPLETE
27,12.34150912254669,2026-10-02 11:16:15.518075,2026-10-02 11:16:15.703833,0 days 00:00:00.185758,False,squared_error,S4_early,9,0.6476030896672669,4,100,log,"[6.2823652257555, 17.332980517193846, 10.551981768334594, 15.198708978902825]",4.271826617977304,,COMPLETE
28,8.826230510126663,2026-10-02 11:16:15.705718,2026-10-02 11:16:15.879282,0 days 00:00:00.173564,False,squared_error,S2_original_DQ,8,0.9247277567401366,2,100,log,"[5.534528338771081, 7.985029006645362, 7.967023176606153, 13.81834151848405]",3.0496857508645334,,COMPLETE
29,8.504410473758453,2026-10-02 11:16:15.881004,2026-10-02 11:16:16.045750,0 days 00:00:00.164746,False,squared_error,S1,9,0.8286629837618968,3,100,log,"[8.699175543802465, 10.912735949768958, 6.370842401443817, 8.034888000018574]",1.6286903560420625,,COMPLETE
30,9.86737803989085,2026-10-02 11:16:16.047631,2026-10-02 11:16:16.212632,0 days 00:00:00.165001,False,squared_error,S1,6,0.7570257065111559,1,100,log,"[8.171290915174037, 9.71327492147554, 8.522819613760497, 13.062126709153327]",1.930978749673852,,COMPLETE
31,8.051377548903705,2026-10-02 11:16:16.214449,2026-10-02 11:16:16.379749,0 days 00:00:00.165300,False,squared_error,S1,8,0.8573672814392371,2,100,log,"[6.134509026405004, 8.064314739308601, 6.285359657966698, 11.721326771934521]",2.250660947042891,,COMPLETE
32,8.051377548903705,2026-10-02 11:16:16.381328,2026-10-02 11:16:16.542066,0 days 00:00:00.160738,False,squared_error,S1,8,0.9369754285520573,2,100,log,"[6.134509026405004, 8.064314739308601, 6.285359657966698, 11.721326771934521]",2.250660947042891,,COMPLETE
33,8.051377548903705,2026-10-02 11:16:16.543847,2026-10-02 11:16:16.705148,0 days 00:00:00.161301,False,squared_error,S1,9,0.862291117331403,2,100,log,"[6.134509026405004, 8.064314739308601, 6.285359657966698, 11.721326771934521]",2.250660947042891,,COMPLETE
34,8.504410473758453,2026-10-02 11:16:16.706802,2026-10-02 11:16:16.865083,0 days 00:00:00.158281,False,squared_error,S1,7,0.6592107559012944,3,100,log,"[8.699175543802465, 10.912735949768958, 6.370842401443817, 8.034888000018574]",1.6286903560420625,,COMPLETE
