number,value,datetime_start,datetime_complete,duration,params_C,params_epsilon_log,params_epsilon_original,params_feature_set,params_gamma,params_kernel,params_target_transform,user_attrs_fold_MAPE,user_attrs_fold_SD,system_attrs_fixed_params,state
0,12.032475791740072,2026-10-02 11:15:26.443287,2026-10-02 11:15:26.470224,0 days 00:00:00.026937,1.0,0.05,,S1,0.1,rbf,log,"[21.80135275970529, 7.633637998173922, 9.868677902681956, 8.826234506399116]",5.69523343757445,"{'feature_set': 'S1', 'target_transform': 'log', 'kernel': 'rbf', 'C': 1.0, 'gamma': 0.1, 'epsilon_log': 0.05}",COMPLETE
1,12.827521172066556,2026-10-02 11:15:26.472092,2026-10-02 11:15:26.497364,0 days 00:00:00.025272,1.0,0.05,,S2,0.1,rbf,log,"[19.594077021502812, 13.501627771748828, 11.490897816507877, 6.723482078506706]",4.61753595063447,"{'feature_set': 'S2', 'target_transform': 'log', 'kernel': 'rbf', 'C': 1.0, 'gamma': 0.1, 'epsilon_log': 0.05}",COMPLETE
2,16.38658617408025,2026-10-02 11:15:26.499356,2026-10-02 11:15:26.524270,0 days 00:00:00.024914,1.0,0.05,,S3,0.1,rbf,log,"[21.4218051155516, 18.234402040538445, 15.059087835818652, 10.831049704412298]",3.9177190611625172,"{'feature_set': 'S3', 'target_transform': 'log', 'kernel': 'rbf', 'C': 1.0, 'gamma': 0.1, 'epsilon_log': 0.05}",COMPLETE
3,18.039524262191755,2026-10-02 11:15:26.525908,2026-10-02 11:15:26.552467,0 days 00:00:00.026559,44.33046919388726,0.0061632830018050295,,S3,0.019105255262054265,rbf,log,"[24.10336480195114, 19.425842128284902, 17.160120956111303, 11.46876916241968]",4.545333103123588,,COMPLETE
4,19.559620245511436,2026-10-02 11:15:26.554052,2026-10-02 11:15:26.579442,0 days 00:00:00.025390,6325.1542384670265,,3.3126146656581157,S4_early,0.8551095874517887,rbf,original,"[23.08395198365249, 27.623033403813217, 17.15558254387576, 10.375913050704284]",6.4722372691516235,,COMPLETE
5,15.382492362663193,2026-10-02 11:15:26.581016,2026-10-02 11:15:26.606607,0 days 00:00:00.025591,92.3537523645223,0.10402714697129802,,S1,0.09281372637584781,rbf,log,"[34.558944856658115, 6.860371176004586, 10.547596510898531, 9.563056907091545]",11.153530009525182,,COMPLETE
6,22.829045470070067,2026-10-02 11:15:26.608133,2026-10-02 11:15:26.634685,0 days 00:00:00.026552,72.81511191146664,0.01745558867741348,,S2_original_DQ,0.19813677529252674,rbf,log,"[27.133312243508062, 36.48968974641477, 20.182987504426386, 7.510192385931057]",10.568926117074682,,COMPLETE
7,16.947284079262552,2026-10-02 11:15:26.636285,2026-10-02 11:15:26.663329,0 days 00:00:00.027044,1.5215069553729554,0.027327864779631672,,S4_early,0.04993102854559786,rbf,log,"[22.952954014006867, 16.787589776461452, 13.73849237113548, 14.310100155446406]",3.651871332263032,,COMPLETE
8,21.117101450336627,2026-10-02 11:15:26.664880,2026-10-02 11:15:26.689917,0 days 00:00:00.025037,8.238239468969669,,1.418991849693077,S3,6.496946752818028,rbf,original,"[26.439396701194912, 28.923925798495638, 19.375484747662007, 9.729598553993945]",7.449526563708012,,COMPLETE
9,19.9421336592001,2026-10-02 11:15:26.691462,2026-10-02 11:15:26.717132,0 days 00:00:00.025670,18.268550389152924,0.017055010164237733,,S2_plus_ratio,8.448177308471589,rbf,log,"[24.61256033993216, 27.789199014932255, 18.40622458494814, 8.960550696987855]",7.182330769282793,,COMPLETE
10,8.567437153590337,2026-10-02 11:15:26.718651,2026-10-02 11:15:26.744430,0 days 00:00:00.025779,22.779579014228933,,2.064716995611059,S2,0.007291990731060749,linear,original,"[4.5243165109969485, 12.649036341018133, 10.38749325363135, 6.708902508714913]",3.153293186926754,,COMPLETE
11,9.171184802207835,2026-10-02 11:15:26.745959,2026-10-02 11:15:26.770427,0 days 00:00:00.024468,3532.3760316351627,,8.093525551229092,S2,0.002185060907334709,rbf,original,"[6.717906641791832, 12.160204772059222, 11.083803823131205, 6.72282397184908]",2.4801913427887676,,COMPLETE
12,8.366725080009399,2026-10-02 11:15:26.771934,2026-10-02 11:15:26.803064,0 days 00:00:00.031130,1000.417202957391,,32.863315808963584,S2,0.002388577329816198,linear,original,"[6.466021863852866, 10.140345560567763, 9.666783819832691, 7.193749075784274]",1.5671971604143125,,COMPLETE
13,9.908498186266124,2026-10-02 11:15:26.804608,2026-10-02 11:15:26.834622,0 days 00:00:00.030014,770.6897946128204,,98.88977410179939,S2,0.0011154403422127634,linear,original,"[10.090508418560717, 9.911722647769032, 9.937524612234633, 9.694237066500115]",0.14132275352876184,,COMPLETE
14,8.195475941927779,2026-10-02 11:15:26.836176,2026-10-02 11:15:26.877744,0 days 00:00:00.041568,1098.6257375821149,,26.173882063825772,S2,0.007099527317140432,linear,original,"[5.952853018276931, 10.29971964365787, 9.499307307859356, 7.030023797916958]",1.7688593828171768,,COMPLETE
15,8.943045824673046,2026-10-02 11:15:26.879635,2026-10-02 11:15:26.909256,0 days 00:00:00.029621,568.27860708982,,30.579992576536593,S2,0.004795460627620619,linear,original,"[6.290855062611274, 12.609988329980082, 9.890611574279728, 6.9807283318210995]",2.511431562285426,,COMPLETE
16,9.234761080637789,2026-10-02 11:15:26.910742,2026-10-02 11:15:26.941144,0 days 00:00:00.030402,797.9684085328287,,22.77222688551649,S2_plus_ratio,0.006581910387339629,linear,original,"[5.514139357712793, 14.243894993881398, 10.081903406216185, 7.099106564740783]",3.3246473082481334,,COMPLETE
17,9.172648450965658,2026-10-02 11:15:26.942709,2026-10-02 11:15:26.974333,0 days 00:00:00.031624,1894.1462504494034,,28.98764936662629,S2_original_DQ,0.01679569259361133,linear,original,"[6.072158539190947, 13.779401465350993, 9.70589107804747, 7.133142721273224]",2.969812382514698,,COMPLETE
18,9.13949063350196,2026-10-02 11:15:26.975913,2026-10-02 11:15:27.006707,0 days 00:00:00.030794,249.9094109860496,,70.77105382224016,S2,0.0012692595179180596,linear,original,"[7.7880005354671615, 10.666193653769957, 9.638186911235518, 8.465581433535203]",1.102292971991416,,COMPLETE
19,8.154139237151101,2026-10-02 11:15:27.008292,2026-10-02 11:15:27.042539,0 days 00:00:00.034247,9126.322055774692,,11.797526508714597,S2,0.0031255081999461585,linear,original,"[4.62882835860559, 11.587265326072671, 9.869721355698735, 6.530741908227405]",2.7291396275136885,,COMPLETE
20,8.064688997980873,2026-10-02 11:15:27.044021,2026-10-02 11:15:27.076921,0 days 00:00:00.032900,7477.847984356499,,9.722718378919769,S2,0.016169231670639533,linear,original,"[4.306747394202665, 11.334218678389385, 10.126527164951845, 6.491262754379597]",2.8079706283769585,,COMPLETE
21,8.142546559370315,2026-10-02 11:15:27.078505,2026-10-02 11:15:27.113529,0 days 00:00:00.035024,9538.430761650083,,10.52727651036672,S2,0.021029972179339988,linear,original,"[4.563691783712139, 11.43234762091975, 10.067577236138591, 6.50656959671078]",2.7392132200083825,,COMPLETE
22,8.018744693089662,2026-10-02 11:15:27.115117,2026-10-02 11:15:27.147568,0 days 00:00:00.032451,9206.260244201194,,9.24965427067339,S2,0.02192120764581998,linear,original,"[4.155653029484661, 11.283297700807907, 10.153769909500939, 6.4822581325651445]",2.850434491748634,,COMPLETE
23,7.948098179996109,2026-10-02 11:15:27.149316,2026-10-02 11:15:27.183292,0 days 00:00:00.033976,3512.1755469395926,,6.753111352325245,S2,0.025487449728662563,linear,original,"[3.3584289533885188, 11.898519741932004, 10.115343805978931, 6.420100218684981]",3.305398066034914,,COMPLETE
24,8.184788371054541,2026-10-02 11:15:27.184935,2026-10-02 11:15:27.217413,0 days 00:00:00.032478,3074.3722595002882,,5.003706276044934,S2,0.3329909506629792,linear,original,"[3.4671174944210335, 12.777432599205756, 10.044287674006505, 6.450315716584868]",3.528984717783167,,COMPLETE
25,9.088647551336297,2026-10-02 11:15:27.219046,2026-10-02 11:15:27.257460,0 days 00:00:00.038414,4163.844816117518,,5.756347713702961,S1,0.03750748135868139,linear,original,"[7.675347607112242, 9.86120320614909, 10.279381870306713, 8.538657521777148]",1.0385803078139113,,COMPLETE
26,8.425934997143019,2026-10-02 11:15:27.259146,2026-10-02 11:15:27.303239,0 days 00:00:00.044093,2284.2417617280057,,15.506816661846585,S2_original_DQ,0.014981875883544835,linear,original,"[4.9736680408756335, 12.107538722550778, 9.848140872894664, 6.774392352250998]",2.7487549813138767,,COMPLETE
27,7.417161686157515,2026-10-02 11:15:27.304851,2026-10-02 11:15:27.335355,0 days 00:00:00.030504,307.724985124133,,4.660754854952473,S2_plus_ratio,0.04667992829174237,linear,original,"[4.138047923416756, 8.757168406866132, 10.27301650765614, 6.500413906691032]",2.3208047275230737,,COMPLETE
28,7.481299139901358,2026-10-02 11:15:27.336977,2026-10-02 11:15:27.368259,0 days 00:00:00.031282,298.44043339489934,,3.4748802342981,S2_plus_ratio,0.8148780829633568,linear,original,"[4.105254493331712, 9.064310699814882, 10.239700178652637, 6.515931187806203]",2.368771550190517,,COMPLETE
29,7.451420761054963,2026-10-02 11:15:27.369836,2026-10-02 11:15:27.400924,0 days 00:00:00.031088,234.11446816602788,,3.256848092664802,S2_plus_ratio,1.9690097039628407,linear,original,"[4.148511118253245, 8.988285908300911, 10.206808270385395, 6.462077747280301]",2.336778044381343,,COMPLETE
30,7.477311276679175,2026-10-02 11:15:27.402445,2026-10-02 11:15:27.433361,0 days 00:00:00.030916,247.43395105926268,,3.053286338966076,S2_plus_ratio,2.5316248685297755,linear,original,"[4.1625369623119255, 9.072561608296784, 10.207479428628535, 6.466667107479456]",2.345622100337719,,COMPLETE
31,7.509713644428302,2026-10-02 11:15:27.434862,2026-10-02 11:15:27.465513,0 days 00:00:00.030651,290.71750239849473,,3.0930535533014694,S2_plus_ratio,2.729752537064273,linear,original,"[4.143308688412834, 9.153368197630604, 10.22695136949346, 6.515226322176311]",2.36678413183297,,COMPLETE
32,7.445990100661252,2026-10-02 11:15:27.467096,2026-10-02 11:15:27.497144,0 days 00:00:00.030048,152.52514511994815,,3.468136799700843,S2_plus_ratio,1.9051592844362053,linear,original,"[4.158295254667225, 9.03780592296463, 10.1771682668096, 6.410690958203554]",2.338482066540717,,COMPLETE
33,7.587576557613569,2026-10-02 11:15:27.498916,2026-10-02 11:15:27.529565,0 days 00:00:00.030649,146.1773934469077,,1.8059307140638234,S2_plus_ratio,2.067848306852089,linear,original,"[4.314178052762196, 9.437858350568733, 10.165851461117237, 6.432418366006108]",2.35162562978141,,COMPLETE
34,8.009463985702778,2026-10-02 11:15:27.531063,2026-10-02 11:15:27.561475,0 days 00:00:00.030412,438.44281384769147,,1.013346650963627,S2_plus_ratio,3.283811682326707,linear,original,"[4.2103221112601465, 10.955404911488564, 10.28803261631154, 6.58409630375086]",2.7538879313395435,,COMPLETE
