number,value,datetime_start,datetime_complete,duration,params_C,params_epsilon_log,params_epsilon_original,params_feature_set,params_gamma,params_kernel,params_target_transform,user_attrs_fold_MAPE,user_attrs_fold_SD,system_attrs_fixed_params,state
0,8.248456958143105,2026-10-02 11:16:06.110527,2026-10-02 11:16:06.139687,0 days 00:00:00.029160,1.0,0.05,,S1,0.1,rbf,log,"[5.100652988423716, 8.12709234980046, 8.384025190614528, 11.382057303733715]",2.222680199189726,"{'feature_set': 'S1', 'target_transform': 'log', 'kernel': 'rbf', 'C': 1.0, 'gamma': 0.1, 'epsilon_log': 0.05}",COMPLETE
1,10.52625998569188,2026-10-02 11:16:06.141752,2026-10-02 11:16:06.168300,0 days 00:00:00.026548,1.0,0.05,,S2,0.1,rbf,log,"[4.813038951791626, 15.726268636904667, 12.210540337797092, 9.35519201627413]",3.9965355324446947,"{'feature_set': 'S2', 'target_transform': 'log', 'kernel': 'rbf', 'C': 1.0, 'gamma': 0.1, 'epsilon_log': 0.05}",COMPLETE
2,12.194130183372856,2026-10-02 11:16:06.170569,2026-10-02 11:16:06.196263,0 days 00:00:00.025694,1.0,0.05,,S3,0.1,rbf,log,"[4.509655104600229, 21.31785748670457, 12.343068035790806, 10.605940106395824]",6.017434821963785,"{'feature_set': 'S3', 'target_transform': 'log', 'kernel': 'rbf', 'C': 1.0, 'gamma': 0.1, 'epsilon_log': 0.05}",COMPLETE
3,14.131457580658964,2026-10-02 11:16:06.197993,2026-10-02 11:16:06.225409,0 days 00:00:00.027416,18.60579152857171,0.009567479333914141,,S2_plus_ratio,0.0011093441079139887,rbf,log,"[13.337203713953553, 17.56627081535872, 13.979567989068824, 11.642787804254759]",2.159011861133831,,COMPLETE
4,13.758086717405586,2026-10-02 11:16:06.226995,2026-10-02 11:16:06.252408,0 days 00:00:00.025413,0.028356401936617624,0.014958809502803691,,S2_plus_ratio,5.167016201087522,linear,log,"[11.798606383387543, 17.040322363771825, 14.108693307858156, 12.084724814604819]",2.093782406119034,,COMPLETE
5,14.290270082714992,2026-10-02 11:16:06.254084,2026-10-02 11:16:06.279384,0 days 00:00:00.025300,0.014916490758659114,0.010800261448548763,,S2_original_DQ,0.01325686278462565,linear,log,"[10.282774092374757, 18.663359424237793, 14.505737339851255, 13.709209474396166]",2.9819453411728998,,COMPLETE
6,21.50269674111184,2026-10-02 11:16:06.280938,2026-10-02 11:16:06.307550,0 days 00:00:00.026612,0.0327003521827333,0.004938128385727147,,S2_plus_ratio,0.03281469674711583,rbf,log,"[19.919618143870558, 28.851351500020616, 17.54453409993253, 19.695283220623658]",4.342886705255707,,COMPLETE
7,20.612416823182425,2026-10-02 11:16:06.309294,2026-10-02 11:16:06.337703,0 days 00:00:00.028409,2005.8418044604546,,4.236644009953528,S4_early,0.004104235551392853,linear,original,"[10.935125332449026, 34.63472862277983, 14.015836675584648, 22.863976661916197]",9.204069618283395,,COMPLETE
8,11.585850081042068,2026-10-02 11:16:06.339204,2026-10-02 11:16:06.364586,0 days 00:00:00.025382,9.885514000085577,0.18649885776033093,,S3,0.19823541790898105,linear,log,"[5.849383294626629, 8.116812048250063, 15.867332686485797, 16.50987229480578]",4.677562509656087,,COMPLETE
9,16.630087559923332,2026-10-02 11:16:06.366230,2026-10-02 11:16:06.390711,0 days 00:00:00.024481,131.6201541354941,,34.599575598861314,S3,0.20618205913093793,rbf,original,"[10.881653029262731, 27.723467544576636, 13.751006608045973, 14.164223057807993]",6.528345385843439,,COMPLETE
10,23.472643472946913,2026-10-02 11:16:06.392240,2026-10-02 11:16:06.417473,0 days 00:00:00.025233,0.015047779178453555,0.007238997318080906,,S3,4.75678817322133,rbf,log,"[24.057891790767187, 30.63676523747371, 18.146943223186447, 21.048973640360323]",4.634231728619292,,COMPLETE
11,11.705869847720756,2026-10-02 11:16:06.419039,2026-10-02 11:16:06.445350,0 days 00:00:00.026311,9.72934433621729,0.0012979050720201403,,S2_plus_ratio,0.00889549409612888,rbf,log,"[10.081096098101236, 12.20080008394163, 13.99657803918587, 10.54500516965429]",1.5394639079405252,,COMPLETE
12,23.250311247907344,2026-10-02 11:16:06.446889,2026-10-02 11:16:06.477760,0 days 00:00:00.030871,2.318041923070868,,1.272628630639077,S2,0.9691558506520016,rbf,original,"[23.518564625556984, 30.447854523824674, 18.02870705712237, 21.006118785125352]",4.587432267035501,,COMPLETE
13,10.11004503707651,2026-10-02 11:16:06.479345,2026-10-02 11:16:06.510504,0 days 00:00:00.031159,0.26756508185142175,0.058357098518636304,,S1,0.8892810143574157,rbf,log,"[10.292797559098265, 9.39168199673901, 9.15774443676227, 11.597956155706502]",0.957888285805013,,COMPLETE
14,23.18292185142556,2026-10-02 11:16:06.512007,2026-10-02 11:16:06.543157,0 days 00:00:00.031150,2.25446663808809,,57.392482517274914,S1,0.7877978923298236,rbf,original,"[21.567810706725382, 33.60508164014482, 17.852838936446553, 19.705956122385494]",6.158917787095424,,COMPLETE
15,11.525681860022424,2026-10-02 11:16:06.544825,2026-10-02 11:16:06.578089,0 days 00:00:00.033264,0.16182118456835673,0.07702043338384233,,S1,0.9002670537813163,rbf,log,"[11.337662462748034, 12.201755103873287, 9.225292836869615, 13.338017036598753]",1.5057203238732901,,COMPLETE
16,11.276008758981945,2026-10-02 11:16:06.579724,2026-10-02 11:16:06.617194,0 days 00:00:00.037470,0.2055593319328901,0.026438067274683983,,S1,2.3474556419777257,rbf,log,"[11.613323050432037, 10.888106063769676, 10.861496916255524, 11.741109005470545]",0.4038526151994157,,COMPLETE
17,11.324629285158757,2026-10-02 11:16:06.619253,2026-10-02 11:16:06.657102,0 days 00:00:00.037849,0.17602379559855771,0.13643635831575934,,S1,0.22839596388531974,rbf,log,"[9.674414591362162, 12.016360226981798, 10.952738103760556, 12.655004218530507]",1.1302544786068336,,COMPLETE
18,11.625391357639,2026-10-02 11:16:06.658973,2026-10-02 11:16:06.718097,0 days 00:00:00.059124,57.683628704538776,,8.461758079852794,S1,0.04745222857814855,linear,original,"[10.15501905115601, 14.298969612969408, 10.720117291884904, 11.32745947454568]",1.5983037843396808,,COMPLETE
19,17.738150995629816,2026-10-02 11:16:06.719990,2026-10-02 11:16:06.756008,0 days 00:00:00.036018,0.4277837723563082,0.023294879577192465,,S4_early,0.4024361334991491,rbf,log,"[14.482184548825314, 25.407413962244412, 17.153405329687974, 13.909600141761558]",4.593980874151959,,COMPLETE
20,24.427780488772918,2026-10-02 11:16:06.757672,2026-10-02 11:16:06.792542,0 days 00:00:00.034870,0.06307140656557526,0.08642367107376268,,S2_original_DQ,9.22999476810452,rbf,log,"[22.1656128347774, 34.2215121596944, 18.532180054575573, 22.7918169060443]",5.8836439359574655,,COMPLETE
21,10.70568906796441,2026-10-02 11:16:06.794218,2026-10-02 11:16:06.829441,0 days 00:00:00.035223,0.7938691507431248,0.03849666325002613,,S2,0.08105506217113445,rbf,log,"[3.4830375334783223, 16.11868085454759, 12.934547944281471, 10.286489939550258]",4.653243897272949,,COMPLETE
22,11.595533988615502,2026-10-02 11:16:06.831099,2026-10-02 11:16:06.864207,0 days 00:00:00.033108,2.2424680177084806,0.04964377794899678,,S2,0.022231266539974724,rbf,log,"[10.127386615778395, 11.557344813384415, 12.809645720985705, 11.887758804313494]",0.963895451159257,,COMPLETE
23,11.521938944362946,2026-10-02 11:16:06.866031,2026-10-02 11:16:06.900536,0 days 00:00:00.034505,0.45166006066210773,0.09294150393937166,,S2,0.09314397574437142,rbf,log,"[6.790771759997817, 14.222735732606026, 13.537674799505611, 11.536573485342332]",2.9043782219820735,,COMPLETE
24,9.5460705379952,2026-10-02 11:16:06.902398,2026-10-02 11:16:06.936388,0 days 00:00:00.033990,1.3163217218443002,0.030624422076574842,,S1,0.4563779623357665,rbf,log,"[8.677203382230106, 7.29278797267504, 9.425151598594054, 12.789139198481605]",2.0226423423382416,,COMPLETE
25,14.968709653214926,2026-10-02 11:16:06.938157,2026-10-02 11:16:06.972825,0 days 00:00:00.034668,0.0849760610854493,0.022320943130667188,,S1,1.7608554138289036,rbf,log,"[14.237572084978789, 18.894227587288075, 12.32835029155762, 14.414688649035218]",2.4094963180185527,,COMPLETE
26,15.023167908100774,2026-10-02 11:16:06.974463,2026-10-02 11:16:07.008038,0 days 00:00:00.033575,5.268200928770696,,12.730672617417232,S1,0.3894233923413955,linear,original,"[7.622902357619135, 22.306865847000985, 13.388834896311247, 16.774068531471727]",5.328059761046471,,COMPLETE
27,9.730480989715055,2026-10-02 11:16:07.009789,2026-10-02 11:16:07.044839,0 days 00:00:00.035050,0.3925344247305915,0.03087654465870208,,S1,0.5113995156604896,rbf,log,"[8.889805455658752, 8.059738250399349, 9.353086440214147, 12.619293812587967]",1.7310244673404358,,COMPLETE
28,9.590748598249393,2026-10-02 11:16:07.046478,2026-10-02 11:16:07.083009,0 days 00:00:00.036531,0.5610986371714085,0.028304573501562496,,S1,0.40495417859395844,rbf,log,"[8.606832067914054, 7.843814933127294, 9.189230422821296, 12.723116969134926]",1.8703487258481546,,COMPLETE
29,8.322480858920631,2026-10-02 11:16:07.085002,2026-10-02 11:16:07.123385,0 days 00:00:00.038383,1.4119523637612945,0.016769270402017006,,S1,0.14602751173364184,rbf,log,"[5.747510660417416, 7.039352873593287, 8.29854052333412, 12.2045193783377]",2.415972120897495,,COMPLETE
30,7.728899682804572,2026-10-02 11:16:07.125031,2026-10-02 11:16:07.162712,0 days 00:00:00.037681,4.198431848206929,0.0043363924248049895,,S1,0.04997053550603887,rbf,log,"[4.480818961661825, 6.121557008571962, 8.52823641057655, 11.78498635040795]",2.748834166648814,,COMPLETE
31,7.70457736399868,2026-10-02 11:16:07.164453,2026-10-02 11:16:07.204183,0 days 00:00:00.039730,1.1608749120264892,0.0020224872943312116,,S1,0.055462326121426285,rbf,log,"[4.333750313208208, 6.414993398438769, 8.624035669753805, 11.445530074593936]",2.6393954122820484,,COMPLETE
32,7.750927712469458,2026-10-02 11:16:07.205835,2026-10-02 11:16:07.241033,0 days 00:00:00.035198,5.282110804651527,0.0023891721740420223,,S1,0.051600932761669785,rbf,log,"[4.322445980120522, 6.210185622174776, 8.632669173685043, 11.83841007389749]",2.811287660364369,,COMPLETE
33,7.757641385619548,2026-10-02 11:16:07.242687,2026-10-02 11:16:07.277233,0 days 00:00:00.034546,4.580197069393394,0.002125631325982556,,S1,0.049420946955797636,rbf,log,"[4.322358134646805, 6.1849103468817095, 8.646073231868977, 11.8772238290807]",2.829970167180512,,COMPLETE
34,7.739865474862155,2026-10-02 11:16:07.278965,2026-10-02 11:16:07.313836,0 days 00:00:00.034871,3.8292879762025938,0.002282383492771282,,S1,0.050804527249960416,rbf,log,"[4.308349299958656, 6.18055855071937, 8.61737668511888, 11.853177363651712]",2.8238317035938825,,COMPLETE
