number,value,datetime_start,datetime_complete,duration,params_depth,params_feature_set,params_iterations,params_l2_leaf_reg,params_learning_rate,params_loss_function,params_random_strength,params_target_transform,user_attrs_fold_MAPE,user_attrs_fold_SD,system_attrs_fixed_params,state
0,7.87150839709545,2026-10-02 11:15:48.040356,2026-10-02 11:15:48.102112,0 days 00:00:00.061756,5,S1,400,0.24268449318277202,0.10485976105450326,RMSE,1.3757698413747517,log,"[5.4055292225115394, 15.231499056874876, 4.0024630069675755, 6.846542302027812]",4.366651564082881,"{'feature_set': 'S1', 'target_transform': 'log'}",COMPLETE
1,10.595704572371634,2026-10-02 11:15:48.104193,2026-10-02 11:15:48.156093,0 days 00:00:00.051900,5,S2,200,10.02333251549063,0.055427188095473895,RMSE,0.9606224255412874,log,"[6.972258103592334, 19.939620030121873, 7.902913620983322, 7.568026534789003]",5.404999486605711,"{'feature_set': 'S2', 'target_transform': 'log'}",COMPLETE
2,12.902493022456426,2026-10-02 11:15:48.158006,2026-10-02 11:15:48.215431,0 days 00:00:00.057425,4,S3,200,1.3015861327287306,0.13611638559177253,RMSE,2.6499744076246925,log,"[4.852813404294314, 17.68110330792979, 13.48972025175681, 15.586335125844794]",4.878019640956724,"{'feature_set': 'S3', 'target_transform': 'log'}",COMPLETE
3,17.351236592134406,2026-10-02 11:15:48.217377,2026-10-02 11:15:48.257878,0 days 00:00:00.040501,5,S2_original_DQ,100,0.19603525089946394,0.005327305589833791,MAE,2.4793670156294842,original,"[16.147125273254094, 28.262350593835617, 14.837085283166482, 10.158385218281436]",6.681323980265804,,COMPLETE
4,9.48770343927947,2026-10-02 11:15:48.259721,2026-10-02 11:15:48.318437,0 days 00:00:00.058716,2,S2,500,0.7356225770861046,0.008559962473960668,RMSE,0.2263884910168419,log,"[6.180543995604398, 17.227474425310454, 7.076591647179573, 7.466203689023453]",4.492807580355088,,COMPLETE
5,10.48380382781616,2026-10-02 11:15:48.320641,2026-10-02 11:15:48.409352,0 days 00:00:00.088711,2,S4_early,200,0.26293810306428267,0.059024074784833354,MAE,0.04509418769010032,log,"[4.166466899486036, 13.201949576831193, 11.476401218656887, 13.090397616290522]",3.7106819769871455,,COMPLETE
6,10.488631692785098,2026-10-02 11:15:48.412313,2026-10-02 11:15:48.521168,0 days 00:00:00.108855,2,S2,300,0.49180308124418964,0.030544888471575868,RMSE,2.1192453409339005,original,"[3.8451089308500435, 22.07938659156497, 7.717048363046219, 8.312982885679162]",6.908276118133356,,COMPLETE
7,12.790341500012522,2026-10-02 11:15:48.524008,2026-10-02 11:15:48.631981,0 days 00:00:00.107973,3,S3,400,5.054776170955247,0.12114292084062653,MAE,0.8517741559630589,original,"[6.700460165227601, 18.52518570355939, 13.434505728772406, 12.501214402490687]",4.197428818421228,,COMPLETE
8,11.099573008637336,2026-10-02 11:15:48.634214,2026-10-02 11:15:48.717013,0 days 00:00:00.082799,2,S3,500,0.34186722108896667,0.11675047763860241,RMSE,0.8787613523938081,log,"[6.668313684622337, 16.32361798605279, 8.79026492875068, 12.616095435123537]",3.6932184203142815,,COMPLETE
9,9.661198001668964,2026-10-02 11:15:48.718794,2026-10-02 11:15:48.785380,0 days 00:00:00.066586,3,S2,500,0.10734344519137126,0.03010626166033336,RMSE,0.7029857430533702,log,"[4.727246008022131, 20.812625645539484, 5.665755287694896, 7.439165065419346]",6.511513142552155,,COMPLETE
10,16.74402289043161,2026-10-02 11:15:48.787334,2026-10-02 11:15:48.866244,0 days 00:00:00.078910,5,S4_early,200,11.746760067870381,0.018019712790366436,RMSE,1.8091629035029602,log,"[14.301365968002393, 27.8992236723128, 13.787194890428447, 10.988307030982803]",6.562700934087415,,COMPLETE
11,14.629905956741021,2026-10-02 11:15:48.868457,2026-10-02 11:15:48.920098,0 days 00:00:00.051641,5,S3,100,1.220963851395268,0.1204186828602967,RMSE,2.732067075351851,original,"[5.569887360176053, 25.68928939412343, 13.59536945834714, 13.66507761431746]",7.183228008388783,,COMPLETE
12,11.413873379431486,2026-10-02 11:15:48.922019,2026-10-02 11:15:48.971558,0 days 00:00:00.049539,1,S1,400,1.2318805950593696,0.007074478987333848,RMSE,1.4872745471649949,log,"[8.649968788718294, 17.047047238679582, 9.651665791242396, 10.306811699085667]",3.305403812813302,,COMPLETE
13,11.36390589631196,2026-10-02 11:15:48.973209,2026-10-02 11:15:49.026976,0 days 00:00:00.053767,1,S2_plus_ratio,400,2.790575841973539,0.0100733137699779,RMSE,0.041469532564693184,log,"[6.785618513995047, 20.951519066857408, 8.909782614876702, 8.808703389518683]",5.5998844317160685,,COMPLETE
14,9.537647126819763,2026-10-02 11:15:49.028704,2026-10-02 11:15:49.096321,0 days 00:00:00.067617,4,S1,500,47.210495538704485,0.013915120456117522,MAE,1.3930273489160743,log,"[5.460369713285719, 14.3969545561412, 8.274166638267824, 10.01909759958431]",3.242885956299189,,COMPLETE
15,7.840649615347743,2026-10-02 11:15:49.098201,2026-10-02 11:15:49.169418,0 days 00:00:00.071217,4,S1,400,0.5475946284953246,0.06142036087458162,RMSE,0.40268202256966545,log,"[5.437914664583783, 15.221462156074935, 4.0128311138702415, 6.690390526862014]",4.365341322733996,,COMPLETE
16,7.871969807173491,2026-10-02 11:15:49.171388,2026-10-02 11:15:49.234151,0 days 00:00:00.062763,4,S1,300,0.13150615930819592,0.19645211236326127,RMSE,0.4616897088970695,log,"[5.405763300599161, 15.231777862244748, 4.00252782414679, 6.847810241703265]",4.3666472612324405,,COMPLETE
17,7.826840769159034,2026-10-02 11:15:49.236462,2026-10-02 11:15:49.298956,0 days 00:00:00.062494,4,S1,300,0.5948993951061867,0.06553761253645458,RMSE,1.3100305657108124,log,"[5.426541854023827, 15.164490091810531, 4.063023909500158, 6.653307221301619]",4.334340515153558,,COMPLETE
18,9.307969114558315,2026-10-02 11:15:49.301329,2026-10-02 11:15:49.362061,0 days 00:00:00.060732,3,S1,300,0.6380919681616208,0.06016544066764585,MAE,1.1642621337885806,original,"[5.405764983300555, 15.240737578328446, 8.195549484944657, 8.389824411659603]",3.6230307014473837,,COMPLETE
19,11.555557646542368,2026-10-02 11:15:49.363799,2026-10-02 11:15:49.445460,0 days 00:00:00.081661,4,S2_plus_ratio,300,2.5147629842418064,0.04052442381736137,RMSE,1.8580241978983598,log,"[5.975170519922222, 24.29196182135631, 8.636066957018146, 7.319031287872795]",7.413303805677441,,COMPLETE
20,10.793002494134909,2026-10-02 11:15:49.447353,2026-10-02 11:15:49.541333,0 days 00:00:00.093980,4,S2_original_DQ,400,2.289898984466474,0.07894942518087125,RMSE,0.5158519075430327,log,"[5.5387947971598805, 20.903103561218884, 7.331766230297084, 9.398345387863785]",5.994707395440222,,COMPLETE
21,7.864920751814369,2026-10-02 11:15:49.544250,2026-10-02 11:15:49.623714,0 days 00:00:00.079464,5,S1,400,0.4188309643181264,0.08066163053078962,RMSE,1.33753426144708,log,"[5.402382245878819, 15.228074826170545, 4.000880147975688, 6.828345787232422]",4.367076575388714,,COMPLETE
22,7.820039444363383,2026-10-02 11:15:49.625535,2026-10-02 11:15:49.692905,0 days 00:00:00.067370,4,S1,300,0.40696569664641674,0.07985940781325923,RMSE,1.6629742341040579,log,"[5.419280193767835, 15.198778437793118, 3.979544395583548, 6.6825547503090315]",4.366139821438123,,COMPLETE
23,7.949232310186978,2026-10-02 11:15:49.694960,2026-10-02 11:15:49.754390,0 days 00:00:00.059430,3,S1,300,0.822399712965169,0.03973523852611886,RMSE,1.788909970642679,log,"[4.958185603236063, 14.6933809680199, 5.29151594707463, 6.853846722417319]",3.95895274582686,,COMPLETE
24,7.819074933766084,2026-10-02 11:15:49.756420,2026-10-02 11:15:49.820263,0 days 00:00:00.063843,4,S1,300,0.16921309574312093,0.07918782962796622,RMSE,2.179357688581687,log,"[5.388444822921498, 15.202866598176737, 3.985646280692358, 6.699342033273746]",4.369705913611814,,COMPLETE
25,7.871866511655945,2026-10-02 11:15:49.822083,2026-10-02 11:15:49.885800,0 days 00:00:00.063717,4,S1,300,0.15928728418432478,0.18382616650951594,RMSE,2.286019334558551,log,"[5.40569941616692, 15.231746872617894, 4.0024917589254905, 6.847527998913473]",4.366667763761673,,COMPLETE
26,9.403457739562288,2026-10-02 11:15:49.887813,2026-10-02 11:15:49.942197,0 days 00:00:00.054384,3,S1,200,0.2906247351961307,0.08339642215339714,MAE,2.055383922156273,original,"[5.406761225528497, 15.218673738445037, 8.469615804876875, 8.518780189398749]",3.5862597251765003,,COMPLETE
27,7.885682069238394,2026-10-02 11:15:49.944650,2026-10-02 11:15:50.005948,0 days 00:00:00.061298,4,S1,300,0.17140899530994375,0.038502355150279624,RMSE,2.9525230912929747,log,"[5.375564627639403, 14.873184738832707, 4.542466462350765, 6.751512448130696]",4.110636035085925,,COMPLETE
28,10.87027048736805,2026-10-02 11:15:50.007624,2026-10-02 11:15:50.094843,0 days 00:00:00.087219,3,S4_early,300,0.3973041342207707,0.026166124480404035,RMSE,1.5519600152458823,log,"[3.2799989715763043, 17.450812333203377, 9.26438057008987, 13.485890074602644]",5.252049621808859,,COMPLETE
29,7.811472498669233,2026-10-02 11:15:50.096936,2026-10-02 11:15:50.163004,0 days 00:00:00.066068,4,S1,200,0.23645225830532673,0.09118771718543149,RMSE,1.6647343258206244,log,"[5.431388756360262, 15.161336996355338, 4.012120190557728, 6.641044051403604]",4.344257343495864,,COMPLETE
30,12.264275898014718,2026-10-02 11:15:50.164915,2026-10-02 11:15:50.226497,0 days 00:00:00.061582,5,S2_original_DQ,100,0.10423565576306296,0.15641223456690517,RMSE,1.6263322075588977,log,"[6.0280021736675, 21.749479691875464, 8.98641149382999, 12.293210232685913]",5.907737156136815,,COMPLETE
31,7.811896103960463,2026-10-02 11:15:50.228529,2026-10-02 11:15:50.287486,0 days 00:00:00.058957,4,S1,200,0.22116867376977742,0.08785026910581892,RMSE,1.1790685603531517,log,"[5.4495480709848065, 15.141882047555896, 4.020737383986553, 6.635416913314596]",4.332042528884831,,COMPLETE
32,7.816734603009828,2026-10-02 11:15:50.289618,2026-10-02 11:15:50.346849,0 days 00:00:00.057231,4,S1,200,0.24574980553997453,0.08599228756434908,RMSE,1.1205364599575125,log,"[5.468634528670496, 15.144719667394419, 4.021488908116056, 6.632095307858343]",4.330710080552112,,COMPLETE
33,7.8283599244575965,2026-10-02 11:15:50.348673,2026-10-02 11:15:50.407792,0 days 00:00:00.059119,4,S1,200,0.22103365395769423,0.09807372056722935,RMSE,1.0780040062596918,log,"[5.48242425008754, 15.179042815643923, 3.9891355465648988, 6.662837085534022]",4.348391670115501,,COMPLETE
34,11.561519134742069,2026-10-02 11:15:50.410145,2026-10-02 11:15:50.482453,0 days 00:00:00.072308,5,S2_plus_ratio,200,0.23023724843457638,0.04735319398880445,RMSE,2.029194891768202,log,"[7.209506175668831, 22.036199161591906, 9.394778361073081, 7.60559284063446]",6.103340415000624,,COMPLETE
