number,value,datetime_start,datetime_complete,duration,params_depth,params_feature_set,params_iterations,params_l2_leaf_reg,params_learning_rate,params_loss_function,params_random_strength,params_target_transform,user_attrs_fold_MAPE,user_attrs_fold_SD,system_attrs_fixed_params,state
0,12.895022520369883,2026-10-02 11:16:07.345313,2026-10-02 11:16:07.388785,0 days 00:00:00.043472,2,S1,300,13.458701431035912,0.011650260168931883,RMSE,2.7468991519229164,log,"[11.503339810209077, 15.450114053789793, 10.880969009323122, 13.745667208157542]",1.8197033714410558,"{'feature_set': 'S1', 'target_transform': 'log'}",COMPLETE
1,12.757079313451563,2026-10-02 11:16:07.390935,2026-10-02 11:16:07.437152,0 days 00:00:00.046217,1,S2,500,8.638830327617987,0.008302608193541105,RMSE,2.23108714758345,log,"[10.322950095240067, 15.459099077384108, 11.440981076325226, 13.805287004856853]",2.0035437223655275,"{'feature_set': 'S2', 'target_transform': 'log'}",COMPLETE
2,10.922806612266259,2026-10-02 11:16:07.439317,2026-10-02 11:16:07.489547,0 days 00:00:00.050230,1,S3,500,29.064187644766438,0.024962593514347195,MAE,0.6257124305523292,log,"[7.348274479250665, 11.6504831587288, 9.000553962191335, 15.691914848894237]",3.15223102538605,"{'feature_set': 'S3', 'target_transform': 'log'}",COMPLETE
3,9.046197975734549,2026-10-02 11:16:07.491474,2026-10-02 11:16:07.553931,0 days 00:00:00.062457,2,S2_plus_ratio,500,1.7766213549721201,0.020022757190801228,RMSE,2.9063136594861105,log,"[5.0464748915755395, 10.425680352115728, 9.7683772438077, 10.944259415439225]",2.346536623453232,,COMPLETE
4,10.323657091732692,2026-10-02 11:16:07.556076,2026-10-02 11:16:07.632786,0 days 00:00:00.076710,3,S2,500,1.5446933128713836,0.005641856094210457,MAE,2.9656082031755218,log,"[5.870896213397837, 12.437296426124126, 10.537856375136615, 12.448579352272189]",2.68587632914581,,COMPLETE
5,10.02633852552173,2026-10-02 11:16:07.634809,2026-10-02 11:16:07.730780,0 days 00:00:00.095971,5,S2_original_DQ,500,0.7769889271650193,0.006775940738110529,MAE,1.370795108287841,original,"[4.869274732396151, 12.291365813657382, 9.016103695309157, 13.928609860724228]",3.4631615457585734,,COMPLETE
6,10.667335610954652,2026-10-02 11:16:07.732851,2026-10-02 11:16:07.793537,0 days 00:00:00.060686,4,S3,100,0.1431439451031491,0.09146628423441272,MAE,2.5319106214638376,original,"[4.19655741082882, 14.747051358070745, 8.87440228991881, 14.851331385000227]",4.45071571838178,,COMPLETE
7,9.42382833091691,2026-10-02 11:16:07.795322,2026-10-02 11:16:07.880562,0 days 00:00:00.085240,4,S2_plus_ratio,500,0.33588920879065115,0.09067939350596405,RMSE,0.3142808489148823,original,"[5.364284271376394, 14.478889292320844, 6.098399364295419, 11.75374039567498]",3.824934879720544,,COMPLETE
8,9.28026100336406,2026-10-02 11:16:07.882538,2026-10-02 11:16:07.951368,0 days 00:00:00.068830,4,S2,400,10.06377269648721,0.01705820865563605,MAE,2.503497173169192,original,"[5.078661491476417, 12.382078896693551, 8.154119022955046, 11.50618460233123]",2.893857474468636,,COMPLETE
9,8.724788308444587,2026-10-02 11:16:07.953197,2026-10-02 11:16:07.998354,0 days 00:00:00.045157,2,S1,500,45.06261167908657,0.05478094679174413,RMSE,2.5929365149393107,original,"[6.571772105774574, 9.891318323116604, 7.471871506523904, 10.964191298363271]",1.7734850794327388,,COMPLETE
10,8.558894883989737,2026-10-02 11:16:08.000057,2026-10-02 11:16:08.088238,0 days 00:00:00.088181,5,S2,500,0.28406352919854544,0.026065493560335027,MAE,1.021410729663092,log,"[5.472752910011654, 12.361460964807257, 6.151810301851689, 10.249555359288346]",2.856403775328204,,COMPLETE
11,8.712944782961447,2026-10-02 11:16:08.089856,2026-10-02 11:16:08.139041,0 days 00:00:00.049185,3,S2,200,3.8925113448549133,0.18478813498325222,MAE,2.2488660310823563,original,"[5.005944744966513, 12.873106451471338, 6.12095865592915, 10.851769279478791]",3.2535271898150784,,COMPLETE
12,10.964901204053987,2026-10-02 11:16:08.140849,2026-10-02 11:16:08.213983,0 days 00:00:00.073134,5,S4_early,100,0.10659733841771729,0.17463372159347482,MAE,1.6496757543369671,log,"[4.177754495095146, 15.050586130539859, 7.756504062182579, 16.874760128398364]",5.195633418868824,,COMPLETE
13,8.182830255113217,2026-10-02 11:16:08.215938,2026-10-02 11:16:08.271400,0 days 00:00:00.055462,3,S2,200,3.291372666130637,0.038072033111648,MAE,1.0480172974958497,original,"[4.206040580235845, 10.438614111385151, 7.4971760869476585, 10.589490241884217]",2.6060291083694627,,COMPLETE
14,9.272417877255911,2026-10-02 11:16:08.273164,2026-10-02 11:16:08.362813,0 days 00:00:00.089649,5,S2,300,0.3804299680413215,0.0377905487239454,MAE,1.0923651991493106,original,"[6.417308508321572, 14.142687304721358, 6.176719475852227, 10.352956220128487]",3.264279610708632,,COMPLETE
15,10.284375894089116,2026-10-02 11:16:08.366646,2026-10-02 11:16:08.533863,0 days 00:00:00.167217,3,S4_early,300,3.286294803195717,0.03548881630488337,MAE,0.9017137314911997,log,"[3.0182676466589315, 14.360272477754485, 8.56847424185949, 15.190489210083557]",4.909774138736178,,COMPLETE
16,9.875978232078063,2026-10-02 11:16:08.540947,2026-10-02 11:16:08.648927,0 days 00:00:00.107980,4,S2_original_DQ,200,0.35381618306976165,0.05611622326879951,MAE,1.756811349452209,log,"[5.119689731620604, 9.704065086938009, 9.033032811734849, 15.647125298018793]",3.763925140974834,,COMPLETE
17,7.835438132066651,2026-10-02 11:16:08.650871,2026-10-02 11:16:08.773170,0 days 00:00:00.122299,3,S2,400,0.6805906902597727,0.01380147593440821,MAE,0.17084988900033116,original,"[6.292229235483257, 9.423218178114915, 6.745081581772798, 8.881223532895632]",1.3402503203206957,,COMPLETE
18,8.01880995763884,2026-10-02 11:16:08.776581,2026-10-02 11:16:08.875610,0 days 00:00:00.099029,3,S2,400,0.941647301613361,0.011309660927768337,MAE,0.09545566844284381,original,"[5.7066006761178105, 9.207790067221678, 7.398777934438905, 9.762071152776967]",1.5955708043521155,,COMPLETE
19,8.757397240859023,2026-10-02 11:16:08.879056,2026-10-02 11:16:08.962157,0 days 00:00:00.083101,2,S2,400,0.887224291951663,0.012654839419610962,MAE,0.04777858398348596,original,"[9.222391150229837, 6.538904308542806, 7.605310062002793, 11.662983442660654]",1.9305223561431433,,COMPLETE
20,8.78124842792271,2026-10-02 11:16:08.964023,2026-10-02 11:16:09.036159,0 days 00:00:00.072136,3,S2_original_DQ,400,0.7349065427002812,0.010285820988135278,MAE,0.0032032967334223172,original,"[6.2940951756331325, 8.53421430218749, 7.328404183455572, 12.968280050414648]",2.5440591269701827,,COMPLETE
21,9.27170176626154,2026-10-02 11:16:09.037941,2026-10-02 11:16:09.094122,0 days 00:00:00.056181,3,S2,200,3.2268953923863917,0.014116821027964714,MAE,0.46006347104005796,original,"[6.352066928966316, 12.094397389700976, 8.487208933271857, 10.153133813107013]",2.1144875043347047,,COMPLETE
22,9.035480084315374,2026-10-02 11:16:09.095833,2026-10-02 11:16:09.159921,0 days 00:00:00.064088,3,S2,400,1.4746931763526545,0.007694600269558645,MAE,0.6360129949455093,original,"[5.679434644786459, 11.37255613787764, 8.606704509800503, 10.483225044796896]",2.1797235740006804,,COMPLETE
23,7.45597331012919,2026-10-02 11:16:09.161643,2026-10-02 11:16:09.230698,0 days 00:00:00.069055,2,S2,300,4.975899569313956,0.0204345345825604,MAE,0.2131551128445004,original,"[4.621169296658094, 8.146237041428886, 7.039050328382077, 10.017436574047704]",1.9524021511110745,,COMPLETE
24,8.344749756686332,2026-10-02 11:16:09.232288,2026-10-02 11:16:09.285771,0 days 00:00:00.053483,2,S2,300,6.548988342860487,0.01753126095058812,MAE,0.22723160257391237,original,"[8.519410939575224, 8.114346400152755, 7.32016331294206, 9.425078374075287]",0.758366589744721,,COMPLETE
25,12.12955699164253,2026-10-02 11:16:09.287619,2026-10-02 11:16:09.342541,0 days 00:00:00.054922,1,S2_plus_ratio,400,18.65563889330922,0.009879826716509098,MAE,0.6047230655362574,original,"[9.266265582162724, 15.564283617578456, 11.000275888813343, 12.687402878015602]",2.3228351498042485,,COMPLETE
26,10.085005634496072,2026-10-02 11:16:09.344357,2026-10-02 11:16:09.407829,0 days 00:00:00.063472,2,S4_early,300,0.5498840175002742,0.024613218929451078,RMSE,0.28011961698504095,original,"[3.642154429950755, 14.583554885526473, 7.570920534029884, 14.543392688477175]",4.688952868801029,,COMPLETE
27,10.642525730445461,2026-10-02 11:16:09.409659,2026-10-02 11:16:09.501615,0 days 00:00:00.091956,4,S3,400,1.7157481258545273,0.014896031781055422,MAE,0.14381829671352542,original,"[8.32122213810214, 11.530697101658232, 9.839312167763334, 12.878871514258144]",1.7192798815580652,,COMPLETE
28,11.113042389403187,2026-10-02 11:16:09.503297,2026-10-02 11:16:09.554404,0 days 00:00:00.051107,2,S1,300,0.21164675792464457,0.005381263690370552,MAE,0.4454236348197778,original,"[10.643640859849105, 11.015047738340005, 10.011686437985631, 12.781794521438005]",1.0280636358560602,,COMPLETE
29,12.050169191489115,2026-10-02 11:16:09.556275,2026-10-02 11:16:09.603642,0 days 00:00:00.047367,1,S1,300,5.982518783119896,0.01020179389804354,RMSE,0.8764793680713486,original,"[9.705574606705609, 15.260393873508814, 9.299524779691492, 13.935183506050553]",2.5943202347772933,,COMPLETE
30,7.664595189050781,2026-10-02 11:16:09.605446,2026-10-02 11:16:09.667209,0 days 00:00:00.061763,2,S2,400,1.1307654814727017,0.02012248079103171,MAE,0.3944940331531578,original,"[5.52491728293116, 7.6573101340222465, 7.610272556092366, 9.865880783157351]",1.5351615411118682,,COMPLETE
31,7.863850755164148,2026-10-02 11:16:09.669115,2026-10-02 11:16:09.729231,0 days 00:00:00.060116,2,S2,400,1.0086007407227062,0.020989675264417387,MAE,0.4359578929216812,original,"[5.653724464154778, 8.197431133030753, 7.8331574635996075, 9.771089959871453]",1.4692206737611,,COMPLETE
32,7.071279973373679,2026-10-02 11:16:09.730883,2026-10-02 11:16:09.790130,0 days 00:00:00.059247,2,S2,400,0.5675580078552346,0.019917085067184044,MAE,0.4412958940023824,original,"[5.317676107673765, 5.38420227298702, 7.780373138493728, 9.802868374340209]",1.8631791375263995,,COMPLETE
33,8.913026624498166,2026-10-02 11:16:09.791910,2026-10-02 11:16:09.843977,0 days 00:00:00.052067,1,S2,400,0.5416315028127208,0.027312824292334194,MAE,0.7341978973306624,original,"[7.192001455125895, 8.241861096220237, 8.31411353219163, 11.9041304144549]",1.7831005001395153,,COMPLETE
34,8.11279430157727,2026-10-02 11:16:09.845586,2026-10-02 11:16:09.904471,0 days 00:00:00.058885,2,S2,400,2.4907924648832034,0.030524779234561192,RMSE,0.37664748323342495,original,"[5.091596451272563, 9.676514955281585, 6.719053201277592, 10.964012598477346]",2.3261996241052465,,COMPLETE
