number,value,datetime_start,datetime_complete,duration,params_bootstrap,params_criterion,params_feature_set,params_max_depth,params_max_features,params_min_samples_leaf,params_n_estimators,params_target_transform,user_attrs_fold_MAPE,user_attrs_fold_SD,system_attrs_fixed_params,state
0,13.42988272082679,2026-10-02 11:15:50.522636,2026-10-02 11:15:50.763922,0 days 00:00:00.241286,True,squared_error,S1,6,0.601717648252514,6,100,log,"[11.821679928325766, 21.031999756501843, 10.473999208573828, 10.391851989905716]",4.42564621569378,"{'feature_set': 'S1', 'target_transform': 'log'}",COMPLETE
1,10.28299756208743,2026-10-02 11:15:50.766011,2026-10-02 11:15:51.090692,0 days 00:00:00.324681,True,squared_error,S2,8,0.7879943862681152,1,200,log,"[7.016609557482056, 19.14655649796191, 6.631678529413551, 8.337145663492208]",5.156317433401074,"{'feature_set': 'S2', 'target_transform': 'log'}",COMPLETE
2,14.979376207291994,2026-10-02 11:15:51.092742,2026-10-02 11:15:51.305154,0 days 00:00:00.212412,True,absolute_error,S3,5,0.8211805161144135,5,100,log,"[11.261013080102492, 24.013749733648982, 12.4129895216851, 12.229752493731404]",5.234331393445049,"{'feature_set': 'S3', 'target_transform': 'log'}",COMPLETE
3,17.284550225887017,2026-10-02 11:15:51.307087,2026-10-02 11:15:51.510858,0 days 00:00:00.203771,True,absolute_error,S2_original_DQ,7,0.7209030603608138,6,100,log,"[14.829745096700048, 28.582055242863536, 14.601630223458969, 11.12477034052552]",6.685817747411772,,COMPLETE
4,13.571753071883272,2026-10-02 11:15:51.512696,2026-10-02 11:15:51.837465,0 days 00:00:00.324769,True,absolute_error,S4_early,4,0.5023890477067199,4,200,original,"[8.84109465844615, 21.018530174450106, 9.715913915228004, 14.711473539408825]",4.8476818322273845,,COMPLETE
5,14.983113383997388,2026-10-02 11:15:51.839158,2026-10-02 11:15:52.004811,0 days 00:00:00.165653,False,absolute_error,S2_original_DQ,5,0.6665561912619576,5,100,original,"[13.822307992234057, 26.609998772457832, 11.070179717982407, 8.429967053315261]",6.978300468235583,,COMPLETE
6,15.722307017302594,2026-10-02 11:15:52.006651,2026-10-02 11:15:52.210220,0 days 00:00:00.203569,True,absolute_error,S4_early,1,0.7186802262649753,3,100,original,"[9.972130929337698, 27.31099949223037, 12.547728780973369, 13.05836886666894]",6.792216717869571,,COMPLETE
7,13.138705897507108,2026-10-02 11:15:52.212303,2026-10-02 11:15:52.369845,0 days 00:00:00.157542,False,squared_error,S4_early,6,0.9842761682839267,5,100,original,"[8.413462583705714, 17.430113564224904, 11.236250724155985, 15.47499671794183]",3.52922422852555,,COMPLETE
8,10.338616255107436,2026-10-02 11:15:52.371779,2026-10-02 11:15:52.541163,0 days 00:00:00.169384,False,absolute_error,S1,8,0.9466147521380323,5,100,original,"[10.385649557299569, 13.986124707063722, 6.779220336549571, 10.203470419516881]",2.5492201621540795,,COMPLETE
9,14.984851290585532,2026-10-02 11:15:52.543382,2026-10-02 11:15:52.768502,0 days 00:00:00.225120,False,absolute_error,S2,6,0.41363372230478324,4,200,log,"[12.849912723770771, 26.11984015704114, 13.163328986944572, 7.806323294585649]",6.771173226114123,,COMPLETE
10,15.610046309709059,2026-10-02 11:15:52.770252,2026-10-02 11:15:52.969209,0 days 00:00:00.198957,True,absolute_error,S2_original_DQ,7,0.7271779301921579,3,100,original,"[12.05839965397989, 27.784369309243207, 11.86161174305822, 10.73580453255492]",7.046937793587295,,COMPLETE
11,15.755000704225894,2026-10-02 11:15:52.970957,2026-10-02 11:15:53.193407,0 days 00:00:00.222450,False,squared_error,S2_plus_ratio,8,0.46060788845126366,8,200,original,"[11.90609902952222, 26.404973505979395, 13.613046366931558, 11.095883914470406]",6.215530999505625,,COMPLETE
12,11.92448244765406,2026-10-02 11:15:53.195409,2026-10-02 11:15:53.512785,0 days 00:00:00.317376,False,squared_error,S2,10,0.946906474620749,1,200,log,"[10.704220384223834, 21.33569019712171, 8.574789782623725, 7.083229426646974]",5.583861624598501,,COMPLETE
13,7.871992214446714,2026-10-02 11:15:53.514892,2026-10-02 11:15:53.805195,0 days 00:00:00.290303,False,squared_error,S1,10,0.8766500957565153,1,200,log,"[5.405713808296566, 15.231787432243973, 4.002537333103373, 6.847930284142947]",4.366649136935644,,COMPLETE
14,11.92448244765406,2026-10-02 11:15:53.807905,2026-10-02 11:15:54.096965,0 days 00:00:00.289060,False,squared_error,S2,10,0.8457042427129069,1,200,log,"[10.704220384223834, 21.33569019712171, 8.574789782623725, 7.083229426646974]",5.583861624598501,,COMPLETE
15,9.588730989751502,2026-10-02 11:15:54.098933,2026-10-02 11:15:54.390201,0 days 00:00:00.291268,True,squared_error,S1,9,0.8513655837128401,2,200,log,"[7.525292330465152, 13.274390955111167, 8.01581815962652, 9.53942251380317]",2.2537942773168425,,COMPLETE
16,7.879116686638808,2026-10-02 11:15:54.391974,2026-10-02 11:15:54.711274,0 days 00:00:00.319300,False,squared_error,S1,10,0.8679230767477569,2,200,log,"[4.68671531153789, 12.342347290747888, 4.700457116752057, 9.786947027517401]",3.3111760462112136,,COMPLETE
17,7.879116686638808,2026-10-02 11:15:54.713132,2026-10-02 11:15:54.951305,0 days 00:00:00.238173,False,squared_error,S1,10,0.8941169881097992,2,200,log,"[4.68671531153789, 12.342347290747888, 4.700457116752057, 9.786947027517401]",3.3111760462112136,,COMPLETE
18,7.879116686638808,2026-10-02 11:15:54.953113,2026-10-02 11:15:55.187794,0 days 00:00:00.234681,False,squared_error,S1,9,0.9043308658269233,2,200,log,"[4.68671531153789, 12.342347290747888, 4.700457116752057, 9.786947027517401]",3.3111760462112136,,COMPLETE
19,13.190533438300058,2026-10-02 11:15:55.189446,2026-10-02 11:15:55.428994,0 days 00:00:00.239548,False,squared_error,S2_plus_ratio,9,0.9939885535580814,3,200,log,"[10.504764736830996, 21.792393530731392, 11.575139572276003, 8.889835913361845]",5.057441228302891,,COMPLETE
20,17.77762562227164,2026-10-02 11:15:55.430790,2026-10-02 11:15:55.660287,0 days 00:00:00.229497,False,squared_error,S3,1,0.7853569261471698,2,200,log,"[11.943649491737226, 29.909825485967396, 10.22472676722134, 19.03230074416059]",7.743481804079026,,COMPLETE
21,7.879116686638808,2026-10-02 11:15:55.661957,2026-10-02 11:15:55.894061,0 days 00:00:00.232104,False,squared_error,S1,10,0.8920539157778725,2,200,log,"[4.68671531153789, 12.342347290747888, 4.700457116752057, 9.786947027517401]",3.3111760462112136,,COMPLETE
22,7.871992214446714,2026-10-02 11:15:55.896046,2026-10-02 11:15:56.133977,0 days 00:00:00.237931,False,squared_error,S1,10,0.8968816966568134,1,200,log,"[5.405713808296566, 15.231787432243973, 4.002537333103373, 6.847930284142947]",4.366649136935644,,COMPLETE
23,7.871992214446714,2026-10-02 11:15:56.135822,2026-10-02 11:15:56.369967,0 days 00:00:00.234145,False,squared_error,S1,9,0.800908853279295,1,200,log,"[5.405713808296566, 15.231787432243973, 4.002537333103373, 6.847930284142947]",4.366649136935644,,COMPLETE
24,7.871992214446714,2026-10-02 11:15:56.371635,2026-10-02 11:15:56.608353,0 days 00:00:00.236718,False,squared_error,S1,9,0.7826583206218006,1,200,log,"[5.405713808296566, 15.231787432243973, 4.002537333103373, 6.847930284142947]",4.366649136935644,,COMPLETE
25,7.9761760028035935,2026-10-02 11:15:56.610520,2026-10-02 11:15:56.861571,0 days 00:00:00.251051,False,squared_error,S1,8,0.6263884803890204,1,200,log,"[5.405713808296566, 15.64852258567149, 4.002537333103373, 6.847930284142947]",4.5424365889918485,,COMPLETE
26,7.871992214446714,2026-10-02 11:15:56.864092,2026-10-02 11:15:57.109219,0 days 00:00:00.245127,False,squared_error,S1,9,0.9385938666403126,1,200,log,"[5.405713808296566, 15.231787432243973, 4.002537333103373, 6.847930284142947]",4.366649136935644,,COMPLETE
27,7.896341354373988,2026-10-02 11:15:57.111235,2026-10-02 11:15:57.345935,0 days 00:00:00.234700,False,squared_error,S1,7,0.7990355475143693,1,200,log,"[5.405713808296566, 15.329183991953066, 4.002537333103373, 6.847930284142947]",4.407699251779191,,COMPLETE
28,13.628660355198015,2026-10-02 11:15:57.347668,2026-10-02 11:15:57.583049,0 days 00:00:00.235381,False,squared_error,S2_plus_ratio,9,0.7537813756956215,3,200,log,"[10.609119703249654, 23.406867858198208, 11.286088054085264, 9.212565805258938]",5.6947454679827505,,COMPLETE
29,8.308842823041116,2026-10-02 11:15:57.584942,2026-10-02 11:15:57.819327,0 days 00:00:00.234385,False,squared_error,S1,3,0.6682416053606615,2,200,log,"[4.8933152093504875, 13.696159754235065, 5.99153784225633, 8.654358486322584]",3.397730714924117,,COMPLETE
30,11.230422987780296,2026-10-02 11:15:57.821156,2026-10-02 11:15:58.134798,0 days 00:00:00.313642,False,squared_error,S3,10,0.536757782356151,1,200,log,"[6.260691651413353, 21.018977453388914, 7.454234295642098, 10.187788550676819]",5.827965247192206,,COMPLETE
31,7.871992214446714,2026-10-02 11:15:58.137920,2026-10-02 11:15:58.409760,0 days 00:00:00.271840,False,squared_error,S1,9,0.8183184914238991,1,200,log,"[5.405713808296566, 15.231787432243973, 4.002537333103373, 6.847930284142947]",4.366649136935644,,COMPLETE
32,7.9761760028035935,2026-10-02 11:15:58.411599,2026-10-02 11:15:58.644407,0 days 00:00:00.232808,False,squared_error,S1,8,0.7699503088481029,1,200,log,"[5.405713808296566, 15.64852258567149, 4.002537333103373, 6.847930284142947]",4.5424365889918485,,COMPLETE
33,15.812240160020469,2026-10-02 11:15:58.646312,2026-10-02 11:15:58.878903,0 days 00:00:00.232591,False,squared_error,S1,9,0.8249052083322209,8,200,log,"[11.886402107131019, 19.100666097309688, 11.027091377407801, 21.234801058233366]",4.430794655846687,,COMPLETE
34,7.9761760028035935,2026-10-02 11:15:58.880741,2026-10-02 11:15:59.111821,0 days 00:00:00.231080,False,squared_error,S1,8,0.9075468747462193,1,200,log,"[5.405713808296566, 15.64852258567149, 4.002537333103373, 6.847930284142947]",4.5424365889918485,,COMPLETE
