number,value,datetime_start,datetime_complete,duration,params_depth,params_feature_set,params_iterations,params_l2_leaf_reg,params_learning_rate,params_loss_function,params_random_strength,params_target_transform,user_attrs_fold_MAPE,user_attrs_fold_SD,system_attrs_fixed_params,state
0,10.230640971265942,2026-10-02 11:15:09.797451,2026-10-02 11:15:09.841201,0 days 00:00:00.043750,2,S1,400,1.1752387850791226,0.0668791172235691,RMSE,2.1391245895089948,log,"[6.437807615895164, 7.756107629909259, 16.816172473338188, 9.912476165921154]",3.999354764435291,"{'feature_set': 'S1', 'target_transform': 'log'}",COMPLETE
1,10.538655375173247,2026-10-02 11:15:09.843209,2026-10-02 11:15:09.881093,0 days 00:00:00.037884,2,S2,200,11.485571475875057,0.012085763368538954,MAE,0.2251739643830608,log,"[7.853465288367821, 11.2418287400036, 14.983070098423608, 8.07625737389796]",2.894862895380975,"{'feature_set': 'S2', 'target_transform': 'log'}",COMPLETE
2,11.506535852479747,2026-10-02 11:15:09.882858,2026-10-02 11:15:09.919271,0 days 00:00:00.036413,1,S3,200,12.726286354723566,0.07392682676388913,RMSE,2.1404274352606887,log,"[9.801219272195858, 11.42923320772969, 15.239215676201933, 9.5564752537915]",2.2720978930745668,"{'feature_set': 'S3', 'target_transform': 'log'}",COMPLETE
3,10.917492222098454,2026-10-02 11:15:09.921013,2026-10-02 11:15:09.980659,0 days 00:00:00.059646,2,S3,500,1.0463599780978297,0.03585781823103293,RMSE,1.261183876408313,log,"[9.314122785520459, 9.805336541696702, 17.2375302349718, 7.312979326204861]",3.766400055372159,,COMPLETE
4,9.850965527255168,2026-10-02 11:15:09.982253,2026-10-02 11:15:10.050957,0 days 00:00:00.068704,4,S2_plus_ratio,400,5.347529382001321,0.01981460191044474,MAE,2.3496952362353034,log,"[5.1679122214474145, 9.020422636552228, 16.48100262481746, 8.73452462620357]",4.117785265131222,,COMPLETE
5,10.20630083519733,2026-10-02 11:15:10.052905,2026-10-02 11:15:10.099165,0 days 00:00:00.046260,1,S2_original_DQ,500,0.12414312381221394,0.13007791097485147,MAE,0.4278798438814163,original,"[4.571403393133107, 9.93049548282135, 16.170719163841493, 10.152585300993373]",4.105036818734469,,COMPLETE
6,9.983389538408902,2026-10-02 11:15:10.100894,2026-10-02 11:15:10.186234,0 days 00:00:00.085340,5,S2_original_DQ,500,8.440217664368548,0.005918227350401546,MAE,0.6733398677784297,log,"[5.936012498209827, 9.719012805964965, 15.897654994587882, 8.380877854872933]",3.674157575016673,,COMPLETE
7,11.404692776320376,2026-10-02 11:15:10.188008,2026-10-02 11:15:10.253738,0 days 00:00:00.065730,4,S2_original_DQ,400,0.996607148306729,0.0062713621370147545,MAE,1.6069445089986656,log,"[8.65434689306397, 10.658071334541347, 17.28482025672419, 9.021532620951993]",3.477685924821461,,COMPLETE
8,12.611829733744667,2026-10-02 11:15:10.255555,2026-10-02 11:15:10.324709,0 days 00:00:00.069154,3,S4_early,300,0.6935746288735608,0.006890979789199737,MAE,0.6805730429000071,log,"[10.099466598185758, 12.974681822164113, 15.877137261956392, 11.496033252672405]",2.1418954925459803,,COMPLETE
9,9.525887059650938,2026-10-02 11:15:10.326426,2026-10-02 11:15:10.379108,0 days 00:00:00.052682,5,S1,300,35.512899400575314,0.01151632005264657,MAE,1.9592436758427958,log,"[4.247562643094558, 10.117334676758933, 14.222221088477244, 9.516429830273019]",3.544931652362899,,COMPLETE
10,10.216803850632218,2026-10-02 11:15:10.380894,2026-10-02 11:15:10.492985,0 days 00:00:00.112091,4,S4_early,500,3.3026417309589116,0.025991522924337762,RMSE,2.2271253568672633,original,"[3.6046348156281374, 9.583541228154022, 16.040419331013744, 11.638620027732962]",4.47375288212535,,COMPLETE
11,10.096011871033632,2026-10-02 11:15:10.494787,2026-10-02 11:15:10.541964,0 days 00:00:00.047177,3,S1,500,2.8595893832875983,0.07004035023505376,RMSE,2.1529211193245708,log,"[6.644284833915277, 7.286552001944781, 17.067149782019847, 9.386060866254626]",4.1505505206529705,,COMPLETE
12,10.02065350904243,2026-10-02 11:15:10.543608,2026-10-02 11:15:10.609964,0 days 00:00:00.066356,5,S2_plus_ratio,300,49.69042108943176,0.015959048092921705,MAE,2.9533292578446564,original,"[4.457043201785981, 9.554375505401532, 19.096601214442526, 6.974594114539687]",5.541265185264219,,COMPLETE
13,12.448846285546542,2026-10-02 11:15:10.611665,2026-10-02 11:15:10.658359,0 days 00:00:00.046694,4,S2_plus_ratio,100,33.27436495111977,0.01458704246230402,MAE,2.8204872775259915,log,"[9.997886093760346, 12.91926189495591, 18.661491360848494, 8.216745792621415]",3.9603071257538636,,COMPLETE
14,9.999491558054453,2026-10-02 11:15:10.660017,2026-10-02 11:15:10.727917,0 days 00:00:00.067900,5,S2_plus_ratio,300,24.18040214689097,0.029453874689817416,MAE,1.611272117836223,original,"[4.382620797111314, 8.535559491436825, 18.333931549901195, 8.74585439376848]",5.1168063857786965,,COMPLETE
15,9.77114329170571,2026-10-02 11:15:10.729596,2026-10-02 11:15:10.785634,0 days 00:00:00.056038,4,S1,400,4.372227505348748,0.010159824803034448,MAE,2.557386104858498,log,"[4.761832813218512, 10.376967252102734, 14.086407339444667, 9.859365762056932]",3.319996278117494,,COMPLETE
16,10.359703338868957,2026-10-02 11:15:10.787296,2026-10-02 11:15:10.836426,0 days 00:00:00.049130,5,S1,200,0.30861608844944954,0.00876115148804045,MAE,2.605966625371199,log,"[6.589065685325419, 10.34978023112915, 14.80389420705371, 9.696073231967551]",2.9329611391062724,,COMPLETE
17,9.533081770484493,2026-10-02 11:15:10.838015,2026-10-02 11:15:10.891052,0 days 00:00:00.053037,3,S1,400,23.618729641178724,0.010112215193737586,MAE,1.2038552834442213,log,"[4.7019247362846235, 10.009040732784449, 13.621903387442561, 9.799458225426335]",3.176319956094769,,COMPLETE
18,9.69471353863148,2026-10-02 11:15:10.892657,2026-10-02 11:15:10.939352,0 days 00:00:00.046695,3,S1,300,24.178616496847777,0.04124474477120334,MAE,1.1706467024588014,original,"[4.509456393418962, 7.996532985681417, 16.60061100649234, 9.672253768933201]",4.400642939681007,,COMPLETE
19,11.588039857628113,2026-10-02 11:15:10.940962,2026-10-02 11:15:11.011167,0 days 00:00:00.070205,3,S2,100,17.05956732561477,0.019332139966344638,MAE,1.7418436438356009,log,"[7.84926569264676, 10.644966940532868, 18.992999162979352, 8.864927634353469]",4.390802354870526,,COMPLETE
20,10.011932730152793,2026-10-02 11:15:11.014584,2026-10-02 11:15:11.071339,0 days 00:00:00.056755,2,S1,400,45.100544063358186,0.008710268609067637,MAE,1.146750827824139,log,"[6.266924357764, 10.302785464144446, 13.689517465011669, 9.78850363369106]",2.6307904261526285,,COMPLETE
21,9.92693533700606,2026-10-02 11:15:11.073179,2026-10-02 11:15:11.126326,0 days 00:00:00.053147,3,S1,300,21.602389953266027,0.04353620933098723,MAE,1.136950430215732,original,"[5.695770690290969, 8.087042175963912, 16.54152553720113, 9.383402944568235]",4.041540303207651,,COMPLETE
22,9.701971765354404,2026-10-02 11:15:11.128142,2026-10-02 11:15:11.179664,0 days 00:00:00.051522,3,S1,300,24.143510340390602,0.1256951594432893,MAE,0.8658826799725599,original,"[5.801898681968802, 7.306720706122695, 17.490312482690832, 8.20895519063529]",4.578076760884587,,COMPLETE
23,10.207777973002656,2026-10-02 11:15:11.181441,2026-10-02 11:15:11.228602,0 days 00:00:00.047161,3,S1,200,7.255968514633043,0.05385986243193228,MAE,1.8640404319873847,original,"[5.934322565749116, 8.824723879417105, 16.357445338952807, 9.714620107891596]",3.815654371641955,,COMPLETE
24,10.65098981167656,2026-10-02 11:15:11.230353,2026-10-02 11:15:11.280341,0 days 00:00:00.049988,2,S1,300,14.46596866048359,0.1712535581326997,MAE,1.3805989917745591,original,"[6.092487196707808, 9.823138743698879, 15.863138617390524, 10.825194688909033]",3.487912197632913,,COMPLETE
25,10.134425254583409,2026-10-02 11:15:11.281983,2026-10-02 11:15:11.344292,0 days 00:00:00.062309,4,S1,400,30.700778157096995,0.005296601995159205,MAE,0.9084724426364252,original,"[6.550864619194755, 9.667770511346893, 14.554079242788104, 9.764986645003876]",2.8604850872969956,,COMPLETE
26,9.73399877004773,2026-10-02 11:15:11.346071,2026-10-02 11:15:11.391915,0 days 00:00:00.045844,1,S1,300,9.469858987276211,0.022597059320907324,RMSE,1.4272753212538283,original,"[6.413047118995772, 8.089606061682774, 15.183693728281783, 9.249648171230591]",3.3040323049391005,,COMPLETE
27,13.159661062288249,2026-10-02 11:15:11.393700,2026-10-02 11:15:11.459782,0 days 00:00:00.066082,3,S4_early,200,35.45157781562185,0.012121616446864386,MAE,1.9358213972140312,log,"[10.437193490206308, 12.568433010749134, 16.91909459405095, 12.713923154146608]",2.3501810064578397,,COMPLETE
28,11.941662986477889,2026-10-02 11:15:11.461602,2026-10-02 11:15:11.569169,0 days 00:00:00.107567,5,S3,400,16.635087386376703,0.032674665994105734,MAE,0.9272269716295736,original,"[5.6482310229553585, 10.960960637398363, 18.09752258046021, 13.059937705097616]",4.464140697382459,,COMPLETE
29,9.814472849309636,2026-10-02 11:15:11.570919,2026-10-02 11:15:11.623218,0 days 00:00:00.052299,2,S1,400,2.4272273073290282,0.09052694485887232,RMSE,0.08244904021406407,log,"[6.338111832532188, 6.936253543979126, 16.914076101840912, 9.069449918886322]",4.2228147543657535,,COMPLETE
30,11.212321696509374,2026-10-02 11:15:11.625043,2026-10-02 11:15:11.689769,0 days 00:00:00.064726,4,S2,300,6.440165433457641,0.04852029526453784,MAE,1.9318354169319962,log,"[6.478507777883887, 8.56648838757591, 18.680580644497432, 11.123709976080267]",4.6149802780194875,,COMPLETE
31,10.329839639199824,2026-10-02 11:15:11.691442,2026-10-02 11:15:11.739016,0 days 00:00:00.047574,3,S1,300,25.99545175234998,0.10787969224309045,MAE,0.8820424230449033,original,"[5.980410022786323, 7.170330900023339, 17.429303355434207, 10.739314278555428]",4.4572998552787375,,COMPLETE
32,9.70485456204765,2026-10-02 11:15:11.740631,2026-10-02 11:15:11.787395,0 days 00:00:00.046764,3,S1,300,21.4751549864568,0.1644278222723997,MAE,0.5916058842047465,original,"[5.947525806207883, 7.121877849168381, 17.6630183473436, 8.086996245470738]",4.656692078204495,,COMPLETE
33,10.053849368151917,2026-10-02 11:15:11.789040,2026-10-02 11:15:11.830419,0 days 00:00:00.041379,2,S1,200,14.118316205111665,0.19868107709929278,MAE,0.9900285545742001,original,"[5.739482620931848, 7.2123572500477735, 15.988878828679521, 11.274678772948528]",3.981294921872559,,COMPLETE
34,8.870306302032697,2026-10-02 11:15:11.832020,2026-10-02 11:15:11.878514,0 days 00:00:00.046494,3,S1,300,11.025820884217179,0.012139084430444078,MAE,0.35305657519157774,original,"[4.632335855735069, 7.657691689104156, 13.842276320863295, 9.348921342428268]",3.3309302727700243,,COMPLETE
