number,value,datetime_start,datetime_complete,duration,params_bootstrap,params_criterion,params_feature_set,params_max_depth,params_max_features,params_min_samples_leaf,params_n_estimators,params_target_transform,user_attrs_fold_MAPE,user_attrs_fold_SD,system_attrs_fixed_params,state
0,16.5346405848592,2026-10-02 11:14:52.457238,2026-10-02 11:14:52.740361,0 days 00:00:00.283123,True,squared_error,S1,9,0.4817465621560282,8,200,log,"[23.366630596826276, 19.468373706018415, 16.44178111637501, 6.861776920217094]",6.100323596036631,"{'feature_set': 'S1', 'target_transform': 'log'}",COMPLETE
1,12.520525793387838,2026-10-02 11:14:52.742483,2026-10-02 11:14:52.891639,0 days 00:00:00.149156,False,squared_error,S2,7,0.5008554505863201,7,100,log,"[15.07464403195799, 16.33997053074731, 11.715968684618472, 6.951519926227581]",3.632245055336862,"{'feature_set': 'S2', 'target_transform': 'log'}",COMPLETE
2,12.577886405107545,2026-10-02 11:14:52.893389,2026-10-02 11:14:53.088948,0 days 00:00:00.195559,True,absolute_error,S3,7,0.7629565409254362,2,100,log,"[13.049457864098473, 14.499245032807126, 13.69470206325531, 9.06814066026927]",2.090430040976309,"{'feature_set': 'S3', 'target_transform': 'log'}",COMPLETE
3,11.662646958384705,2026-10-02 11:14:53.090665,2026-10-02 11:14:53.238371,0 days 00:00:00.147706,False,squared_error,S2_plus_ratio,7,0.8152729425255372,5,100,log,"[10.760852211034818, 16.273314067652013, 10.489163861324124, 9.127257693527863]",2.7329812596441916,,COMPLETE
4,12.928561954045144,2026-10-02 11:14:53.240015,2026-10-02 11:14:53.454732,0 days 00:00:00.214717,False,absolute_error,S2,10,0.4050133494239951,5,200,log,"[16.61003738621883, 17.179100938912196, 12.851030945984457, 5.074078545065089]",4.830094815289005,,COMPLETE
5,12.693307747047607,2026-10-02 11:14:53.456278,2026-10-02 11:14:53.677296,0 days 00:00:00.221018,False,squared_error,S2,2,0.5523229324564072,4,200,log,"[14.800846188719444, 16.18681639998705, 11.248287673075508, 8.537280726408426]",3.000290177705842,,COMPLETE
6,13.120959318273368,2026-10-02 11:14:53.678977,2026-10-02 11:14:53.829171,0 days 00:00:00.150194,False,squared_error,S3,7,0.7677230907344486,6,100,original,"[10.496178252640359, 14.724044869228614, 15.96092117241223, 11.302692978812269]",2.2820404652617436,,COMPLETE
7,14.360959722925369,2026-10-02 11:14:53.830958,2026-10-02 11:14:54.034294,0 days 00:00:00.203336,True,squared_error,S4_early,4,0.8396225650267776,7,100,original,"[18.119429175883983, 16.0905970797303, 13.567769436223251, 9.666043199863944]",3.1539312771647365,,COMPLETE
8,14.620889606079203,2026-10-02 11:14:54.035871,2026-10-02 11:14:54.191698,0 days 00:00:00.155827,False,squared_error,S2_original_DQ,4,0.7897742572732392,1,100,original,"[9.29032751984712, 19.68574296126547, 13.474079521282892, 16.033408421921337]",3.787413841938028,,COMPLETE
9,17.003652806209796,2026-10-02 11:14:54.193435,2026-10-02 11:14:54.393310,0 days 00:00:00.199875,True,squared_error,S3,2,0.807421529026458,8,100,log,"[23.29686937076989, 19.654940743104195, 16.51930476650934, 8.543496344455757]",5.441570151015596,,COMPLETE
10,12.039216504222779,2026-10-02 11:14:54.394892,2026-10-02 11:14:54.608029,0 days 00:00:00.213137,False,absolute_error,S3,8,0.8786019546146338,8,200,original,"[12.794067200977507, 15.524975525142684, 10.817812354482754, 9.020010936288172]",2.414940262447763,,COMPLETE
11,11.02032440365046,2026-10-02 11:14:54.609591,2026-10-02 11:14:54.826872,0 days 00:00:00.217281,False,squared_error,S1,7,0.8455279452817783,3,200,original,"[8.992363823280563, 11.34464586426659, 8.610377443217612, 15.13391048383707]",2.5955367131171037,,COMPLETE
12,12.565767659251653,2026-10-02 11:14:54.828432,2026-10-02 11:14:55.055140,0 days 00:00:00.226708,False,squared_error,S2_plus_ratio,5,0.9802347559621843,3,200,original,"[14.31545487810445, 12.603548961577623, 9.654139367743042, 13.689927429581495]",1.7891441590718506,,COMPLETE
13,10.6474713020708,2026-10-02 11:14:55.056775,2026-10-02 11:14:55.280732,0 days 00:00:00.223957,False,squared_error,S1,5,0.6413995098674367,4,200,original,"[9.315386239376586, 11.9872483708134, 10.138393177470714, 11.148857420622498]",1.009950714763379,,COMPLETE
14,10.072695820608754,2026-10-02 11:14:55.282430,2026-10-02 11:14:55.507896,0 days 00:00:00.225466,False,absolute_error,S1,5,0.6745276220225989,3,200,original,"[7.423215845758848, 11.963990486284043, 11.143535373465571, 9.760041576926556]",1.7205514867040117,,COMPLETE
15,10.072695820608754,2026-10-02 11:14:55.509512,2026-10-02 11:14:55.737795,0 days 00:00:00.228283,False,absolute_error,S1,5,0.6594273332076994,3,200,original,"[7.423215845758848, 11.963990486284043, 11.143535373465571, 9.760041576926556]",1.7205514867040117,,COMPLETE
16,10.97382411387322,2026-10-02 11:14:55.739437,2026-10-02 11:14:55.964174,0 days 00:00:00.224737,False,absolute_error,S1,5,0.664999773840521,1,200,original,"[7.191875376693874, 11.931605100080343, 13.05060657801187, 11.721209400706796]",2.2412100993950483,,COMPLETE
17,10.030270796317836,2026-10-02 11:14:55.965845,2026-10-02 11:14:56.192129,0 days 00:00:00.226284,False,absolute_error,S1,3,0.6696913829247432,2,200,original,"[7.001665277030286, 11.963990486284043, 11.458837621680203, 9.696589800276808]",1.9406100466391272,,COMPLETE
18,13.143546273479654,2026-10-02 11:14:56.193689,2026-10-02 11:14:56.514202,0 days 00:00:00.320513,True,absolute_error,S4_early,3,0.5901203047059806,2,200,original,"[13.519356305587676, 13.53087077859013, 13.67273966029638, 11.851218349444427]",0.7485670571805616,,COMPLETE
19,12.942071936374282,2026-10-02 11:14:56.515846,2026-10-02 11:14:56.735962,0 days 00:00:00.220116,False,absolute_error,S2_original_DQ,1,0.6953227301774492,2,200,original,"[16.080359563304963, 17.482722761472186, 12.654219020605606, 5.550986400114375]",4.614579175023314,,COMPLETE
20,10.56354597233557,2026-10-02 11:14:56.737528,2026-10-02 11:14:56.957891,0 days 00:00:00.220363,False,absolute_error,S1,3,0.712459382794539,4,200,original,"[9.4143334478047, 12.196299099462426, 10.608521117597759, 10.035030224477394]",1.0329477068209438,,COMPLETE
21,10.072695820608754,2026-10-02 11:14:56.959548,2026-10-02 11:14:57.187936,0 days 00:00:00.228388,False,absolute_error,S1,4,0.6137850183989139,3,200,original,"[7.423215845758848, 11.963990486284043, 11.143535373465571, 9.760041576926556]",1.7205514867040117,,COMPLETE
22,10.467410072099472,2026-10-02 11:14:57.189683,2026-10-02 11:14:57.417053,0 days 00:00:00.227370,False,absolute_error,S1,6,0.7215376467016067,2,200,original,"[7.030106687724258, 11.963990486284043, 13.060413721888974, 9.815129392500612]",2.3023871039183326,,COMPLETE
23,9.852274887730484,2026-10-02 11:14:57.418839,2026-10-02 11:14:57.647225,0 days 00:00:00.228386,False,absolute_error,S1,3,0.5749765559199868,3,200,original,"[6.541532114245764, 11.963990486284043, 11.143535373465571, 9.760041576926556]",2.0673788420968213,,COMPLETE
24,11.845671279996552,2026-10-02 11:14:57.649055,2026-10-02 11:14:57.872948,0 days 00:00:00.223893,False,absolute_error,S1,1,0.5499511706748884,1,200,original,"[11.518201803470207, 15.053426387975266, 10.200104054852472, 10.61095287368826]",1.912416673097474,,COMPLETE
25,10.56354597233557,2026-10-02 11:14:57.874663,2026-10-02 11:14:58.101996,0 days 00:00:00.227333,False,absolute_error,S1,3,0.5880279739028107,4,200,original,"[9.4143334478047, 12.196299099462426, 10.608521117597759, 10.035030224477394]",1.0329477068209438,,COMPLETE
26,11.151879169177544,2026-10-02 11:14:58.103659,2026-10-02 11:14:58.433317,0 days 00:00:00.329658,True,absolute_error,S1,2,0.5011749396558681,3,200,original,"[10.044857932028764, 13.664593377827725, 10.946141548652454, 9.951923818201227]",1.5017863968193799,,COMPLETE
27,10.961880799068444,2026-10-02 11:14:58.435140,2026-10-02 11:14:58.661057,0 days 00:00:00.225917,False,absolute_error,S4_early,3,0.5539447912324686,2,200,original,"[10.351963682496129, 12.834286876326276, 10.898167912183116, 9.763104725268255]",1.1531507722660348,,COMPLETE
28,11.617086244741504,2026-10-02 11:14:58.662845,2026-10-02 11:14:58.906547,0 days 00:00:00.243702,False,absolute_error,S2_plus_ratio,4,0.9152542756373083,5,200,original,"[10.318246253597033, 15.88208502171596, 11.41081843362336, 8.857195270029667]",2.6237732606109994,,COMPLETE
29,10.836624336671136,2026-10-02 11:14:58.908263,2026-10-02 11:14:59.274657,0 days 00:00:00.366394,True,absolute_error,S1,6,0.4571261396371039,1,200,original,"[8.660133889106188, 11.093669979973711, 13.448396111193468, 10.14429736641118]",1.7395295029851578,,COMPLETE
30,13.501335995129518,2026-10-02 11:14:59.276244,2026-10-02 11:14:59.497931,0 days 00:00:00.221687,False,absolute_error,S2_original_DQ,2,0.6251956691591505,3,200,original,"[14.011553915650834, 17.645393073212563, 13.591789014892436, 8.756607976762242]",3.1604650413307445,,COMPLETE
31,10.072695820608754,2026-10-02 11:14:59.499662,2026-10-02 11:14:59.724296,0 days 00:00:00.224634,False,absolute_error,S1,6,0.6725916264534636,3,200,original,"[7.423215845758848, 11.963990486284043, 11.143535373465571, 9.760041576926556]",1.7205514867040117,,COMPLETE
32,10.73760347369219,2026-10-02 11:14:59.725923,2026-10-02 11:14:59.964936,0 days 00:00:00.239013,False,absolute_error,S1,5,0.7176074175337306,2,200,original,"[8.110880294095134, 11.963990486284043, 13.060413721888974, 9.815129392500612]",1.913772821319493,,COMPLETE
33,10.56354597233557,2026-10-02 11:14:59.966665,2026-10-02 11:15:00.199778,0 days 00:00:00.233113,False,absolute_error,S1,4,0.6496762106289201,4,200,original,"[9.4143334478047, 12.196299099462426, 10.608521117597759, 10.035030224477394]",1.0329477068209438,,COMPLETE
34,10.078410044472154,2026-10-02 11:15:00.201516,2026-10-02 11:15:00.435714,0 days 00:00:00.234198,False,absolute_error,S1,6,0.7443170630745849,3,200,log,"[7.4465145787245195, 11.963990486283816, 11.143410098969046, 9.75972501391123]",1.7115835219138167,,COMPLETE
