number,value,datetime_start,datetime_complete,duration,params_bootstrap,params_criterion,params_feature_set,params_max_depth,params_max_features,params_min_samples_leaf,params_n_estimators,params_target_transform,user_attrs_fold_MAPE,user_attrs_fold_SD,system_attrs_fixed_params,state
0,17.38842831754322,2026-10-02 11:15:38.538772,2026-10-02 11:15:38.846167,0 days 00:00:00.307395,True,absolute_error,S1,1,0.5385335610988046,3,200,log,"[19.87589623583364, 24.700045224084047, 16.465589982334844, 8.512181827920346]",5.900987645513466,"{'feature_set': 'S1', 'target_transform': 'log'}",COMPLETE
1,16.234726470810628,2026-10-02 11:15:38.848399,2026-10-02 11:15:39.004210,0 days 00:00:00.155811,False,absolute_error,S2,9,0.521171948251291,3,100,log,"[21.165914111099184, 23.048756913710253, 15.061298657849123, 5.662936200583962]",6.78025266436267,"{'feature_set': 'S2', 'target_transform': 'log'}",COMPLETE
2,17.551266773354932,2026-10-02 11:15:39.006058,2026-10-02 11:15:39.210600,0 days 00:00:00.204542,True,squared_error,S3,1,0.9955698840663484,3,100,log,"[21.415805722082183, 21.949977435749744, 16.50226767817801, 10.337016257409788]",4.675177172744165,"{'feature_set': 'S3', 'target_transform': 'log'}",COMPLETE
3,16.072966154744684,2026-10-02 11:15:39.212413,2026-10-02 11:15:39.433295,0 days 00:00:00.220882,False,absolute_error,S4_early,10,0.5307789788255356,4,200,log,"[18.346740717221298, 21.455995676716004, 15.40512087745743, 9.084007347584011]",4.567237133047837,,COMPLETE
4,18.203251298897417,2026-10-02 11:15:39.435132,2026-10-02 11:15:39.660715,0 days 00:00:00.225583,False,squared_error,S1,10,0.9111819342313522,8,200,log,"[22.55015895743366, 25.416502411002035, 16.662352417694407, 8.183991409459564]",6.589509387889027,,COMPLETE
5,19.315665866138495,2026-10-02 11:15:39.662344,2026-10-02 11:15:39.865107,0 days 00:00:00.202763,True,squared_error,S2_original_DQ,4,0.68874274934466,4,100,original,"[23.273938478365277, 27.894794996342036, 17.73033389054298, 8.363596099303685]",7.275480883692058,,COMPLETE
6,16.834004133748405,2026-10-02 11:15:39.866910,2026-10-02 11:15:40.102787,0 days 00:00:00.235877,False,absolute_error,S3,4,0.5137914058798397,3,200,original,"[19.950847856535646, 22.706751639915193, 15.137015563636231, 9.541401474906538]",5.006638138769001,,COMPLETE
7,20.025063012365052,2026-10-02 11:15:40.104732,2026-10-02 11:15:40.311019,0 days 00:00:00.206287,True,squared_error,S2_plus_ratio,9,0.7819985613228696,7,100,original,"[24.692205256379648, 28.517304481058975, 18.61549127523724, 8.275251036784343]",7.647636167994651,,COMPLETE
8,15.50771903542583,2026-10-02 11:15:40.313164,2026-10-02 11:15:40.540578,0 days 00:00:00.227414,False,absolute_error,S2_plus_ratio,10,0.6621206508286911,3,200,log,"[19.830249246813842, 22.084590014332132, 16.03382609074318, 4.082210789814166]",6.941875225861829,,COMPLETE
9,17.439265323114892,2026-10-02 11:15:40.542480,2026-10-02 11:15:40.854067,0 days 00:00:00.311587,True,squared_error,S3,1,0.8581685281157241,3,200,log,"[21.296059231872277, 22.44987504492122, 16.026877254098004, 9.984249761568071]",4.938450316630074,,COMPLETE
10,20.21605642178211,2026-10-02 11:15:40.855839,2026-10-02 11:15:41.166099,0 days 00:00:00.310260,True,absolute_error,S1,5,0.4681075464485193,8,200,log,"[25.358672902832595, 28.49925649592683, 18.603382756306754, 8.402913532062255]",7.700794910652724,,COMPLETE
11,17.74928334385565,2026-10-02 11:15:41.168082,2026-10-02 11:15:41.318518,0 days 00:00:00.150436,False,squared_error,S4_early,7,0.5541870015825567,8,100,log,"[22.823738117648332, 22.60794901973703, 16.033426589172173, 9.532019648865068]",5.473214559033348,,COMPLETE
12,10.487856639328355,2026-10-02 11:15:41.320430,2026-10-02 11:15:41.562108,0 days 00:00:00.241678,False,absolute_error,S2_plus_ratio,10,0.6741879796580185,1,200,log,"[14.162550644062618, 10.38459283445285, 11.782490221225181, 5.621792857572774]",3.1172380515977496,,COMPLETE
13,10.441502906638458,2026-10-02 11:15:41.563841,2026-10-02 11:15:41.844281,0 days 00:00:00.280440,False,absolute_error,S2_plus_ratio,8,0.692181880044821,1,200,log,"[14.128301243235128, 10.330779972937018, 11.771728835058525, 5.535201575323161]",3.1403039389956633,,COMPLETE
14,10.819113087394982,2026-10-02 11:15:41.845918,2026-10-02 11:15:42.102575,0 days 00:00:00.256657,False,absolute_error,S2_plus_ratio,7,0.668105255940725,1,200,original,"[14.112407256645595, 11.289716652860983, 12.049956539854849, 5.824371900218505]",3.0630731844174814,,COMPLETE
15,10.344587401857787,2026-10-02 11:15:42.104724,2026-10-02 11:15:42.345801,0 days 00:00:00.241077,False,absolute_error,S2_plus_ratio,7,0.7503934582454869,1,200,log,"[14.169685125765469, 10.141641527745406, 11.765011623287213, 5.302011330633057]",3.2449090136772165,,COMPLETE
16,10.344587401857787,2026-10-02 11:15:42.347715,2026-10-02 11:15:42.581554,0 days 00:00:00.233839,False,absolute_error,S2_plus_ratio,7,0.7801284100810384,1,200,log,"[14.169685125765469, 10.141641527745406, 11.765011623287213, 5.302011330633057]",3.2449090136772165,,COMPLETE
17,11.086202888613492,2026-10-02 11:15:42.583341,2026-10-02 11:15:42.803871,0 days 00:00:00.220530,False,absolute_error,S2_original_DQ,6,0.7881986651122336,2,200,log,"[15.004288454236534, 12.653487871239335, 11.725532841412505, 4.961502387565598]",3.732575375407389,,COMPLETE
18,11.550240352623073,2026-10-02 11:15:42.805583,2026-10-02 11:15:43.080309,0 days 00:00:00.274726,False,absolute_error,S2,6,0.7637543515700672,2,200,original,"[14.538240299023562, 13.612282147424304, 11.846787219109077, 6.203651744935348]",3.2347376179172262,,COMPLETE
19,16.681730407889592,2026-10-02 11:15:43.082357,2026-10-02 11:15:43.329530,0 days 00:00:00.247173,False,absolute_error,S2_plus_ratio,3,0.8578816186554692,6,200,log,"[20.009744241840114, 23.939951442855794, 16.33445868947649, 6.442767257385973]",6.4945056146555995,,COMPLETE
20,11.042910712515104,2026-10-02 11:15:43.331394,2026-10-02 11:15:43.584126,0 days 00:00:00.252732,False,absolute_error,S2_plus_ratio,8,0.9474955703445883,2,200,log,"[14.77879276350929, 12.551754371411874, 12.462903070722978, 4.378192644416274]",3.958164634983785,,COMPLETE
21,10.441502906638458,2026-10-02 11:15:43.585890,2026-10-02 11:15:43.818703,0 days 00:00:00.232813,False,absolute_error,S2_plus_ratio,8,0.7227508006655396,1,200,log,"[14.128301243235128, 10.330779972937018, 11.771728835058525, 5.535201575323161]",3.1403039389956633,,COMPLETE
22,10.729745473060598,2026-10-02 11:15:43.820348,2026-10-02 11:15:44.043749,0 days 00:00:00.223401,False,absolute_error,S2_plus_ratio,7,0.5965599600912669,1,200,log,"[14.972944016839154, 11.124293037151762, 12.128939349752175, 4.692805488499303]",3.760411863879436,,COMPLETE
23,11.949831246702367,2026-10-02 11:15:44.045421,2026-10-02 11:15:44.270934,0 days 00:00:00.225513,False,absolute_error,S2_plus_ratio,8,0.40042669055013225,2,200,log,"[16.546804521603377, 14.273109734798414, 13.03580168590016, 3.943609044507513]",4.790843140020691,,COMPLETE
24,10.28680306151273,2026-10-02 11:15:44.272630,2026-10-02 11:15:44.504915,0 days 00:00:00.232285,False,absolute_error,S2_plus_ratio,6,0.6218975975608833,1,200,log,"[14.018256828463512, 10.317614733938079, 11.673629693751437, 5.137710989897887]",3.2542715714850154,,COMPLETE
25,11.547464264532163,2026-10-02 11:15:44.507030,2026-10-02 11:15:44.757924,0 days 00:00:00.250894,False,absolute_error,S2_plus_ratio,6,0.6108458634890099,2,200,log,"[15.279621887294034, 14.317948923345153, 12.636196108284611, 3.956090139204856]",4.483828829921678,,COMPLETE
26,10.261781239143712,2026-10-02 11:15:44.760314,2026-10-02 11:15:44.948560,0 days 00:00:00.188246,False,absolute_error,S2,5,0.8488235241609416,1,100,original,"[14.353605801913197, 8.554903209031561, 11.438980772151156, 6.699635173478928]",2.9039259716721117,,COMPLETE
27,11.379072832739107,2026-10-02 11:15:44.950454,2026-10-02 11:15:45.150431,0 days 00:00:00.199977,False,absolute_error,S2,5,0.8331493706025299,2,100,original,"[14.38278381326749, 12.722199119775723, 12.035634605999068, 6.375673791914144]",3.0121148385025913,,COMPLETE
28,18.36975184816751,2026-10-02 11:15:45.152160,2026-10-02 11:15:45.324792,0 days 00:00:00.172632,False,absolute_error,S2,3,0.7373474855397816,4,100,original,"[20.602272288782373, 27.391149524020197, 18.323780616574087, 7.161804963293396]",7.2799373326962264,,COMPLETE
29,12.759300362941156,2026-10-02 11:15:45.326756,2026-10-02 11:15:45.542728,0 days 00:00:00.215972,True,absolute_error,S2,5,0.615155766040308,1,100,original,"[15.870073753043654, 15.589045471059624, 12.88095348511229, 6.697128742549061]",3.6894814235442186,,COMPLETE
30,11.768159908025618,2026-10-02 11:15:45.544573,2026-10-02 11:15:45.745512,0 days 00:00:00.200939,False,absolute_error,S2_original_DQ,4,0.9036889577051705,2,100,original,"[15.093694743422237, 13.123010888048755, 12.37746148385563, 6.478472516775846]",3.211185304017888,,COMPLETE
31,12.116778646616446,2026-10-02 11:15:45.747647,2026-10-02 11:15:46.067552,0 days 00:00:00.319905,False,absolute_error,S4_early,6,0.8080333787940638,1,200,log,"[15.075835616513706, 10.24728678888883, 13.192277444847733, 9.95171473621551]",2.1269236797734967,,COMPLETE
32,10.51799811899863,2026-10-02 11:15:46.069541,2026-10-02 11:15:46.248721,0 days 00:00:00.179180,False,absolute_error,S2,7,0.8344747027447182,1,100,original,"[14.617105043261786, 8.062419311973612, 12.1180651870515, 7.274402933707619]",2.996400724300861,,COMPLETE
33,11.242263771582639,2026-10-02 11:15:46.250536,2026-10-02 11:15:46.442995,0 days 00:00:00.192459,False,absolute_error,S1,5,0.7399112455239447,1,100,log,"[18.036366590038316, 8.341835916933752, 10.344887241662141, 8.245965337696347]",4.011090992147028,,COMPLETE
34,11.075404506927956,2026-10-02 11:15:46.444604,2026-10-02 11:15:46.687885,0 days 00:00:00.243281,False,absolute_error,S2_plus_ratio,6,0.903532175755778,2,200,log,"[14.731529384930539, 12.70316139928325, 12.473202316317298, 4.393724927180745]",3.9564985260487613,,COMPLETE
