number,value,datetime_start,datetime_complete,duration,params_C,params_epsilon_log,params_epsilon_original,params_feature_set,params_gamma,params_kernel,params_target_transform,user_attrs_fold_MAPE,user_attrs_fold_SD,system_attrs_fixed_params,state
0,11.70620287243933,2026-10-02 11:14:48.941552,2026-10-02 11:14:48.973907,0 days 00:00:00.032355,1.0,0.05,,S1,0.1,rbf,log,"[8.412329931814993, 16.688645037034693, 11.590596834106725, 10.133239686800914]",3.088766210479018,"{'feature_set': 'S1', 'target_transform': 'log', 'kernel': 'rbf', 'C': 1.0, 'gamma': 0.1, 'epsilon_log': 0.05}",COMPLETE
1,13.101443442372737,2026-10-02 11:14:48.975945,2026-10-02 11:14:49.003832,0 days 00:00:00.027887,1.0,0.05,,S2,0.1,rbf,log,"[13.70239003441933, 21.114530677059143, 8.993837613123357, 8.59501544488911]",5.043585599109388,"{'feature_set': 'S2', 'target_transform': 'log', 'kernel': 'rbf', 'C': 1.0, 'gamma': 0.1, 'epsilon_log': 0.05}",COMPLETE
2,16.732516457245595,2026-10-02 11:14:49.031115,2026-10-02 11:14:49.056585,0 days 00:00:00.025470,1.0,0.05,,S3,0.1,rbf,log,"[21.192701214195193, 22.726048955286277, 11.438155070081818, 11.573160589419095]",5.2551140648886445,"{'feature_set': 'S3', 'target_transform': 'log', 'kernel': 'rbf', 'C': 1.0, 'gamma': 0.1, 'epsilon_log': 0.05}",COMPLETE
3,12.3765291937042,2026-10-02 11:14:49.058177,2026-10-02 11:14:49.085142,0 days 00:00:00.026965,3463.9567327746245,,5.4907799622192375,S2_plus_ratio,0.003882656099237326,linear,original,"[11.715583581232575, 14.548431701953907, 11.275936865260345, 11.966164626369977]",1.278056352390196,,COMPLETE
4,18.181410377801043,2026-10-02 11:14:49.086594,2026-10-02 11:14:49.111993,0 days 00:00:00.025399,5748.959831588453,,53.88210707618356,S4_early,7.556878655406412,rbf,original,"[26.912733374958865, 19.36270287126228, 18.254886331011537, 8.19531893397149]",6.658807593631741,,COMPLETE
5,11.346558026464006,2026-10-02 11:14:49.113557,2026-10-02 11:14:49.138518,0 days 00:00:00.024961,94.85279277601556,,17.55654750117895,S2,0.0023849295369906824,linear,original,"[9.888819345966088, 14.740249958686313, 11.178241835103401, 9.578920966100224]",2.049086266418293,,COMPLETE
6,17.669483419130806,2026-10-02 11:14:49.139979,2026-10-02 11:14:49.166722,0 days 00:00:00.026743,0.013829238793869844,0.02673004838726436,,S4_early,2.0875855178217373,rbf,log,"[25.033722443336526, 19.934273660873693, 17.408040905407514, 8.301896666905499]",6.065915532571675,,COMPLETE
7,11.54327750138951,2026-10-02 11:14:49.168211,2026-10-02 11:14:49.206285,0 days 00:00:00.038074,43.22727205751048,0.06065829781865309,,S2_plus_ratio,2.307224512871479,linear,log,"[8.916161716087315, 16.66673036784437, 10.567245196591196, 10.022972725035162]",3.017261684755908,,COMPLETE
8,13.46488205811807,2026-10-02 11:14:49.207951,2026-10-02 11:14:49.232913,0 days 00:00:00.024962,65.62547028300513,,3.355618601421237,S1,0.10154583292745502,rbf,original,"[17.501343905405665, 15.519982884483774, 12.275501880992229, 8.562699561590607]",3.389781780813387,,COMPLETE
9,8.831389066491791,2026-10-02 11:14:49.234417,2026-10-02 11:14:49.265351,0 days 00:00:00.030934,39.39181475223105,0.030527489998107924,,S1,0.41063130768822786,linear,log,"[6.978490040526955, 8.148855305019802, 10.783925469984206, 9.414285450436205]",1.418736562698402,,COMPLETE
10,10.458278152993236,2026-10-02 11:14:49.267055,2026-10-02 11:14:49.295006,0 days 00:00:00.027951,5.237278762293149,0.00794900916205115,,S2,0.008182881244764835,linear,log,"[8.084513054711898, 14.217321260507692, 10.618530456302011, 8.91274784045134]",2.3547563872761956,,COMPLETE
11,18.148632141236927,2026-10-02 11:14:49.296723,2026-10-02 11:14:49.324128,0 days 00:00:00.027405,52.318175541898164,0.1082426701911937,,S2_plus_ratio,4.23202270836509,rbf,log,"[26.301099405756446, 19.61427732135811, 18.233191805501605, 8.445960032331538]",6.378868133980078,,COMPLETE
12,10.564465900171292,2026-10-02 11:14:49.325598,2026-10-02 11:14:49.359427,0 days 00:00:00.033829,6.3212536264315204,0.004907905032123737,,S2_original_DQ,0.017633336472845734,linear,log,"[7.601726044150584, 14.572981738156388, 10.670187619864393, 9.412968198513811]",2.5584737010944774,,COMPLETE
13,10.545068321928639,2026-10-02 11:14:49.360886,2026-10-02 11:14:49.395251,0 days 00:00:00.034365,6.701454806649254,0.008141301446491908,,S2,0.5364188183003734,linear,log,"[8.08366807057744, 14.220334194422982, 10.633741810948827, 9.242529211765309]",2.3059998673044975,,COMPLETE
14,8.622788116028522,2026-10-02 11:14:49.397272,2026-10-02 11:14:49.433004,0 days 00:00:00.035732,6.811242135278931,0.013500300231910609,,S1,0.012089287275707515,linear,log,"[6.284917223225064, 8.189601335356198, 10.929076529329192, 9.087557376203632]",1.6724434077791341,,COMPLETE
15,8.594856085164096,2026-10-02 11:14:49.434856,2026-10-02 11:14:49.471707,0 days 00:00:00.036851,15.202006008996172,0.0014009099888359874,,S1,0.018202557497130612,linear,log,"[6.57576395027132, 8.154585791850359, 10.532617185832091, 9.116457412702617]",1.44027401980599,,COMPLETE
16,8.585821199624945,2026-10-02 11:14:49.473190,2026-10-02 11:14:49.505570,0 days 00:00:00.032380,0.16044955312722586,0.0010142868110143929,,S1,0.02717809550625106,linear,log,"[6.597548644531096, 8.153707836730442, 10.516474140061295, 9.075554177176945]",1.423658041582396,,COMPLETE
17,10.895613080716625,2026-10-02 11:14:49.507210,2026-10-02 11:14:49.538710,0 days 00:00:00.031500,0.012094018280548381,0.0010052644597303253,,S1,0.023358570151285563,linear,log,"[13.80855199391069, 9.089106798106144, 11.967759270226546, 8.71703426062312]",2.1002607688184827,,COMPLETE
18,11.706405730433758,2026-10-02 11:14:49.540158,2026-10-02 11:14:49.570823,0 days 00:00:00.030665,976.742103276961,,1.2630896226367045,S2_original_DQ,0.0011244788656795297,linear,original,"[11.08505059784759, 14.284875662780294, 11.11454750119521, 10.341149159911932]",1.5205928991413786,,COMPLETE
19,13.554849516932418,2026-10-02 11:14:49.572324,2026-10-02 11:14:49.604264,0 days 00:00:00.031940,0.07437886350179378,0.0010517749892540293,,S3,0.04460213179991069,linear,log,"[17.865173654075676, 14.56471528210189, 10.14212557305258, 11.647383558499524]",2.9531269076443434,,COMPLETE
20,8.619541712493358,2026-10-02 11:14:49.605687,2026-10-02 11:14:49.637289,0 days 00:00:00.031602,0.07128020660186471,0.0023232032973057896,,S1,0.005186974239735373,linear,log,"[6.785387713244703, 8.374432915050406, 10.455976694369609, 8.862369527308719]",1.3091655745025714,,COMPLETE
21,8.571683311807647,2026-10-02 11:14:49.638832,2026-10-02 11:14:49.672099,0 days 00:00:00.033267,0.06780379801694973,0.0023163099021853424,,S1,0.005303991228389144,linear,log,"[6.784999534812915, 8.183061496818263, 10.456225203735908, 8.862447011863502]",1.3209189515035096,,COMPLETE
22,8.52331977072129,2026-10-02 11:14:49.673664,2026-10-02 11:14:49.705964,0 days 00:00:00.032300,0.14137956520976996,0.0022111448776464277,,S1,0.03138723002153784,linear,log,"[6.530238783381466, 8.156310676279546, 10.489479931666532, 8.917249691557615]",1.4254853610715166,,COMPLETE
23,8.58972363893514,2026-10-02 11:14:49.707536,2026-10-02 11:14:49.741657,0 days 00:00:00.034121,0.08494701352272666,0.002542002140649426,,S1,0.044654215009959704,linear,log,"[6.797709357106156, 8.157040799353918, 10.490454229133256, 8.913690170147232]",1.3338160214032135,,COMPLETE
24,8.566775900739604,2026-10-02 11:14:49.743185,2026-10-02 11:14:49.778112,0 days 00:00:00.034927,0.2715900067698709,0.0025288141189862743,,S1,0.0013627670295180095,linear,log,"[6.512377594493211, 8.157012143918344, 10.490414075880118, 9.10729978866674]",1.447498587165987,,COMPLETE
25,8.564294049000711,2026-10-02 11:14:49.779947,2026-10-02 11:14:49.817037,0 days 00:00:00.037090,0.29745641708842097,0.002727518590658965,,S1,0.0010317775757951256,linear,log,"[6.501206387811492, 8.157452927900678, 10.490998644615479, 9.107518235675197]",1.4516485035400577,,COMPLETE
26,15.136483929008502,2026-10-02 11:14:49.818971,2026-10-02 11:14:49.852356,0 days 00:00:00.033385,2.3927477944823226,,96.92482934961873,S1,0.0016441326887810972,linear,original,"[19.22568889424537, 17.436021710459478, 15.82329699798909, 8.060928113340065]",4.258658050031732,,COMPLETE
27,24.16253776079573,2026-10-02 11:14:49.853905,2026-10-02 11:14:49.889252,0 days 00:00:00.035347,0.2913111035361744,0.003933091573622197,,S4_early,0.0010066120998355717,linear,log,"[45.06652059828294, 24.34159898572127, 15.301858186117324, 11.940173273061376]",12.892889489834937,,COMPLETE
28,14.726458318671252,2026-10-02 11:14:49.890805,2026-10-02 11:14:49.925330,0 days 00:00:00.034525,0.39363353720734867,0.003481419834440144,,S3,0.0026534594489822775,linear,log,"[21.52219220574747, 15.475962343359887, 9.980123790857093, 11.927554934720565]",4.390481378778185,,COMPLETE
29,8.98196169440726,2026-10-02 11:14:49.926912,2026-10-02 11:14:49.975068,0 days 00:00:00.048156,0.024310356700484183,0.0064925811974184304,,S1,0.44931420686406287,linear,log,"[7.758508433482611, 8.208818790685205, 11.273933865525215, 8.686585687936006]",1.363357184455067,,COMPLETE
30,10.431467802605086,2026-10-02 11:14:49.976814,2026-10-02 11:14:50.016541,0 days 00:00:00.039727,0.5531722225303621,0.0016859712263389921,,S2_original_DQ,0.0019579592931330183,linear,log,"[6.793106033593925, 14.626239742415093, 10.675710289773832, 9.630815144637497]",2.8077787956171143,,COMPLETE
31,8.571608437250822,2026-10-02 11:14:50.018161,2026-10-02 11:14:50.056303,0 days 00:00:00.038142,0.17185641831620513,0.0022486781679428424,,S1,0.005687155843193929,linear,log,"[6.5281283090757825, 8.156393377059459, 10.489590209205545, 9.112321853662502]",1.4421546082766372,,COMPLETE
32,8.560663625818908,2026-10-02 11:14:50.057908,2026-10-02 11:14:50.096128,0 days 00:00:00.038220,0.17442557443084147,0.0029819388512911786,,S1,0.004027290718735022,linear,log,"[6.486904298932117, 8.1580192876945, 10.491748082104502, 9.105982834544509]",1.4567996109268548,,COMPLETE
33,8.759726576942612,2026-10-02 11:14:50.097916,2026-10-02 11:14:50.132140,0 days 00:00:00.034224,0.03254434875029149,0.0034481548883985086,,S1,0.0028693846934464227,linear,log,"[7.037080681604321, 8.164480528707042, 11.08783113948986, 8.749513957969222]",1.4783438275994467,,COMPLETE
34,16.352767144590583,2026-10-02 11:14:50.133664,2026-10-02 11:14:50.164870,0 days 00:00:00.031206,0.6792146509322734,0.005106624509293704,,S1,0.001358922019782031,rbf,log,"[23.401606659542466, 18.13192991188825, 15.902339174402325, 7.975192832529294]",5.550634994541671,,COMPLETE
