number,value,datetime_start,datetime_complete,duration,params_bootstrap,params_criterion,params_feature_set,params_max_depth,params_max_features,params_min_samples_leaf,params_n_estimators,params_target_transform,user_attrs_fold_MAPE,user_attrs_fold_SD,system_attrs_fixed_params,state
0,19.3253136673823,2026-10-02 11:15:29.404943,2026-10-02 11:15:29.694102,0 days 00:00:00.289159,True,squared_error,S1,8,0.7475307437612745,8,200,log,"[24.781746378725636, 26.856533869890747, 17.747981968968457, 7.914992451944353]",7.40228581585417,"{'feature_set': 'S1', 'target_transform': 'log'}",COMPLETE
1,13.467389885066035,2026-10-02 11:15:29.696172,2026-10-02 11:15:29.851484,0 days 00:00:00.155312,False,squared_error,S2,2,0.7475574532039496,4,100,log,"[19.241987976058766, 14.534031235246122, 12.02644151403044, 8.06709881492882]",4.053491788958157,"{'feature_set': 'S2', 'target_transform': 'log'}",COMPLETE
2,11.768410849673973,2026-10-02 11:15:29.853515,2026-10-02 11:15:30.015949,0 days 00:00:00.162434,False,absolute_error,S3,10,0.6659230505216639,2,100,log,"[15.802536948255192, 11.16441499452408, 11.398925380571784, 8.707766075344836]",2.556513755038211,"{'feature_set': 'S3', 'target_transform': 'log'}",COMPLETE
3,13.809897251331925,2026-10-02 11:15:30.017970,2026-10-02 11:15:30.218601,0 days 00:00:00.200631,True,absolute_error,S4_early,3,0.5330153882050593,4,100,original,"[15.499708322062613, 14.609503045407306, 13.522301957951619, 11.608075679906165]",1.451340773720392,,COMPLETE
4,16.45477455240402,2026-10-02 11:15:30.220392,2026-10-02 11:15:30.418558,0 days 00:00:00.198166,True,squared_error,S1,9,0.9329623449228475,7,100,log,"[19.713562890618444, 21.86246573164941, 15.641491212803027, 8.601578374545205]",5.054625241345287,,COMPLETE
5,11.226177749168032,2026-10-02 11:15:30.420517,2026-10-02 11:15:30.578746,0 days 00:00:00.158229,False,absolute_error,S1,10,0.5678912714120908,2,100,log,"[14.031595749524021, 9.091631057649721, 12.363460808552716, 9.418023380945671]",2.0609157376927225,,COMPLETE
6,11.879595110947463,2026-10-02 11:15:30.580660,2026-10-02 11:15:30.736810,0 days 00:00:00.156150,False,absolute_error,S3,3,0.8456523785024123,4,100,original,"[14.427806014589192, 11.509968444320007, 13.700411122231559, 7.880194862649093]",2.5465945876384755,,COMPLETE
7,13.850565560447164,2026-10-02 11:15:30.738401,2026-10-02 11:15:30.885560,0 days 00:00:00.147159,False,absolute_error,S3,8,0.71315187249845,7,100,original,"[16.042348403601956, 15.112645888728887, 12.307205107700925, 11.940062841756893]",1.7627209728008144,,COMPLETE
8,14.716951577132345,2026-10-02 11:15:30.887274,2026-10-02 11:15:31.180529,0 days 00:00:00.293255,True,squared_error,S2_plus_ratio,6,0.7499986398399334,5,200,original,"[17.60707123367205, 20.367982598183097, 14.160932307896598, 6.73182016877763]",5.107798553840233,,COMPLETE
9,14.988285653101775,2026-10-02 11:15:31.182275,2026-10-02 11:15:31.401933,0 days 00:00:00.219658,False,squared_error,S1,8,0.5694764738003031,8,200,original,"[14.769461758204955, 13.788045503584852, 15.852668316474677, 15.542967034142615]",0.797384652583561,,COMPLETE
10,10.976573151918526,2026-10-02 11:15:31.403720,2026-10-02 11:15:31.619385,0 days 00:00:00.215665,False,absolute_error,S2,6,0.6906378129106027,2,200,original,"[13.61695247256027, 10.654711222972631, 10.32274105797269, 9.311887854168512]",1.6026440345407316,,COMPLETE
11,11.753094480543588,2026-10-02 11:15:31.621243,2026-10-02 11:15:31.939031,0 days 00:00:00.317788,True,absolute_error,S1,8,0.43989240084023984,4,200,log,"[14.700059931750012, 11.55060919737292, 11.833264365354637, 8.92844442769678]",2.0439349789060732,,COMPLETE
12,11.657914954658608,2026-10-02 11:15:31.940728,2026-10-02 11:15:32.176863,0 days 00:00:00.236135,False,absolute_error,S2_original_DQ,5,0.5901977896259265,1,200,log,"[18.445921010521324, 9.988744635022222, 9.727093679413391, 8.469900493677494]",3.960892032445097,,COMPLETE
13,12.26268864510591,2026-10-02 11:15:32.178504,2026-10-02 11:15:32.412493,0 days 00:00:00.233989,False,absolute_error,S2,6,0.42269200333148294,2,200,original,"[15.439358397948766, 13.754405457545488, 12.570464028353436, 7.286526696575958]",3.0484981216851748,,COMPLETE
14,11.663207649650056,2026-10-02 11:15:32.414121,2026-10-02 11:15:32.574313,0 days 00:00:00.160192,False,absolute_error,S2,5,0.646373044579076,1,100,original,"[18.174156379494324, 9.253880911528286, 8.979999143449596, 10.244794164128015]",3.788430195917118,,COMPLETE
15,10.360607115296737,2026-10-02 11:15:32.576470,2026-10-02 11:15:32.815497,0 days 00:00:00.239027,False,absolute_error,S2_plus_ratio,10,0.5068286446755152,2,200,log,"[13.851581830092794, 10.270374895346372, 10.152618000513655, 7.167853735234135]",2.368120559147697,,COMPLETE
16,12.75101583389788,2026-10-02 11:15:32.817711,2026-10-02 11:15:33.057318,0 days 00:00:00.239607,False,absolute_error,S2_plus_ratio,1,0.4850359269383272,3,200,log,"[16.515504355824984, 15.422756092978842, 13.710366003839724, 5.35543688294797]",4.385330962767113,,COMPLETE
17,11.353535883748814,2026-10-02 11:15:33.059238,2026-10-02 11:15:33.298545,0 days 00:00:00.239307,False,absolute_error,S2_plus_ratio,6,0.8411301551002397,3,200,original,"[14.225680125910253, 11.688059812770803, 9.032153836027717, 10.468249760286485]",1.906152206589637,,COMPLETE
18,11.096699016546518,2026-10-02 11:15:33.300226,2026-10-02 11:15:33.565756,0 days 00:00:00.265530,False,absolute_error,S4_early,4,0.9802360625845798,1,200,log,"[12.122132459401849, 10.755161748919525, 12.224357356064344, 9.285144501800351]",1.195983334069247,,COMPLETE
19,15.703397811423187,2026-10-02 11:15:33.570007,2026-10-02 11:15:33.928497,0 days 00:00:00.358490,False,absolute_error,S2_original_DQ,7,0.49480480202481797,3,200,original,"[18.355625831747748, 22.683004707209495, 14.976973450147945, 6.797987256587559]",5.822011151533774,,COMPLETE
20,12.90247287226148,2026-10-02 11:15:33.930489,2026-10-02 11:15:34.183399,0 days 00:00:00.252910,False,absolute_error,S2,9,0.6323931719909037,5,200,log,"[15.630211008670708, 14.913389480891492, 13.869924639445266, 7.196366360038452]",3.3533548648460396,,COMPLETE
21,11.096699016546518,2026-10-02 11:15:34.185277,2026-10-02 11:15:34.450292,0 days 00:00:00.265015,False,absolute_error,S4_early,4,0.9400353339801337,1,200,log,"[12.122132459401849, 10.755161748919525, 12.224357356064344, 9.285144501800351]",1.195983334069247,,COMPLETE
22,11.790189464357862,2026-10-02 11:15:34.453611,2026-10-02 11:15:34.750534,0 days 00:00:00.296923,False,absolute_error,S4_early,4,0.8602264101760154,2,200,log,"[17.106532225455258, 10.781535090906702, 10.68513310361811, 8.587557437451382]",3.1921342961541157,,COMPLETE
23,12.662174666530323,2026-10-02 11:15:34.752614,2026-10-02 11:15:35.004431,0 days 00:00:00.251817,False,absolute_error,S2_plus_ratio,4,0.9842169683993705,1,200,log,"[19.469434992783743, 10.402696054204913, 11.321272466261085, 9.455295152871546]",3.985164101851736,,COMPLETE
24,11.24248284324995,2026-10-02 11:15:35.006213,2026-10-02 11:15:35.254082,0 days 00:00:00.247869,False,absolute_error,S4_early,1,0.7931683512913799,2,200,log,"[14.86729599794399, 11.408871976511465, 11.58537034479776, 7.108393053746587]",2.7556862111143987,,COMPLETE
25,11.32834363613528,2026-10-02 11:15:35.256051,2026-10-02 11:15:35.519560,0 days 00:00:00.263509,False,absolute_error,S2_plus_ratio,5,0.907604780300107,3,200,log,"[14.045401675338095, 11.482637052327721, 10.273450297595991, 9.511885519279307]",1.7189045125212377,,COMPLETE
26,10.751038521930205,2026-10-02 11:15:35.521405,2026-10-02 11:15:35.852965,0 days 00:00:00.331560,True,squared_error,S2,3,0.988701753922932,1,200,original,"[13.821474468380327, 10.924930502241063, 10.569517470779392, 7.688231646320036]",2.1720699327695066,,COMPLETE
27,12.556651697727,2026-10-02 11:15:35.854766,2026-10-02 11:15:36.185474,0 days 00:00:00.330708,True,squared_error,S2,2,0.6835394733991231,2,200,original,"[16.642733625666626, 14.492423051011727, 12.489384119031236, 6.602065995198411]",3.7384787036284584,,COMPLETE
28,11.005017058282508,2026-10-02 11:15:36.187148,2026-10-02 11:15:36.506277,0 days 00:00:00.319129,True,squared_error,S2,7,0.6143395382839213,1,200,original,"[14.51526827528363, 10.692572574802606, 10.979678712468171, 7.832548670575624]",2.370900823763143,,COMPLETE
29,15.609837383059874,2026-10-02 11:15:36.508102,2026-10-02 11:15:36.801563,0 days 00:00:00.293461,True,squared_error,S2,9,0.40251013121432305,3,200,original,"[18.923422283131632, 22.091888422473904, 14.621636883702585, 6.802401942931373]",5.73463795340459,,COMPLETE
30,11.075974548359614,2026-10-02 11:15:36.803509,2026-10-02 11:15:37.132099,0 days 00:00:00.328590,True,squared_error,S2,7,0.7994255904742346,2,200,original,"[13.834160409091925, 11.404987626422978, 10.442723524982537, 8.622026632941015]",1.8800735409868794,,COMPLETE
31,11.005017058282508,2026-10-02 11:15:37.134029,2026-10-02 11:15:37.459519,0 days 00:00:00.325490,True,squared_error,S2,7,0.516095770480771,1,200,original,"[14.51526827528363, 10.692572574802606, 10.979678712468171, 7.832548670575624]",2.370900823763143,,COMPLETE
32,11.017242850590485,2026-10-02 11:15:37.461402,2026-10-02 11:15:37.791306,0 days 00:00:00.329904,True,squared_error,S2,10,0.6232358721488837,1,200,original,"[14.507659120043195, 10.722049303690874, 11.017004443277605, 7.822258535350264]",2.370552140096291,,COMPLETE
33,15.582676655606717,2026-10-02 11:15:37.793376,2026-10-02 11:15:38.129126,0 days 00:00:00.335750,True,squared_error,S2,2,0.45946138405629755,2,200,original,"[19.57890246469748, 21.016292773346805, 14.717517654096007, 7.017993730286578]",5.468004630150137,,COMPLETE
34,11.268458231017084,2026-10-02 11:15:38.130899,2026-10-02 11:15:38.475142,0 days 00:00:00.344243,True,squared_error,S2,3,0.5334085320944405,1,200,original,"[15.14378488749161, 11.782875966950819, 11.286795996924154, 6.860376072701755]",2.9459424166784727,,COMPLETE
