number,value,datetime_start,datetime_complete,duration,params_C,params_epsilon_log,params_epsilon_original,params_feature_set,params_gamma,params_kernel,params_target_transform,user_attrs_fold_MAPE,user_attrs_fold_SD,system_attrs_fixed_params,state
0,9.169476634461954,2026-10-02 11:15:08.576071,2026-10-02 11:15:08.603669,0 days 00:00:00.027598,1.0,0.05,,S1,0.1,rbf,log,"[4.23574698733272, 9.25720798098876, 13.76799777802975, 9.416953791496589]",3.374797278030911,"{'feature_set': 'S1', 'target_transform': 'log', 'kernel': 'rbf', 'C': 1.0, 'gamma': 0.1, 'epsilon_log': 0.05}",COMPLETE
1,11.460998660148466,2026-10-02 11:15:08.605550,2026-10-02 11:15:08.630696,0 days 00:00:00.025146,1.0,0.05,,S2,0.1,rbf,log,"[5.018826826292542, 12.934270939447568, 18.69311519969783, 9.19778167515592]",5.027369339641259,"{'feature_set': 'S2', 'target_transform': 'log', 'kernel': 'rbf', 'C': 1.0, 'gamma': 0.1, 'epsilon_log': 0.05}",COMPLETE
2,12.144948750514242,2026-10-02 11:15:08.632778,2026-10-02 11:15:08.658132,0 days 00:00:00.025354,1.0,0.05,,S3,0.1,rbf,log,"[7.222256369023373, 14.486084794086551, 13.563807904163644, 13.307645934783402]",2.8757105338291513,"{'feature_set': 'S3', 'target_transform': 'log', 'kernel': 'rbf', 'C': 1.0, 'gamma': 0.1, 'epsilon_log': 0.05}",COMPLETE
3,14.937273603044577,2026-10-02 11:15:08.659819,2026-10-02 11:15:08.686053,0 days 00:00:00.026234,105.41188360398284,,24.416252642867736,S2_original_DQ,7.188740839768693,linear,original,"[9.318219052229741, 13.950779311221915, 26.599428608628095, 9.880667440098557]",6.966384828126996,,COMPLETE
4,18.161881323272365,2026-10-02 11:15:08.687565,2026-10-02 11:15:08.713737,0 days 00:00:00.026172,0.021187836127912904,0.024522163128602743,,S2_original_DQ,3.867827532131947,rbf,log,"[17.90190238421227, 18.152435373216193, 23.675916963610227, 12.917270572050768]",3.8071711693024985,,COMPLETE
5,12.540487164985699,2026-10-02 11:15:08.715331,2026-10-02 11:15:08.746617,0 days 00:00:00.031286,76.9694004322736,0.14211137747093713,,S2_plus_ratio,2.776182665861293,linear,log,"[9.332154980728298, 10.345182315713402, 18.830381503350235, 11.654229860150862]",3.7236065039133663,,COMPLETE
6,17.173872236838996,2026-10-02 11:15:08.748306,2026-10-02 11:15:08.773361,0 days 00:00:00.025055,0.012169811691923703,0.031180933855393937,,S1,5.131055594198126,rbf,log,"[17.14386437902626, 16.91971693542602, 22.976732821524813, 11.655174811378895]",4.006079992581495,,COMPLETE
7,14.432355593131549,2026-10-02 11:15:08.774851,2026-10-02 11:15:08.810006,0 days 00:00:00.035155,70.7932521843141,0.08400011202703063,,S2,0.016591481033481965,linear,log,"[13.672252918715794, 14.458136099058711, 19.905687435324054, 9.693345919427635]",3.639848721181882,,COMPLETE
8,23.605072432593822,2026-10-02 11:15:08.811513,2026-10-02 11:15:08.838558,0 days 00:00:00.027045,2.55713008854863,0.03383306022765586,,S4_early,0.013336476518356498,linear,log,"[29.448336926650004, 22.82731180066394, 22.433440251857352, 19.711200751203997]",3.580628792060989,,COMPLETE
9,17.045345097362055,2026-10-02 11:15:08.840095,2026-10-02 11:15:08.865791,0 days 00:00:00.025696,0.037369077531825855,0.02073069773289682,,S2_original_DQ,0.003945553744948136,rbf,log,"[16.726831602375555, 18.056467039578536, 21.743386564843718, 11.654695182650416]",3.6143643480451026,,COMPLETE
10,18.720905389095126,2026-10-02 11:15:08.867518,2026-10-02 11:15:08.892867,0 days 00:00:00.025349,7875.929057310123,,31.85301954915806,S4_early,2.6845809537681444,rbf,original,"[16.509297343985892, 18.109742878815705, 26.835284236761176, 13.429297096817724]",4.977674963311489,,COMPLETE
11,14.029588795548507,2026-10-02 11:15:08.894376,2026-10-02 11:15:08.918634,0 days 00:00:00.024258,6614.545821585071,,33.95833093805924,S3,0.005547441531194757,rbf,original,"[7.267644339178027, 12.84540574881127, 21.574710652391808, 14.43059444181292]",5.104308270524268,,COMPLETE
12,12.347461385063855,2026-10-02 11:15:08.920159,2026-10-02 11:15:08.950990,0 days 00:00:00.030831,0.5845422851983273,0.0030978765617973914,,S2,0.2426925127863814,rbf,log,"[8.341514334167215, 15.248423187284871, 17.75895637161987, 8.040951647183459]",4.2512790800097,,COMPLETE
13,11.003941020363456,2026-10-02 11:15:08.952715,2026-10-02 11:15:08.987526,0 days 00:00:00.034811,0.1453002346177999,0.007870170718555293,,S1,0.1729327915617545,rbf,log,"[7.734439821982124, 9.951131917663435, 16.741950210042866, 9.588242131765401]",3.4178574391337664,,COMPLETE
14,16.198592526345266,2026-10-02 11:15:08.989129,2026-10-02 11:15:09.021296,0 days 00:00:00.032167,6.466764003320605,,1.3906344953414145,S1,0.4340151817064158,rbf,original,"[16.233634960281385, 16.99256363526946, 20.777151050386642, 10.791020459443583]",3.5649913012092247,,COMPLETE
15,12.775652301546442,2026-10-02 11:15:09.023151,2026-10-02 11:15:09.057805,0 days 00:00:00.034654,0.12169341799274137,0.006175118515279759,,S1,0.8582878543590045,rbf,log,"[12.396909377660139, 10.625083644460009, 18.544606522407967, 9.536009661657653]",3.4836944824359275,,COMPLETE
16,11.41266477549607,2026-10-02 11:15:09.059855,2026-10-02 11:15:09.116736,0 days 00:00:00.056881,0.18613780230457969,0.009830445579026804,,S1,0.03238314451605431,rbf,log,"[5.941980638050699, 12.3339369703602, 17.763496091047195, 9.611245402526185]",4.311475894186996,,COMPLETE
17,11.07474955748884,2026-10-02 11:15:09.118609,2026-10-02 11:15:09.152077,0 days 00:00:00.033468,0.13163727497827657,0.0014358812038468022,,S1,0.07310745820192845,rbf,log,"[6.956517470246429, 10.955490702241072, 17.214390514459087, 9.172599543008776]",3.8173100462577385,,COMPLETE
18,13.974409806621532,2026-10-02 11:15:09.153720,2026-10-02 11:15:09.186304,0 days 00:00:00.032584,10.499921581711018,,1.1245569382691556,S2_plus_ratio,0.0011970477534574582,linear,original,"[5.744120855588408, 16.114348886511085, 25.588339834956187, 8.450829649430446]",7.708928329202202,,COMPLETE
19,11.820490149855068,2026-10-02 11:15:09.188052,2026-10-02 11:15:09.221689,0 days 00:00:00.033637,0.31554323446904614,0.00854413795202958,,S1,0.7307927307170246,rbf,log,"[9.075623887742612, 10.426578190591856, 18.165087804603502, 9.614670716482298]",3.694483729844554,,COMPLETE
20,14.397537809198674,2026-10-02 11:15:09.223267,2026-10-02 11:15:09.257532,0 days 00:00:00.034265,0.03492344258223249,0.19252024060762796,,S1,0.2512975363565638,rbf,log,"[14.518089957475217, 14.83350743579972, 19.17391776111445, 9.064636082405315]",3.5867202500498725,,COMPLETE
21,12.609697641228122,2026-10-02 11:15:09.259315,2026-10-02 11:15:09.294548,0 days 00:00:00.035233,0.08646818244802426,0.001024866188535102,,S1,0.08052791639281605,rbf,log,"[9.744098811035363, 12.578720653637903, 18.001708414871377, 10.11426268536784]",3.2982416539489874,,COMPLETE
22,10.691148431843832,2026-10-02 11:15:09.296321,2026-10-02 11:15:09.331131,0 days 00:00:00.034810,0.33480972492630146,0.0013634480761726018,,S1,0.0381979475507759,rbf,log,"[6.6101536661698255, 10.95823872100853, 15.970877780957421, 9.225323559239552]",3.4187000474252445,,COMPLETE
23,10.92259716303274,2026-10-02 11:15:09.332806,2026-10-02 11:15:09.367538,0 days 00:00:00.034732,0.5786043621072914,0.0026348765447371902,,S1,0.026179130079631942,rbf,log,"[7.952313377890127, 10.924204009998494, 15.646514840488338, 9.167356423754002]",2.9248442959600243,,COMPLETE
24,9.473993776393012,2026-10-02 11:15:09.369217,2026-10-02 11:15:09.404179,0 days 00:00:00.034962,2.1941291883854666,0.002269235821855015,,S1,0.03477961713661331,rbf,log,"[5.96553826757186, 9.434784095740856, 13.629030046541772, 8.86662269571756]",2.736056628266624,,COMPLETE
25,9.290123533874407,2026-10-02 11:15:09.405984,2026-10-02 11:15:09.439750,0 days 00:00:00.033766,2.96975322383417,0.002456462891180594,,S1,0.03825044432157063,rbf,log,"[5.5548089510898855, 9.320989077797456, 13.31941117963145, 8.965284926978843]",2.752008664909349,,COMPLETE
26,13.25961391664233,2026-10-02 11:15:09.441588,2026-10-02 11:15:09.473894,0 days 00:00:00.032306,10.012586276103937,,6.164718423490591,S3,0.00768135717771358,linear,original,"[4.348563117979021, 12.581777852498554, 23.455803954747655, 12.652310741344092]",6.785967073787226,,COMPLETE
27,14.54022699698847,2026-10-02 11:15:09.475534,2026-10-02 11:15:09.506950,0 days 00:00:00.031416,2.5610542920954766,0.0033231483188498165,,S2_plus_ratio,0.002114587010534498,rbf,log,"[6.257097273701835, 15.706020868729508, 27.374295779592295, 8.823494065930236]",8.175629490837926,,COMPLETE
28,11.731873459744346,2026-10-02 11:15:09.508471,2026-10-02 11:15:09.540598,0 days 00:00:00.032127,2.389527700983973,0.013290378364542027,,S4_early,0.049719166184201746,rbf,log,"[6.2042436282021045, 13.495329971469431, 10.688318124039329, 16.539602115266515]",3.8035421973178085,,COMPLETE
29,15.329129766892903,2026-10-02 11:15:09.542182,2026-10-02 11:15:09.573531,0 days 00:00:00.031349,1.1947262864660235,0.004760391436900707,,S2,0.017081562375626205,rbf,log,"[6.3226320911154845, 14.044503886609744, 31.229571831374447, 9.719811258471937]",9.579349873698703,,COMPLETE
30,10.255745506506992,2026-10-02 11:15:09.575024,2026-10-02 11:15:09.606403,0 days 00:00:00.031379,5.281125330363563,0.001708571710934538,,S1,0.13071921608610468,rbf,log,"[9.058776277812626, 8.879017692647558, 12.674847238984238, 10.410340816583545]",1.516910322816369,,COMPLETE
31,10.293336558670553,2026-10-02 11:15:09.607941,2026-10-02 11:15:09.640071,0 days 00:00:00.032130,4.4677987943648905,0.0019998911952090292,,S1,0.13440552080182935,rbf,log,"[8.819580965701812, 8.884769857493707, 13.081524973974378, 10.387470437512313]",1.7276336074129781,,COMPLETE
32,10.156926883067964,2026-10-02 11:15:09.641586,2026-10-02 11:15:09.674819,0 days 00:00:00.033233,17.418747486165266,0.0020239899565394903,,S1,0.09467755387121773,rbf,log,"[9.919629453384585, 8.841058157378527, 11.531523302505246, 10.335496619003493]",0.9629671645886688,,COMPLETE
33,9.367077926854869,2026-10-02 11:15:09.676496,2026-10-02 11:15:09.708316,0 days 00:00:00.031820,29.5974168505866,0.003398044885571067,,S1,0.05945183566512056,rbf,log,"[7.194629490045039, 8.62595779568675, 11.509619024328504, 10.138105397359176]",1.616613510865841,,COMPLETE
34,15.21210636693231,2026-10-02 11:15:09.710050,2026-10-02 11:15:09.742895,0 days 00:00:00.032845,36.438879911960754,0.004072398840292251,,S3,0.06154667170526998,rbf,log,"[7.316264339891205, 20.857907334210385, 13.02271577781342, 19.651538015814232]",5.447966923424817,,COMPLETE
