number,value,datetime_start,datetime_complete,duration,params_bootstrap,params_criterion,params_feature_set,params_max_depth,params_max_features,params_min_samples_leaf,params_n_estimators,params_target_transform,user_attrs_fold_MAPE,user_attrs_fold_SD,system_attrs_fixed_params,state
0,17.60862016585553,2026-10-02 11:15:00.503315,2026-10-02 11:15:00.709521,0 days 00:00:00.206206,True,squared_error,S1,4,0.9317179195129461,8,100,log,"[24.788412315086227, 20.087801631082392, 17.56540803957426, 7.9928586776792505]",6.12699951707667,"{'feature_set': 'S1', 'target_transform': 'log'}",COMPLETE
1,13.732458634881201,2026-10-02 11:15:00.711470,2026-10-02 11:15:00.929236,0 days 00:00:00.217766,False,absolute_error,S2,4,0.6412099039825181,2,200,log,"[17.20853149586894, 18.193561062428103, 12.425357454351012, 7.102384526876751]",4.405987788729525,"{'feature_set': 'S2', 'target_transform': 'log'}",COMPLETE
2,15.798583197806083,2026-10-02 11:15:00.931002,2026-10-02 11:15:01.151843,0 days 00:00:00.220841,False,squared_error,S3,2,0.6358575191846373,4,200,log,"[19.533257898025987, 18.731629934912554, 15.26212067762976, 9.66732428065603]",3.886858828900257,"{'feature_set': 'S3', 'target_transform': 'log'}",COMPLETE
3,16.694116674529894,2026-10-02 11:15:01.153782,2026-10-02 11:15:01.373585,0 days 00:00:00.219803,False,absolute_error,S3,10,0.9738524544299081,8,200,original,"[23.11044385098883, 18.386874082845754, 15.828888106406897, 9.4502606578781]",4.930941911639507,,COMPLETE
4,15.284770523589335,2026-10-02 11:15:01.375350,2026-10-02 11:15:01.543726,0 days 00:00:00.168376,False,absolute_error,S3,1,0.9649999689822307,2,100,log,"[19.974594005480455, 17.34697934237264, 15.204066031000881, 8.613442715503362]",4.205956414468359,,COMPLETE
5,13.59556022408659,2026-10-02 11:15:01.545448,2026-10-02 11:15:01.761207,0 days 00:00:00.215759,True,absolute_error,S2_plus_ratio,9,0.4894313137279737,1,100,log,"[17.6324239159646, 18.132727986670766, 12.361178945503463, 6.255910048207531]",4.803028253556137,,COMPLETE
6,14.043482416452319,2026-10-02 11:15:01.763055,2026-10-02 11:15:01.988232,0 days 00:00:00.225177,False,absolute_error,S3,5,0.9379740684129658,3,200,log,"[14.25234316435317, 18.4308210947438, 13.66040245478828, 9.830362951924025]",3.049159284518514,,COMPLETE
7,15.052039662165608,2026-10-02 11:15:01.990068,2026-10-02 11:15:02.306518,0 days 00:00:00.316450,True,squared_error,S3,5,0.5664650503706287,1,200,original,"[16.832757772201788, 16.916256144773772, 14.832371849449094, 11.626772882237777]",2.1463321354731897,,COMPLETE
8,15.558003983899447,2026-10-02 11:15:02.308349,2026-10-02 11:15:02.457903,0 days 00:00:00.149554,False,squared_error,S1,8,0.9221835948931725,6,100,log,"[21.381023358397776, 17.64910847171248, 15.121570644457217, 8.080313461030313]",4.857638372458326,,COMPLETE
9,16.91607152207166,2026-10-02 11:15:02.459520,2026-10-02 11:15:02.658213,0 days 00:00:00.198693,True,absolute_error,S2_plus_ratio,8,0.848378042362043,7,100,log,"[23.26941007378397, 19.831581903310745, 16.956216121191332, 7.607077990000601]",5.820740582279158,,COMPLETE
10,17.01053354709478,2026-10-02 11:15:02.659933,2026-10-02 11:15:02.881519,0 days 00:00:00.221586,False,absolute_error,S2,7,0.5729765328507679,8,200,original,"[24.679212292057297, 19.267286989793025, 16.252832964667764, 7.8428019418610395]",6.093500282119919,,COMPLETE
11,14.364810220045783,2026-10-02 11:15:02.883437,2026-10-02 11:15:03.206552,0 days 00:00:00.323115,True,absolute_error,S4_early,4,0.4994117625706505,1,200,original,"[15.292694763690198, 16.39713133315082, 14.72770926642521, 11.041705516916904]",2.0103494359766834,,COMPLETE
12,15.833437120755594,2026-10-02 11:15:03.208330,2026-10-02 11:15:03.414430,0 days 00:00:00.206100,True,absolute_error,S2_plus_ratio,10,0.42163695861286105,4,100,log,"[21.323301520343822, 19.38762159704088, 15.557667457252006, 7.0651579083856735]",5.471051262571044,,COMPLETE
13,13.850504769629948,2026-10-02 11:15:03.416113,2026-10-02 11:15:03.627405,0 days 00:00:00.211292,True,absolute_error,S2_original_DQ,7,0.7518806665486987,2,100,log,"[17.584125703931026, 18.16010020765089, 13.238507035470636, 6.41928613146724]",4.693348745705328,,COMPLETE
14,16.07925204460191,2026-10-02 11:15:03.629026,2026-10-02 11:15:03.783323,0 days 00:00:00.154297,False,absolute_error,S2,2,0.6950520402194063,3,100,log,"[22.13476837555747, 19.668392340896286, 15.267834688498109, 7.246012773455767]",5.662060584452857,,COMPLETE
15,13.262482506776363,2026-10-02 11:15:03.784967,2026-10-02 11:15:04.109897,0 days 00:00:00.324930,True,absolute_error,S2,6,0.4266046622636366,1,200,log,"[16.900102732485863, 18.55310200415618, 12.738495950850332, 4.858229339613084]",5.294548346674897,,COMPLETE
16,13.59556022408659,2026-10-02 11:15:04.111596,2026-10-02 11:15:04.322703,0 days 00:00:00.211107,True,absolute_error,S2_plus_ratio,9,0.42833372474498815,1,100,log,"[17.6324239159646, 18.132727986670766, 12.361178945503463, 6.255910048207531]",4.803028253556137,,COMPLETE
17,14.800649793738657,2026-10-02 11:15:04.324502,2026-10-02 11:15:04.654328,0 days 00:00:00.329826,True,absolute_error,S4_early,6,0.5023110257141907,3,200,log,"[17.405173023375717, 17.894238854285764, 14.442681223133528, 9.46050607415962]",3.3540688339894094,,COMPLETE
18,13.107570104277158,2026-10-02 11:15:04.655986,2026-10-02 11:15:04.863911,0 days 00:00:00.207925,True,squared_error,S2_original_DQ,9,0.49198120456418726,1,100,original,"[15.853053714204979, 18.506270230068026, 13.175837514279342, 4.89511895855629]",5.1022705132302875,,COMPLETE
19,17.482434588185107,2026-10-02 11:15:04.865542,2026-10-02 11:15:05.189793,0 days 00:00:00.324251,True,squared_error,S2_original_DQ,7,0.4115818268773635,4,200,original,"[25.247818911802206, 19.376308224547138, 17.177947415279625, 8.127663801111463]",6.154112445372113,,COMPLETE
20,15.316333615638554,2026-10-02 11:15:05.191604,2026-10-02 11:15:05.519151,0 days 00:00:00.327547,True,squared_error,S2_original_DQ,6,0.54312617990526,2,200,original,"[20.708202875551077, 18.670810094681272, 14.890265327593683, 6.99605616472818]",5.237683591308413,,COMPLETE
21,12.99576867027059,2026-10-02 11:15:05.520945,2026-10-02 11:15:05.727082,0 days 00:00:00.206137,True,squared_error,S2,9,0.47613520496520484,1,100,original,"[16.12084169919178, 18.04646995720827, 12.857757960772531, 4.95800506390978]",4.997508270969621,,COMPLETE
22,12.99576867027059,2026-10-02 11:15:05.728824,2026-10-02 11:15:05.932977,0 days 00:00:00.204153,True,squared_error,S2,9,0.4644544104237085,1,100,original,"[16.12084169919178, 18.04646995720827, 12.857757960772531, 4.95800506390978]",4.997508270969621,,COMPLETE
23,16.602276319545556,2026-10-02 11:15:05.934671,2026-10-02 11:15:06.149228,0 days 00:00:00.214557,True,squared_error,S2,9,0.4755199261091826,2,100,original,"[23.97110026687807, 19.44363655774188, 15.79851735597556, 7.195851097586714]",6.154261903303409,,COMPLETE
24,13.887211203909784,2026-10-02 11:15:06.151104,2026-10-02 11:15:06.366724,0 days 00:00:00.215620,True,squared_error,S2_original_DQ,10,0.6166521675254053,1,100,original,"[16.83889475315755, 18.00042785605693, 13.255276103326114, 7.454246103098547]",4.105282236399998,,COMPLETE
25,15.420556869476828,2026-10-02 11:15:06.368543,2026-10-02 11:15:06.577884,0 days 00:00:00.209341,True,squared_error,S2,8,0.5398820202954784,2,100,original,"[20.740038712109705, 19.04111407155086, 14.562383451680445, 7.338691242566299]",5.183105612324556,,COMPLETE
26,17.34888517152355,2026-10-02 11:15:06.579700,2026-10-02 11:15:06.782056,0 days 00:00:00.202356,True,squared_error,S2,9,0.46478340460380196,3,100,original,"[25.172826353818657, 19.664905353572582, 16.670571610844036, 7.8872373678589165]",6.25621478121686,,COMPLETE
27,13.793164144431993,2026-10-02 11:15:06.783709,2026-10-02 11:15:06.990953,0 days 00:00:00.207244,True,squared_error,S2_original_DQ,8,0.5294800925607985,1,100,original,"[16.510099160406213, 18.00042785605693, 13.249639798625951, 7.412489762638877]",4.064825583624029,,COMPLETE
28,17.09351697432497,2026-10-02 11:15:06.992796,2026-10-02 11:15:07.202057,0 days 00:00:00.209261,True,squared_error,S2,10,0.5852051270334248,5,100,original,"[24.359886115389614, 19.221156071744787, 16.74987951806107, 8.043146192104416]",5.902420406496494,,COMPLETE
29,15.154995037031403,2026-10-02 11:15:07.204032,2026-10-02 11:15:07.418279,0 days 00:00:00.214247,True,squared_error,S4_early,9,0.4504337313740893,2,100,original,"[18.10501323860778, 16.226935561782145, 14.713624260921254, 11.57440708681444]",2.3909768981254187,,COMPLETE
30,10.572950033089391,2026-10-02 11:15:07.420087,2026-10-02 11:15:07.626507,0 days 00:00:00.206420,True,squared_error,S1,8,0.7177503903252455,1,100,original,"[8.388460854644157, 11.849277827195726, 11.27708909842043, 10.776972352097253]",1.3170461778855072,,COMPLETE
31,10.572950033089391,2026-10-02 11:15:07.628303,2026-10-02 11:15:07.836954,0 days 00:00:00.208651,True,squared_error,S1,8,0.8015964408437141,1,100,original,"[8.388460854644157, 11.849277827195726, 11.27708909842043, 10.776972352097253]",1.3170461778855072,,COMPLETE
32,10.572950033089391,2026-10-02 11:15:07.838550,2026-10-02 11:15:08.045091,0 days 00:00:00.206541,True,squared_error,S1,8,0.8176576519667496,1,100,original,"[8.388460854644157, 11.849277827195726, 11.27708909842043, 10.776972352097253]",1.3170461778855072,,COMPLETE
33,14.134482176775363,2026-10-02 11:15:08.046957,2026-10-02 11:15:08.263751,0 days 00:00:00.216794,True,squared_error,S1,7,0.7990030982013677,2,100,original,"[18.32090784417233, 15.20730880681292, 13.96139494931866, 9.048317106797542]",3.338268681297575,,COMPLETE
34,14.134482176775363,2026-10-02 11:15:08.265558,2026-10-02 11:15:08.477953,0 days 00:00:00.212395,True,squared_error,S1,8,0.8675894014153347,2,100,original,"[18.32090784417233, 15.20730880681292, 13.96139494931866, 9.048317106797542]",3.338268681297575,,COMPLETE
