number,value,datetime_start,datetime_complete,duration,params_depth,params_feature_set,params_iterations,params_l2_leaf_reg,params_learning_rate,params_loss_function,params_random_strength,params_target_transform,user_attrs_fold_MAPE,user_attrs_fold_SD,system_attrs_fixed_params,state
0,11.826999102554728,2026-10-02 11:14:50.198033,2026-10-02 11:14:50.322452,0 days 00:00:00.124419,2,S1,400,6.332196864428522,0.14037768865340877,RMSE,1.2953659016678667,log,"[8.860597532151782, 11.949343198306412, 14.011230745081454, 12.486824934679264]",1.8722142206227492,"{'feature_set': 'S1', 'target_transform': 'log'}",COMPLETE
1,11.488012195605853,2026-10-02 11:14:50.324429,2026-10-02 11:14:50.368118,0 days 00:00:00.043689,2,S2,300,1.7262351011825574,0.027102962018602426,RMSE,2.9617060391804437,log,"[10.070242010477548, 16.202224114031743, 9.47594326803384, 10.20363938988028]",2.7355027500925506,"{'feature_set': 'S2', 'target_transform': 'log'}",COMPLETE
2,14.507415450143165,2026-10-02 11:14:50.369885,2026-10-02 11:14:50.431011,0 days 00:00:00.061126,5,S3,200,6.947422614602896,0.17785283640024546,MAE,1.3312760848584415,log,"[16.55430278648977, 15.955262476777971, 11.071767878041868, 14.44832865926305]",2.1268036033431366,"{'feature_set': 'S3', 'target_transform': 'log'}",COMPLETE
3,12.416385184302397,2026-10-02 11:14:50.432671,2026-10-02 11:14:50.473618,0 days 00:00:00.040947,2,S3,200,5.171980493801687,0.05357563307152711,MAE,0.6051739176013224,log,"[10.413366857590031, 16.32890339400561, 12.051930551265068, 10.87133993434888]",2.336657503911899,,COMPLETE
4,14.066699854945652,2026-10-02 11:14:50.475177,2026-10-02 11:14:50.517371,0 days 00:00:00.042194,1,S4_early,300,0.6835931152993209,0.01358851268212458,RMSE,1.788874307275703,original,"[13.801721166845768, 14.96397023666626, 14.716931748156286, 12.784176268114292]",0.8577552256890136,,COMPLETE
5,12.692628534947085,2026-10-02 11:14:50.518948,2026-10-02 11:14:50.555563,0 days 00:00:00.036615,2,S2_original_DQ,100,1.2303874630523437,0.01160739887474787,MAE,0.5684084219372156,log,"[13.662969053242158, 19.00850936093862, 10.948229523715492, 7.1508062018920695]",4.318177683094623,,COMPLETE
6,12.694608337616733,2026-10-02 11:14:50.557208,2026-10-02 11:14:50.621094,0 days 00:00:00.063886,3,S2,400,0.42258653486153996,0.07237259413596553,RMSE,1.172100209321087,log,"[13.865709025940504, 13.280711316751098, 10.898128954091328, 12.733884053684003]",1.1117412335664045,,COMPLETE
7,15.225792387126715,2026-10-02 11:14:50.623006,2026-10-02 11:14:50.660849,0 days 00:00:00.037843,1,S3,100,0.8763403464282676,0.01136804997171493,RMSE,0.9505411776160338,log,"[19.442364012519285, 17.404801832646267, 14.939199248071914, 9.116804455269396]",3.870704962105121,,COMPLETE
8,15.241762172824103,2026-10-02 11:14:50.662649,2026-10-02 11:14:50.783146,0 days 00:00:00.120497,5,S4_early,400,44.916307887212554,0.03516990679766779,RMSE,2.731382663432131,original,"[20.77681466949528, 16.897241885784016, 14.451031933250896, 8.84196020276622]",4.328976171933149,,COMPLETE
9,11.763322032508706,2026-10-02 11:14:50.784990,2026-10-02 11:14:50.829510,0 days 00:00:00.044520,2,S1,400,32.43956300689298,0.04149063258618271,MAE,2.392302759782274,log,"[7.591225578774188, 16.194670252975072, 10.864984744084394, 12.40240755420117]",3.092679908190672,,COMPLETE
10,13.62987539839234,2026-10-02 11:14:50.831349,2026-10-02 11:14:50.876323,0 days 00:00:00.044974,1,S3,400,0.6018341957214765,0.06530907001621639,RMSE,2.3301746399389613,original,"[13.98681290914466, 13.901704154731453, 15.595249480686924, 11.035735049006322]",1.6426772883788543,,COMPLETE
11,12.467929925168269,2026-10-02 11:14:50.877830,2026-10-02 11:14:50.939381,0 days 00:00:00.061551,4,S2_plus_ratio,400,45.7033192846413,0.07216301337535592,MAE,1.1802285021089296,original,"[11.218684469469355, 14.903893902598409, 9.443678519287502, 14.305462809317811]",2.2370269541416117,,COMPLETE
12,11.95105748311438,2026-10-02 11:14:50.941002,2026-10-02 11:14:51.008571,0 days 00:00:00.067569,3,S2,500,2.5589544205308155,0.025860515572087833,MAE,2.9802750116329615,log,"[8.354708896679618, 18.010626773311138, 10.130826045804685, 11.308068216662075]",3.653039173756228,,COMPLETE
13,11.467335572714925,2026-10-02 11:14:51.010342,2026-10-02 11:14:51.058173,0 days 00:00:00.047831,3,S1,300,0.1344877541033733,0.005969391295697698,MAE,2.306749098021637,log,"[10.2090758538505, 15.785483418637808, 10.14924885918234, 9.725534159189047]",2.5000421540404623,,COMPLETE
14,13.094505382899495,2026-10-02 11:14:51.059695,2026-10-02 11:14:51.115372,0 days 00:00:00.055677,3,S2,300,0.10061171752095686,0.005838750318586867,RMSE,2.0835423721901574,log,"[14.511864613196067, 17.7878177224627, 11.861998788208815, 8.216340407730389]",3.512536616724649,,COMPLETE
15,11.550590216207118,2026-10-02 11:14:51.116990,2026-10-02 11:14:51.170819,0 days 00:00:00.053829,4,S1,300,0.10381808428971706,0.005075506080590599,MAE,2.6791380473449204,log,"[10.575080350343955, 16.250278800085706, 10.098168794227238, 9.278832920171574]",2.7526851201577647,,COMPLETE
16,11.718045171097673,2026-10-02 11:14:51.172586,2026-10-02 11:14:51.224865,0 days 00:00:00.052279,4,S2_original_DQ,200,0.23053237188332307,0.019718886145614702,MAE,1.8173713642558424,log,"[9.438630622263672, 18.794428409803338, 11.257803678455504, 7.38131797386818]",4.30958105391957,,COMPLETE
17,13.790737735623777,2026-10-02 11:14:51.226360,2026-10-02 11:14:51.281808,0 days 00:00:00.055448,3,S2_plus_ratio,300,18.532380877933313,0.0077030779559205415,RMSE,0.03773988855722976,log,"[18.492216262395935, 17.30419910272284, 13.518152875872563, 5.848382701503773]",4.939727146046993,,COMPLETE
18,11.411177459960282,2026-10-02 11:14:51.283596,2026-10-02 11:14:51.333502,0 days 00:00:00.049906,2,S1,500,2.125656967999439,0.01997555933110717,RMSE,2.9341714143568947,original,"[8.649925567932002, 13.216118025373982, 12.125442205792158, 11.653224040742982]",1.691972453256299,,COMPLETE
19,11.309052145662333,2026-10-02 11:14:51.334999,2026-10-02 11:14:51.390648,0 days 00:00:00.055649,3,S1,500,0.2373520532743676,0.00804640381908716,MAE,2.3672217004318563,original,"[8.034737273490371, 15.087392379545001, 10.81765019946202, 11.29642873015194]",2.511903064832102,,COMPLETE
20,11.03678525043597,2026-10-02 11:14:51.392234,2026-10-02 11:14:51.452152,0 days 00:00:00.059918,4,S1,500,0.31821178420228013,0.01760536982516825,MAE,1.9040833938885124,original,"[7.890485122627451, 13.949327491637781, 11.430387584331735, 10.876940803146914]",2.1542156255589937,,COMPLETE
21,11.093173511750612,2026-10-02 11:14:51.453715,2026-10-02 11:14:51.514277,0 days 00:00:00.060562,4,S1,500,0.2998675429718759,0.016577047358923215,MAE,1.8143047451612055,original,"[7.855295670886171, 14.206545699140714, 11.490006660701917, 10.820846016273649]",2.2587927141768986,,COMPLETE
22,11.206785579853454,2026-10-02 11:14:51.515906,2026-10-02 11:14:51.576491,0 days 00:00:00.060585,4,S1,500,0.2836961543929442,0.015936696270453514,MAE,1.6673948518746844,original,"[7.868282608544458, 14.419710563197082, 11.646276293010468, 10.892872854661812]",2.3323905292650475,,COMPLETE
23,11.216095565612925,2026-10-02 11:14:51.578179,2026-10-02 11:14:51.638599,0 days 00:00:00.060420,4,S1,500,0.3254741238882738,0.01625042703220019,MAE,1.6399866661260296,original,"[7.974406489949787, 14.221133407183856, 11.426455810979233, 11.242386554338818]",2.2126761591716133,,COMPLETE
24,11.212718770368111,2026-10-02 11:14:51.640175,2026-10-02 11:14:51.707932,0 days 00:00:00.067757,5,S1,500,0.19895458669993119,0.01028358047804349,MAE,1.5408344449022344,original,"[8.361115410391315, 13.907716341101878, 11.543977916451494, 11.038065413527752]",1.9707162432610228,,COMPLETE
25,11.066831387299183,2026-10-02 11:14:51.709393,2026-10-02 11:14:51.769103,0 days 00:00:00.059710,4,S1,500,0.3814266962539065,0.017925605255419797,MAE,1.9739918279385091,original,"[7.963902767602981, 14.001764762722205, 11.359787458879408, 10.941870559992141]",2.1414620242569518,,COMPLETE
26,11.472441567898088,2026-10-02 11:14:51.770744,2026-10-02 11:14:51.831685,0 days 00:00:00.060941,4,S1,500,0.49796805307112507,0.025896482838622767,MAE,2.0127398821260742,original,"[7.973888086183316, 14.051961467754445, 12.979952822202357, 10.88396389545223]",2.31908902001383,,COMPLETE
27,11.229552471076572,2026-10-02 11:14:51.833346,2026-10-02 11:14:51.901441,0 days 00:00:00.068095,5,S1,500,0.1750545693171847,0.0198959297654637,MAE,2.0320596651984393,original,"[8.620599427619698, 13.221381644130886, 12.30756080382895, 10.768668008726747]",1.7427374939095224,,COMPLETE
28,11.606868172155675,2026-10-02 11:14:51.903033,2026-10-02 11:14:51.980596,0 days 00:00:00.077563,4,S2_plus_ratio,500,1.0424345466588658,0.03276633957601848,MAE,1.4662752258620761,original,"[11.614009668412207, 15.236052219566584, 10.639424601139826, 8.937986199504083]",2.3037961008949535,,COMPLETE
29,11.411079472048456,2026-10-02 11:14:51.982092,2026-10-02 11:14:52.042373,0 days 00:00:00.060281,5,S1,400,0.38347350921496026,0.008867482450466866,MAE,1.894475066290379,original,"[8.691154802503021, 14.696663432140095, 11.17926038717827, 11.077239266372436]",2.1423259286257754,,COMPLETE
30,15.728272436593407,2026-10-02 11:14:52.043877,2026-10-02 11:14:52.157134,0 days 00:00:00.113257,4,S4_early,500,0.6684329037742927,0.10208766635030486,MAE,2.213821093756919,original,"[15.700366304498425, 16.742562429729954, 15.298613295225245, 15.171547716920003]",0.617274722802193,,COMPLETE
31,11.118434230683189,2026-10-02 11:14:52.158725,2026-10-02 11:14:52.219099,0 days 00:00:00.060374,4,S1,500,0.3015479459660008,0.014941766163618952,MAE,1.823732866958781,original,"[7.884379807366989, 14.208017919864535, 11.578210219459741, 10.803128976041489]",2.2536329974558087,,COMPLETE
32,11.009248902394008,2026-10-02 11:14:52.220750,2026-10-02 11:14:52.281481,0 days 00:00:00.060731,4,S1,500,0.1612447425600956,0.014484919316844596,MAE,1.870589814500061,original,"[7.86031098434819, 14.140467837137438, 11.17892153331398, 10.857295254776425]",2.223298267310872,,COMPLETE
33,10.93170626904336,2026-10-02 11:14:52.283081,2026-10-02 11:14:52.345356,0 days 00:00:00.062275,5,S1,400,0.15700686593941174,0.02685615801244915,MAE,2.5682085077926136,original,"[8.09140056981609, 12.666366495919704, 12.114311871433955, 10.85474613900369]",1.7664131340226548,,COMPLETE
34,12.999966907105824,2026-10-02 11:14:52.347004,2026-10-02 11:14:52.421491,0 days 00:00:00.074487,5,S2_original_DQ,400,0.1536513245808497,0.0240814734552775,MAE,2.5823152349188,original,"[10.364920174631713, 16.93677523911051, 12.956427757768365, 11.741744456912704]",2.4508646697114376,,COMPLETE
