number,value,datetime_start,datetime_complete,duration,params_bootstrap,params_criterion,params_feature_set,params_max_depth,params_max_features,params_min_samples_leaf,params_n_estimators,params_target_transform,user_attrs_fold_MAPE,user_attrs_fold_SD,system_attrs_fixed_params,state
0,15.228347831657493,2026-10-02 11:15:19.804359,2026-10-02 11:15:20.000355,0 days 00:00:00.195996,False,absolute_error,S1,3,0.8723807297813102,5,100,log,"[15.370715947739178, 16.384249301491767, 19.689376032965313, 9.469050044433706]",3.6887213402216417,"{'feature_set': 'S1', 'target_transform': 'log'}",COMPLETE
1,17.160394320315444,2026-10-02 11:15:20.002422,2026-10-02 11:15:20.220790,0 days 00:00:00.218368,False,absolute_error,S2,3,0.512506076425871,7,200,log,"[16.19412867109666, 17.925443753523158, 23.63282427060813, 10.889180586033827]",4.548061155662921,"{'feature_set': 'S2', 'target_transform': 'log'}",COMPLETE
2,16.105056776369484,2026-10-02 11:15:20.222807,2026-10-02 11:15:20.425545,0 days 00:00:00.202738,True,squared_error,S3,1,0.44701097062147704,2,100,log,"[15.589528523270985, 16.17825733823111, 22.679608696674887, 9.972832547300957]",4.5027778828842475,"{'feature_set': 'S3', 'target_transform': 'log'}",COMPLETE
3,18.047261892714296,2026-10-02 11:15:20.427314,2026-10-02 11:15:20.626897,0 days 00:00:00.199583,True,absolute_error,S2,10,0.5034708539740833,7,100,log,"[19.257013774378812, 18.19940853091346, 23.165697591507445, 11.566927674057466]",4.173720277009496,,COMPLETE
4,18.32811305705582,2026-10-02 11:15:20.628522,2026-10-02 11:15:20.908213,0 days 00:00:00.279691,True,squared_error,S1,9,0.6559178687843411,8,200,log,"[18.576499801638974, 18.203988299396855, 24.706656187721496, 11.825307939465953]",4.556571896652783,,COMPLETE
5,16.0219716426056,2026-10-02 11:15:20.910003,2026-10-02 11:15:21.208370,0 days 00:00:00.298367,True,squared_error,S2_plus_ratio,1,0.4092198769251746,2,200,log,"[15.613855289149397, 16.724258429389437, 22.99497862348402, 8.754794228399547]",5.052090151951352,,COMPLETE
6,16.622922458720446,2026-10-02 11:15:21.210306,2026-10-02 11:15:21.364818,0 days 00:00:00.154512,False,squared_error,S1,8,0.8134363766725221,7,100,log,"[16.62431109569182, 17.052206436251232, 22.832719834224704, 9.982452468714033]",4.550871119760277,,COMPLETE
7,17.376078419901425,2026-10-02 11:15:21.366465,2026-10-02 11:15:21.587836,0 days 00:00:00.221371,False,squared_error,S2,9,0.7031332133586476,6,200,original,"[14.842099933260902, 17.95027044669603, 25.885414184510708, 10.826529115138053]",5.52395091181974,,COMPLETE
8,12.868763700719278,2026-10-02 11:15:21.589532,2026-10-02 11:15:21.785516,0 days 00:00:00.195984,True,squared_error,S4_early,6,0.920778503788463,2,100,original,"[8.956949567744658, 12.454736843594432, 18.629788424410847, 11.433579967127173]",3.5609993774751474,,COMPLETE
9,13.295637103279443,2026-10-02 11:15:21.787170,2026-10-02 11:15:21.937164,0 days 00:00:00.149994,False,absolute_error,S2_plus_ratio,2,0.9444268282532926,1,100,log,"[6.723095147676014, 14.212334778316224, 23.26598418593146, 8.981134301194073]",6.3651668824025185,,COMPLETE
10,17.065150272609003,2026-10-02 11:15:21.938997,2026-10-02 11:15:22.136393,0 days 00:00:00.197396,True,squared_error,S4_early,3,0.7638484119210336,6,100,original,"[14.673918051338356, 16.410131597622595, 24.385626256687715, 12.790925184787353]",4.416033563489443,,COMPLETE
11,18.158316427940164,2026-10-02 11:15:22.138181,2026-10-02 11:15:22.339807,0 days 00:00:00.201626,True,absolute_error,S3,10,0.47460263632451527,8,100,log,"[19.670636783838376, 18.132505266521132, 23.17407631414673, 11.656047347254422]",4.1750787270612815,,COMPLETE
12,11.202146116915245,2026-10-02 11:15:22.341537,2026-10-02 11:15:22.510954,0 days 00:00:00.169417,False,absolute_error,S2_plus_ratio,6,0.9936583969554426,1,100,original,"[2.847353522527798, 12.157066350760449, 21.532542752913198, 8.271621841459535]",6.819448275599562,,COMPLETE
13,14.31168992084903,2026-10-02 11:15:22.512703,2026-10-02 11:15:22.669274,0 days 00:00:00.156571,False,absolute_error,S2_original_DQ,6,0.998366116173755,3,100,original,"[11.200830568521871, 15.886716260953953, 19.797884776449994, 10.361328077470306]",3.8033487405584663,,COMPLETE
14,12.623819805106617,2026-10-02 11:15:22.671041,2026-10-02 11:15:22.828837,0 days 00:00:00.157796,False,absolute_error,S4_early,6,0.9105319259077264,3,100,original,"[6.320964006002873, 13.256904497447836, 18.11881492702591, 12.798595789949847]",4.193814060219147,,COMPLETE
15,14.950947693262098,2026-10-02 11:15:22.830493,2026-10-02 11:15:23.008088,0 days 00:00:00.177595,False,absolute_error,S2_plus_ratio,6,0.9971499475229544,4,100,original,"[10.522268022762168, 16.981399990174715, 22.91963399957752, 9.380488760533986]",5.437506651113321,,COMPLETE
16,12.062788283558978,2026-10-02 11:15:23.009861,2026-10-02 11:15:23.174745,0 days 00:00:00.164884,False,absolute_error,S4_early,5,0.854815719424933,1,100,original,"[4.784991454123962, 12.171611569720907, 20.0734014141637, 11.221148696227338]",5.428085507831606,,COMPLETE
17,10.935584286427993,2026-10-02 11:15:23.176383,2026-10-02 11:15:23.345240,0 days 00:00:00.168857,False,absolute_error,S2_original_DQ,5,0.8057995560511708,1,100,original,"[2.558005027078816, 12.280807962146536, 19.989744089509056, 8.913780066977562]",6.2860751472184075,,COMPLETE
18,11.844954905942064,2026-10-02 11:15:23.347007,2026-10-02 11:15:23.571860,0 days 00:00:00.224853,False,absolute_error,S2_original_DQ,4,0.6508544731496025,1,200,original,"[5.378357191245193, 12.408230996631966, 21.560682621863414, 8.032548814027688]",6.145404201874231,,COMPLETE
19,14.31168992084903,2026-10-02 11:15:23.573545,2026-10-02 11:15:23.740552,0 days 00:00:00.167007,False,absolute_error,S2_original_DQ,7,0.7593313181971179,3,100,original,"[11.200830568521871, 15.886716260953953, 19.797884776449994, 10.361328077470306]",3.8033487405584663,,COMPLETE
20,11.540543354046033,2026-10-02 11:15:23.742276,2026-10-02 11:15:23.911927,0 days 00:00:00.169651,False,absolute_error,S2_plus_ratio,5,0.5845197344864496,1,100,original,"[5.0909590295602625, 12.612391123566855, 22.03948802232866, 6.4193352407283575]",6.693291553623864,,COMPLETE
21,11.540543354046033,2026-10-02 11:15:23.913604,2026-10-02 11:15:24.078809,0 days 00:00:00.165205,False,absolute_error,S2_plus_ratio,5,0.5454640474510433,1,100,original,"[5.0909590295602625, 12.612391123566855, 22.03948802232866, 6.4193352407283575]",6.693291553623864,,COMPLETE
22,11.782689735562306,2026-10-02 11:15:24.080510,2026-10-02 11:15:24.258168,0 days 00:00:00.177658,False,absolute_error,S2_plus_ratio,5,0.5995918196822649,2,100,original,"[5.989642772201019, 13.697256261390434, 21.51498230276863, 5.928877605889142]",6.446114976571918,,COMPLETE
23,10.671155103363493,2026-10-02 11:15:24.259879,2026-10-02 11:15:24.438315,0 days 00:00:00.178436,False,absolute_error,S2_original_DQ,4,0.7899616330415686,1,100,original,"[2.607365427883614, 12.436802448088338, 19.74029777046872, 7.900154767013297]",6.286294736501607,,COMPLETE
24,11.222831702467275,2026-10-02 11:15:24.439948,2026-10-02 11:15:24.612662,0 days 00:00:00.172714,False,absolute_error,S2_original_DQ,4,0.7862800833038917,2,100,original,"[3.514976225397415, 13.581561728254876, 19.422914978074154, 8.371873878142653]",5.9233430095030215,,COMPLETE
25,11.380248049627278,2026-10-02 11:15:24.614418,2026-10-02 11:15:24.788588,0 days 00:00:00.174170,False,absolute_error,S2_original_DQ,7,0.7066863842132911,1,100,original,"[5.398605116117599, 12.042575973165908, 20.29530247603168, 7.78450863319393]",5.670676058437619,,COMPLETE
26,14.174370100478205,2026-10-02 11:15:24.790318,2026-10-02 11:15:25.032809,0 days 00:00:00.242491,False,absolute_error,S2_original_DQ,4,0.838799495768568,3,200,original,"[10.538565593006876, 15.464495984080513, 20.58247842211057, 10.111940402714865]",4.255898451653098,,COMPLETE
27,12.165604576924874,2026-10-02 11:15:25.034552,2026-10-02 11:15:25.218854,0 days 00:00:00.184302,False,absolute_error,S2_original_DQ,7,0.7206182854367852,2,100,original,"[6.905743326806362, 13.986899222733934, 20.064033917719037, 7.705741840440168]",5.321156270895312,,COMPLETE
28,15.53020183165672,2026-10-02 11:15:25.220632,2026-10-02 11:15:25.377774,0 days 00:00:00.157142,False,absolute_error,S2_original_DQ,4,0.8887368143359797,4,100,original,"[11.797054921290119, 18.32846959688304, 21.56154124296999, 10.433741565483738]",4.585783757424272,,COMPLETE
29,12.958601586269314,2026-10-02 11:15:25.379468,2026-10-02 11:15:25.533322,0 days 00:00:00.153854,False,absolute_error,S3,2,0.9453649840451555,1,100,original,"[5.843326518338017, 14.316295695845959, 21.997372531425405, 9.677411599467877]",6.019469671739941,,COMPLETE
30,14.687979255711952,2026-10-02 11:15:25.534902,2026-10-02 11:15:25.693796,0 days 00:00:00.158894,False,absolute_error,S1,3,0.8104612586345333,4,100,original,"[14.664569109699919, 16.139530283700076, 18.477250404201964, 9.470567225245842]",3.3048264914447847,,COMPLETE
31,11.222831702467275,2026-10-02 11:15:25.695490,2026-10-02 11:15:25.865175,0 days 00:00:00.169685,False,absolute_error,S2_original_DQ,4,0.771990117861838,2,100,original,"[3.514976225397415, 13.581561728254876, 19.422914978074154, 8.371873878142653]",5.9233430095030215,,COMPLETE
32,11.222831702467275,2026-10-02 11:15:25.866879,2026-10-02 11:15:26.029396,0 days 00:00:00.162517,False,absolute_error,S2_original_DQ,4,0.8028503553398892,2,100,original,"[3.514976225397415, 13.581561728254876, 19.422914978074154, 8.371873878142653]",5.9233430095030215,,COMPLETE
33,10.935584286427993,2026-10-02 11:15:26.031196,2026-10-02 11:15:26.190020,0 days 00:00:00.158824,False,absolute_error,S2_original_DQ,5,0.8618009932488746,1,100,original,"[2.558005027078816, 12.280807962146536, 19.989744089509056, 8.913780066977562]",6.2860751472184075,,COMPLETE
34,10.935584286427993,2026-10-02 11:15:26.191731,2026-10-02 11:15:26.358594,0 days 00:00:00.166863,False,absolute_error,S2_original_DQ,5,0.8717831219360229,1,100,original,"[2.558005027078816, 12.280807962146536, 19.989744089509056, 8.913780066977562]",6.2860751472184075,,COMPLETE
