number,value,datetime_start,datetime_complete,duration,params_bootstrap,params_criterion,params_feature_set,params_max_depth,params_max_features,params_min_samples_leaf,params_n_estimators,params_target_transform,user_attrs_fold_MAPE,user_attrs_fold_SD,system_attrs_fixed_params,state
0,17.943553882894435,2026-10-02 11:15:59.179659,2026-10-02 11:15:59.488016,0 days 00:00:00.308357,True,absolute_error,S1,9,0.9642795834410537,4,200,log,"[17.3665172304132, 28.51545087825098, 15.699235224680185, 10.193012198233369]",6.655934194837207,"{'feature_set': 'S1', 'target_transform': 'log'}",COMPLETE
1,20.51912535327055,2026-10-02 11:15:59.490231,2026-10-02 11:15:59.639037,0 days 00:00:00.148806,False,absolute_error,S2,3,0.4467218366811769,6,100,log,"[20.335631416225173, 32.64568265169783, 18.01421140781875, 11.080975937340439]",7.7852475909330145,"{'feature_set': 'S2', 'target_transform': 'log'}",COMPLETE
2,21.549955869683178,2026-10-02 11:15:59.640937,2026-10-02 11:15:59.844366,0 days 00:00:00.203429,True,absolute_error,S3,7,0.7364234857449854,8,100,log,"[22.72594419979379, 32.73199709371806, 18.291294243337774, 12.45058794188309]",7.413473658971629,"{'feature_set': 'S3', 'target_transform': 'log'}",COMPLETE
3,11.660724862951493,2026-10-02 11:15:59.846534,2026-10-02 11:15:59.998766,0 days 00:00:00.152232,False,squared_error,S2_original_DQ,10,0.846542772279987,1,100,original,"[4.079568578286559, 23.91625339390725, 11.167004204813628, 7.480073274798533]",7.506555767717029,,COMPLETE
4,16.018041828100305,2026-10-02 11:16:00.000535,2026-10-02 11:16:00.226218,0 days 00:00:00.225683,False,absolute_error,S1,9,0.781110913472702,4,200,log,"[17.237027885033008, 22.737407915978398, 14.805043816645892, 9.292687694743917]",4.830568290190314,,COMPLETE
5,20.98439295317896,2026-10-02 11:16:00.228027,2026-10-02 11:16:00.427766,0 days 00:00:00.199739,True,absolute_error,S2_plus_ratio,3,0.9283354258161739,7,100,log,"[21.836137539299205, 32.624600177821236, 18.181951731540142, 11.294882364055264]",7.71297908285249,,COMPLETE
6,14.71522166248728,2026-10-02 11:16:00.429524,2026-10-02 11:16:00.629154,0 days 00:00:00.199630,True,absolute_error,S2,6,0.861559040661635,2,100,log,"[10.51388175005601, 26.046937409524272, 13.079537145825897, 9.220530344542945]",6.688163711905024,,COMPLETE
7,21.58395172761238,2026-10-02 11:16:00.630841,2026-10-02 11:16:00.830562,0 days 00:00:00.199721,True,absolute_error,S1,8,0.5336348349698491,8,100,original,"[22.69677693872903, 32.83269843896939, 18.24604685356781, 12.560284679183296]",7.421941431927317,,COMPLETE
8,19.713053562014544,2026-10-02 11:16:00.832221,2026-10-02 11:16:01.152808,0 days 00:00:00.320587,True,absolute_error,S2,10,0.47873917153637724,3,200,log,"[19.201542007377412, 31.866721411716693, 17.56576220814493, 10.218188620819141]",7.7900033164523705,,COMPLETE
9,17.80458293967405,2026-10-02 11:16:01.154699,2026-10-02 11:16:01.480169,0 days 00:00:00.325470,True,absolute_error,S4_early,1,0.6966479358024661,5,200,log,"[15.507470421643093, 28.439060417723756, 14.916463331430457, 12.355337587898891]",6.253086176581234,,COMPLETE
10,19.435724086516903,2026-10-02 11:16:01.483094,2026-10-02 11:16:01.691315,0 days 00:00:00.208221,True,squared_error,S2_original_DQ,8,0.5953253471811972,4,100,log,"[18.19641571952524, 32.57261367837998, 17.140562162652397, 9.83330478551]",8.239963259420568,,COMPLETE
11,18.75984763146967,2026-10-02 11:16:01.693584,2026-10-02 11:16:01.919280,0 days 00:00:00.225696,False,squared_error,S3,5,0.4556419908116913,6,200,original,"[14.494899581706031, 32.834474322910154, 16.170084777622616, 11.539931843639879]",8.293355080923394,,COMPLETE
12,11.684364370339388,2026-10-02 11:16:01.921038,2026-10-02 11:16:02.079184,0 days 00:00:00.158146,False,squared_error,S2_original_DQ,6,0.8645895454665766,1,100,original,"[4.022553028725978, 23.16363013843, 11.15375342421321, 8.397520889988353]",7.098622818008573,,COMPLETE
13,11.609978761440349,2026-10-02 11:16:02.080939,2026-10-02 11:16:02.254562,0 days 00:00:00.173623,False,squared_error,S2_original_DQ,5,0.8293491465775175,1,100,original,"[3.1370335295118505, 23.526574028245626, 11.228054353926474, 8.54825313407744]",7.471881853429085,,COMPLETE
14,11.827747804435015,2026-10-02 11:16:02.256737,2026-10-02 11:16:02.425400,0 days 00:00:00.168663,False,squared_error,S2_original_DQ,4,0.8351812625629857,1,100,original,"[2.6881416588404474, 24.58335695689199, 11.621886492807029, 8.417606109200596]",8.029779116016137,,COMPLETE
15,15.036568372889285,2026-10-02 11:16:02.430392,2026-10-02 11:16:02.602468,0 days 00:00:00.172076,False,squared_error,S2_original_DQ,2,0.6790612483450039,2,100,original,"[6.946015559722101, 29.168319119782595, 14.202231156481277, 9.829707655571168]",8.558196964244294,,COMPLETE
16,11.815352215462049,2026-10-02 11:16:02.604235,2026-10-02 11:16:02.778547,0 days 00:00:00.174312,False,squared_error,S2_original_DQ,10,0.7965681370605175,2,100,original,"[2.6221456694819594, 24.021410025511763, 11.671641674217575, 8.946211492636898]",7.774244578516378,,COMPLETE
17,10.922210237981275,2026-10-02 11:16:02.780361,2026-10-02 11:16:02.948494,0 days 00:00:00.168133,False,squared_error,S4_early,5,0.9177353512821225,1,100,original,"[3.1060745446507285, 18.816639932402918, 9.877629230638407, 11.888497244233049]",5.599974496282872,,COMPLETE
18,12.034377856388067,2026-10-02 11:16:02.950219,2026-10-02 11:16:03.107322,0 days 00:00:00.157103,False,squared_error,S4_early,5,0.9992058279649834,3,100,original,"[6.667442715400555, 19.259314851029842, 9.540576921183474, 12.670176937938402]",4.680464479104545,,COMPLETE
19,10.984159811523147,2026-10-02 11:16:03.109089,2026-10-02 11:16:03.265264,0 days 00:00:00.156175,False,squared_error,S4_early,4,0.9186854210025075,1,100,original,"[3.4172744729573314, 18.666066215855594, 9.35459958507901, 12.498698972200657]",5.504969008376899,,COMPLETE
20,11.91659906110157,2026-10-02 11:16:03.266976,2026-10-02 11:16:03.457825,0 days 00:00:00.190849,False,squared_error,S4_early,3,0.9136324367781614,3,100,original,"[6.584201509523853, 19.05113211349315, 9.557593109406138, 12.473469511983131]",4.6154912875808645,,COMPLETE
21,11.1626765626334,2026-10-02 11:16:03.459989,2026-10-02 11:16:03.635932,0 days 00:00:00.175943,False,squared_error,S4_early,5,0.909056802166951,1,100,original,"[3.0403137185031714, 19.24212910048467, 9.86438027854697, 12.503883152998787]",5.803764723057156,,COMPLETE
22,10.454661333695475,2026-10-02 11:16:03.637849,2026-10-02 11:16:03.804183,0 days 00:00:00.166334,False,squared_error,S4_early,4,0.9147029961567935,2,100,original,"[3.053751749614544, 17.804807939288064, 9.185837709533228, 11.774247936346061]",5.2950292725010595,,COMPLETE
23,10.454661333695475,2026-10-02 11:16:03.806061,2026-10-02 11:16:04.004062,0 days 00:00:00.198001,False,squared_error,S4_early,4,0.9976414738306288,2,100,original,"[3.053751749614544, 17.804807939288064, 9.185837709533228, 11.774247936346061]",5.2950292725010595,,COMPLETE
24,10.454661333695475,2026-10-02 11:16:04.005831,2026-10-02 11:16:04.191273,0 days 00:00:00.185442,False,squared_error,S4_early,4,0.9981966003438721,2,100,original,"[3.053751749614544, 17.804807939288064, 9.185837709533228, 11.774247936346061]",5.2950292725010595,,COMPLETE
25,11.883102551196766,2026-10-02 11:16:04.193545,2026-10-02 11:16:04.355915,0 days 00:00:00.162370,False,squared_error,S4_early,2,0.9874532924007968,2,100,original,"[3.9584089879056608, 21.360391158335137, 10.26079824829598, 11.95281181025029]",6.230098274647649,,COMPLETE
26,15.012673342872034,2026-10-02 11:16:04.357754,2026-10-02 11:16:04.592832,0 days 00:00:00.235078,False,squared_error,S2_plus_ratio,4,0.9685026484461557,3,200,original,"[11.25010376285913, 28.672030677128024, 11.77667738196202, 8.351881549538957]",7.993322053478306,,COMPLETE
27,11.883102551196766,2026-10-02 11:16:04.594656,2026-10-02 11:16:04.754272,0 days 00:00:00.159616,False,squared_error,S4_early,2,0.9574758714475334,2,100,original,"[3.9584089879056608, 21.360391158335137, 10.26079824829598, 11.95281181025029]",6.230098274647649,,COMPLETE
28,12.034377856388067,2026-10-02 11:16:04.756135,2026-10-02 11:16:04.917209,0 days 00:00:00.161074,False,squared_error,S4_early,6,0.9996579334429536,3,100,original,"[6.667442715400555, 19.259314851029842, 9.540576921183474, 12.670176937938402]",4.680464479104545,,COMPLETE
29,12.76265229289108,2026-10-02 11:16:04.919000,2026-10-02 11:16:05.145496,0 days 00:00:00.226496,False,squared_error,S4_early,4,0.887243135912478,4,200,original,"[7.273805795604203, 20.900099639278046, 10.714603305541148, 12.162100431140924]",5.022465838092763,,COMPLETE
30,14.540176486417085,2026-10-02 11:16:05.147228,2026-10-02 11:16:05.302543,0 days 00:00:00.155315,False,squared_error,S4_early,1,0.950193823619398,2,100,original,"[7.310824788191732, 27.35612116392519, 12.12807364272244, 11.365686350828973]",7.622460096699231,,COMPLETE
31,10.595354480510863,2026-10-02 11:16:05.304291,2026-10-02 11:16:05.466080,0 days 00:00:00.161789,False,squared_error,S4_early,3,0.9479417138946009,2,100,original,"[2.893325715408672, 18.83880667069786, 9.233193984096243, 11.416091551840678]",5.696596388823065,,COMPLETE
32,10.595354480510863,2026-10-02 11:16:05.468247,2026-10-02 11:16:05.669113,0 days 00:00:00.200866,False,squared_error,S4_early,3,0.9494989427322901,2,100,original,"[2.893325715408672, 18.83880667069786, 9.233193984096243, 11.416091551840678]",5.696596388823065,,COMPLETE
33,13.23362549021493,2026-10-02 11:16:05.671313,2026-10-02 11:16:05.838779,0 days 00:00:00.167466,False,squared_error,S3,3,0.8833842098596494,3,100,original,"[9.522447622868183, 22.047344632988242, 10.581569106583757, 10.78314059841954]",5.111085147932124,,COMPLETE
34,10.454661333695475,2026-10-02 11:16:05.840624,2026-10-02 11:16:06.019643,0 days 00:00:00.179019,False,squared_error,S4_early,4,0.9502311331844102,2,100,original,"[3.053751749614544, 17.804807939288064, 9.185837709533228, 11.774247936346061]",5.2950292725010595,,COMPLETE
