number,value,datetime_start,datetime_complete,duration,params_bootstrap,params_criterion,params_feature_set,params_max_depth,params_max_features,params_min_samples_leaf,params_n_estimators,params_target_transform,user_attrs_fold_MAPE,user_attrs_fold_SD,system_attrs_fixed_params,state
0,14.073583593711923,2026-10-02 11:15:11.910806,2026-10-02 11:15:12.058625,0 days 00:00:00.147819,False,squared_error,S1,1,0.5488540674691545,7,100,log,"[11.961748126297014, 11.66047777676674, 18.569210103297102, 14.10289836848683]",2.76108881579855,"{'feature_set': 'S1', 'target_transform': 'log'}",COMPLETE
1,17.079878413594276,2026-10-02 11:15:12.060510,2026-10-02 11:15:12.258213,0 days 00:00:00.197703,True,absolute_error,S2,7,0.4570916474417671,5,100,log,"[16.977992131953343, 17.181109369797504, 23.88343121575675, 10.276980936869508]",4.811142622379883,"{'feature_set': 'S2', 'target_transform': 'log'}",COMPLETE
2,17.452449015871473,2026-10-02 11:15:12.260251,2026-10-02 11:15:12.465062,0 days 00:00:00.204811,True,absolute_error,S3,10,0.41013199513283793,7,100,log,"[17.956168426499968, 17.212470433506784, 22.434419150441023, 12.206738053038109]",3.6279757748629873,"{'feature_set': 'S3', 'target_transform': 'log'}",COMPLETE
3,14.600234355125618,2026-10-02 11:15:12.466923,2026-10-02 11:15:12.773956,0 days 00:00:00.307033,True,squared_error,S3,2,0.7919406832172635,6,200,log,"[12.605634249616656, 13.050636877643212, 19.336453716555436, 13.408212576687163]",2.7491985960898884,,COMPLETE
4,13.466608023719331,2026-10-02 11:15:12.775767,2026-10-02 11:15:12.974743,0 days 00:00:00.198976,True,squared_error,S1,10,0.8107867895198586,6,100,log,"[11.397252526753872, 11.143265274120756, 19.171497862928632, 12.154416431074072]",3.3146556592750267,,COMPLETE
5,11.515107072958298,2026-10-02 11:15:12.976416,2026-10-02 11:15:13.193022,0 days 00:00:00.216606,False,absolute_error,S4_early,2,0.5044223454986744,5,200,log,"[10.605854915022617, 7.815398674203769, 17.985606388612382, 9.65356831399443]",3.8680508550021093,,COMPLETE
6,12.006429086824248,2026-10-02 11:15:13.194713,2026-10-02 11:15:13.397618,0 days 00:00:00.202905,True,squared_error,S4_early,5,0.8695408873670967,4,100,log,"[10.569666153381972, 10.860382246711623, 16.42215012794303, 10.173517819260368]",2.5610479844385754,,COMPLETE
7,13.104755375617811,2026-10-02 11:15:13.399433,2026-10-02 11:15:13.716554,0 days 00:00:00.317121,True,absolute_error,S1,6,0.9531617583645045,5,200,original,"[11.494066184927767, 10.435877043265878, 18.432379501568022, 12.05669877270958]",3.130464529914437,,COMPLETE
8,15.411203214230861,2026-10-02 11:15:13.718426,2026-10-02 11:15:13.923424,0 days 00:00:00.204998,True,squared_error,S4_early,10,0.5456206500142167,7,100,original,"[12.000189313073943, 14.873199789310409, 22.558455787585963, 12.21296796695313]",4.278913167013695,,COMPLETE
9,11.488528909529155,2026-10-02 11:15:13.925185,2026-10-02 11:15:14.168884,0 days 00:00:00.243699,False,absolute_error,S4_early,10,0.4602078634591823,2,200,original,"[5.773787938947451, 12.257456122232057, 15.987055602377682, 11.935815974559434]",3.6635475138209372,,COMPLETE
10,15.334962816407058,2026-10-02 11:15:14.170480,2026-10-02 11:15:14.395320,0 days 00:00:00.224840,False,squared_error,S2,6,0.7148507975858431,8,200,log,"[14.35259948127279, 15.070892257912943, 20.84209020200813, 11.07426932443437]",3.5184063173493487,,COMPLETE
11,15.72184392663487,2026-10-02 11:15:14.397305,2026-10-02 11:15:14.551407,0 days 00:00:00.154102,False,absolute_error,S2_original_DQ,1,0.8243650432916282,2,100,log,"[12.136053606220852, 13.494505545364305, 27.20847164486108, 10.048344910093244]",6.744444675332383,,COMPLETE
12,10.978583838238304,2026-10-02 11:15:14.553065,2026-10-02 11:15:14.784854,0 days 00:00:00.231789,False,absolute_error,S4_early,3,0.584100765661939,1,200,original,"[4.972969030993854, 12.061251106126484, 15.182721280561069, 11.69739393527181]",3.7226011475676444,,COMPLETE
13,11.004186388404092,2026-10-02 11:15:14.786542,2026-10-02 11:15:15.014157,0 days 00:00:00.227615,False,absolute_error,S2_plus_ratio,4,0.6456278418798164,1,200,original,"[6.173743677840814, 10.250319204118727, 20.351729951023913, 7.240952720632913]",5.5999997947521845,,COMPLETE
14,11.004186388404092,2026-10-02 11:15:15.015914,2026-10-02 11:15:15.250307,0 days 00:00:00.234393,False,absolute_error,S2_plus_ratio,4,0.6317533687934578,1,200,original,"[6.173743677840814, 10.250319204118727, 20.351729951023913, 7.240952720632913]",5.5999997947521845,,COMPLETE
15,10.347330900988414,2026-10-02 11:15:15.252680,2026-10-02 11:15:15.478566,0 days 00:00:00.225886,False,absolute_error,S2_plus_ratio,3,0.6434687893793221,1,200,original,"[4.984958059281448, 9.25580444057354, 19.205204121975942, 7.94335698212272]",5.342927126326371,,COMPLETE
16,10.931005736678985,2026-10-02 11:15:15.480382,2026-10-02 11:15:15.699891,0 days 00:00:00.219509,False,absolute_error,S2_plus_ratio,3,0.6292848660259225,3,200,original,"[7.396042528791957, 8.242053768245805, 18.6233427439572, 9.462583905720985]",4.50152026755494,,COMPLETE
17,10.931005736678985,2026-10-02 11:15:15.701841,2026-10-02 11:15:15.922831,0 days 00:00:00.220990,False,absolute_error,S2_plus_ratio,3,0.66900658650173,3,200,original,"[7.396042528791957, 8.242053768245805, 18.6233427439572, 9.462583905720985]",4.50152026755494,,COMPLETE
18,10.638682104626003,2026-10-02 11:15:15.924575,2026-10-02 11:15:16.146990,0 days 00:00:00.222415,False,absolute_error,S2_plus_ratio,8,0.7216939287533756,3,200,original,"[5.686514715004263, 8.346280506696708, 18.730099593223187, 9.791833603579857]",4.898143941829452,,COMPLETE
19,10.638682104626003,2026-10-02 11:15:16.148813,2026-10-02 11:15:16.371493,0 days 00:00:00.222680,False,absolute_error,S2_plus_ratio,8,0.7177973411139001,3,200,original,"[5.686514715004263, 8.346280506696708, 18.730099593223187, 9.791833603579857]",4.898143941829452,,COMPLETE
20,9.859478666247469,2026-10-02 11:15:16.373261,2026-10-02 11:15:16.597631,0 days 00:00:00.224370,False,absolute_error,S2_original_DQ,8,0.7428739208555802,2,200,original,"[5.227778566192209, 9.591355514150264, 15.70388242084644, 8.914898163800961]",3.760778623301134,,COMPLETE
21,9.859478666247469,2026-10-02 11:15:16.599319,2026-10-02 11:15:16.822580,0 days 00:00:00.223261,False,absolute_error,S2_original_DQ,8,0.7197229462085791,2,200,original,"[5.227778566192209, 9.591355514150264, 15.70388242084644, 8.914898163800961]",3.760778623301134,,COMPLETE
22,10.307681869013821,2026-10-02 11:15:16.824239,2026-10-02 11:15:17.064796,0 days 00:00:00.240557,False,absolute_error,S2_original_DQ,8,0.7638738526136455,2,200,original,"[7.362955022833975, 9.109182808372978, 15.66138946251034, 9.09720018233799]",3.171563774678397,,COMPLETE
23,10.307681869013821,2026-10-02 11:15:17.066605,2026-10-02 11:15:17.289191,0 days 00:00:00.222586,False,absolute_error,S2_original_DQ,8,0.8940402339967711,2,200,original,"[7.362955022833975, 9.109182808372978, 15.66138946251034, 9.09720018233799]",3.171563774678397,,COMPLETE
24,10.307681869013821,2026-10-02 11:15:17.291161,2026-10-02 11:15:17.513875,0 days 00:00:00.222714,False,absolute_error,S2_original_DQ,9,0.7630571481669912,2,200,original,"[7.362955022833975, 9.109182808372978, 15.66138946251034, 9.09720018233799]",3.171563774678397,,COMPLETE
25,11.199110134698763,2026-10-02 11:15:17.515588,2026-10-02 11:15:17.739459,0 days 00:00:00.223871,False,absolute_error,S2_original_DQ,7,0.8847358348010994,4,200,original,"[9.783104505067865, 10.053077180182324, 14.881290128513324, 10.078968725031547]",2.129062573087246,,COMPLETE
26,10.307681869013821,2026-10-02 11:15:17.741116,2026-10-02 11:15:17.967358,0 days 00:00:00.226242,False,absolute_error,S2_original_DQ,9,0.7589533457039482,2,200,original,"[7.362955022833975, 9.109182808372978, 15.66138946251034, 9.09720018233799]",3.171563774678397,,COMPLETE
27,11.829092513650842,2026-10-02 11:15:17.969264,2026-10-02 11:15:18.201086,0 days 00:00:00.231822,False,absolute_error,S2_original_DQ,7,0.6944346492314211,4,200,original,"[9.413422480537347, 10.715773352070114, 16.62710664582457, 10.560067576171335]",2.815417605298947,,COMPLETE
28,10.692858035421695,2026-10-02 11:15:18.203014,2026-10-02 11:15:18.439249,0 days 00:00:00.236235,False,absolute_error,S2_original_DQ,9,0.849634880822556,3,200,original,"[8.09223726855102, 10.164075379606691, 14.90579856081588, 9.609320932713189]",2.547830449305073,,COMPLETE
29,10.168462701312489,2026-10-02 11:15:18.441133,2026-10-02 11:15:18.665564,0 days 00:00:00.224431,False,squared_error,S2_original_DQ,6,0.9799950428670551,2,200,original,"[6.295907815694688, 8.171004458099212, 15.705953783056826, 10.50098474839923]",3.5270702845173,,COMPLETE
30,12.935869798784307,2026-10-02 11:15:18.667355,2026-10-02 11:15:18.894645,0 days 00:00:00.227290,False,squared_error,S2_original_DQ,6,0.9764836712653449,1,200,original,"[6.747539266273519, 13.897066337317721, 17.44261462874133, 13.656258962804657]",3.8745658813367783,,COMPLETE
31,10.182006944770137,2026-10-02 11:15:18.897893,2026-10-02 11:15:19.122658,0 days 00:00:00.224765,False,squared_error,S2_original_DQ,8,0.923644471677333,2,200,original,"[6.288363883840042, 8.2041948983369, 15.734484248504376, 10.50098474839923]",3.535673479856327,,COMPLETE
32,10.182006944770137,2026-10-02 11:15:19.124417,2026-10-02 11:15:19.347410,0 days 00:00:00.222993,False,squared_error,S2_original_DQ,7,0.9212562946202139,2,200,original,"[6.288363883840042, 8.2041948983369, 15.734484248504376, 10.50098474839923]",3.535673479856327,,COMPLETE
33,11.538118556178016,2026-10-02 11:15:19.349148,2026-10-02 11:15:19.574825,0 days 00:00:00.225677,False,squared_error,S2_original_DQ,7,0.934518993803521,3,200,original,"[11.040467787578052, 8.89234293371006, 15.700704080529537, 10.518959422894412]",2.5304934557527536,,COMPLETE
34,14.407258047035842,2026-10-02 11:15:19.576507,2026-10-02 11:15:19.736907,0 days 00:00:00.160400,False,squared_error,S3,5,0.999229507998024,1,100,original,"[7.629680521598095, 18.81271634578576, 18.388015831159795, 12.798619489599714]",4.576509873246124,,COMPLETE
